12:30:21.844 [main                     ] DEBUG Logger               - Configured Logger
12:30:21.884 [main                     ] DEBUG GameApplication      - Logging settings
Title: Space Invaders
Version: 1.0 Beta
Width: 1280
Height: 800
Fullscreen: false
Intro: false
Profiling: false
Single step:false
App Mode: DEVELOPER
Menu Key: ESCAPE
Stage Style: DECORATED
Scene Factory: class com.is413.spaceinvaders.SpaceInvaders$1

12:30:22.347 [JavaFX Application Thread] DEBUG FXGLApplication      - Initializing FXGL
12:30:22.358 [JavaFX Application Thread] INFO  Engine               - FXGL-17.2 (20.08.2022 16.50) on WINDOWS (J:17.0.6 FX:17.0.2-ea)
12:30:22.358 [JavaFX Application Thread] DEBUG Engine               - JRE Vendor Name: Oracle Corporation
12:30:22.359 [JavaFX Application Thread] DEBUG Engine               - Running on OS: Windows 10 version 10.0
12:30:22.359 [JavaFX Application Thread] DEBUG Engine               - Architecture: amd64
12:30:22.359 [JavaFX Application Thread] INFO  Engine               - Source code and latest versions at: https://github.com/AlmasB/FXGL
12:30:22.360 [JavaFX Application Thread] INFO  Engine               -       Ask questions and discuss at: https://github.com/AlmasB/FXGL/discussions
12:30:22.360 [JavaFX Application Thread] INFO  Engine               -              Join the FXGL chat at: https://gitter.im/AlmasB/FXGL
12:30:22.559 [JavaFX Application Thread] DEBUG PrimaryStageWindow   - Creating a JavaFX scene
12:30:22.640 [JavaFX Application Thread] DEBUG PrimaryStageWindow   - Target settings size: 1280.0 x 800.0
12:30:22.641 [JavaFX Application Thread] DEBUG PrimaryStageWindow   - Scaled scene size:    1280.0 x 800.0
12:30:22.641 [JavaFX Application Thread] DEBUG PrimaryStageWindow   - Scaled ratio: (1.0, 1.0)
12:30:22.643 [JavaFX Application Thread] DEBUG PrimaryStageWindow   - Set initial scene to SpaceInvadersScene
12:30:22.654 [JavaFX Application Thread] DEBUG PrimaryStageWindow   - Opening main window
12:30:22.820 [JavaFX Application Thread] DEBUG PrimaryStageWindow   - Window border size: (12.4444580078125, 35.111083984375)
12:30:22.821 [JavaFX Application Thread] DEBUG PrimaryStageWindow   - Scaled size: 1280.0 x 800.0
12:30:22.822 [JavaFX Application Thread] DEBUG PrimaryStageWindow   - Scaled ratio: (1.0, 1.0)
12:30:22.823 [JavaFX Application Thread] DEBUG PrimaryStageWindow   - Scene size: 1280.0 x 800.0
12:30:22.823 [JavaFX Application Thread] DEBUG PrimaryStageWindow   - Stage size: 1292.4444580078125 x 835.111083984375
12:30:22.853 [FXGL Background Thread 1 ] DEBUG Engine               - Initializing environment variables
12:30:22.942 [FXGL Background Thread 1 ] DEBUG FXGLAssetLoaderServi - User app class for loading assets: class com.is413.spaceinvaders.SpaceInvaders
12:30:22.942 [FXGL Background Thread 1 ] DEBUG GameApplicationServi - Applying CSS: fxgl_dark.css
12:30:22.944 [FXGL Background Thread 1 ] DEBUG FXGLAssetLoaderServi - Loading from file system: jar:file:///C:/Users/admin/.m2/repository/com/github/almasb/fxgl/17.2/fxgl-17.2.jar!/fxglassets/ui/css/fxgl_dark.css
12:30:23.042 [FXGL Background Thread 1 ] DEBUG GameApplicationServi - Initializing application scenes
12:30:23.059 [FXGL Background Thread 1 ] DEBUG GameWorld            - Game world initialized
12:30:23.215 [FXGL Background Thread 1 ] DEBUG PhysicsWorld         - Physics world initialized: appHeight=800, physics.ppm=50.0
12:30:23.215 [FXGL Background Thread 1 ] DEBUG PhysicsWorld         - Using strategy: BRUTE_FORCE
12:30:23.226 [FXGL Background Thread 1 ] DEBUG GameScene            - Game scene initialized: 1280x800
12:30:23.245 [FXGL Background Thread 1 ] DEBUG FXGL.DefaultMenu     - createMenuBodyMainMenu()
12:30:23.266 [FXGL Background Thread 1 ] DEBUG FXGL.DefaultMenu     - createOptionsMenu()
12:30:23.278 [FXGL Background Thread 1 ] DEBUG FXGLAssetLoaderServi - Loading from file system: jar:file:///C:/Users/admin/.m2/repository/com/github/almasb/fxgl/17.2/fxgl-17.2.jar!/fxglassets/textures/particles/smoke.png
12:30:23.377 [FXGL Background Thread 1 ] DEBUG FXGLAssetLoaderServi - Loading from file system: jar:file:///C:/Users/admin/.m2/repository/com/github/almasb/fxgl/17.2/fxgl-17.2.jar!/fxglassets/textures/particles/trace_horizontal.png
12:30:23.424 [FXGL Background Thread 1 ] DEBUG FXGL.DefaultMenu     - createMenuBodyGameMenu()
12:30:23.427 [FXGL Background Thread 1 ] DEBUG FXGL.DefaultMenu     - createOptionsMenu()
12:30:23.459 [FXGL Background Thread 1 ] DEBUG GameApplicationServi - Application scenes initialized
12:30:23.479 [FXGL Background Thread 1 ] DEBUG SystemBundleService  - Loading FXGL system data
12:30:23.489 [FXGL Background Thread 1 ] DEBUG FileSystemAccess     - Reading from: C:\Users\admin\IdeaProjects\spaceInvaders\system\fxgl.bundle
12:30:23.502 [FXGL Background Thread 1 ] DEBUG SystemBundleService  - Bundle FXGL: {}
12:30:23.502 [FXGL Background Thread 1 ] DEBUG UpdaterService       - Checking for updates
12:30:23.510 [FXGL Background Thread 1 ] DEBUG FXGLApplication      - Loading default localization
12:30:23.511 [FXGL Background Thread 1 ] DEBUG FXGLAssetLoaderServi - Loading from file system: jar:file:///C:/Users/admin/.m2/repository/com/github/almasb/fxgl/17.2/fxgl-17.2.jar!/fxglassets/languages/english.lang
12:30:23.510 [FXGL Background Thread 4 ] DEBUG FXGLApplication      - Loading fonts
12:30:23.514 [FXGL Background Thread 4 ] DEBUG FXGLAssetLoaderServi - Loading from file system: jar:file:///C:/Users/admin/.m2/repository/com/github/almasb/fxgl/17.2/fxgl-17.2.jar!/fxglassets/ui/fonts/VarelaRound-Regular.ttf
12:30:23.553 [FXGL Background Thread 1 ] INFO  FXGLApplication      - FXGL initialization took: 0.700 sec
12:30:23.567 [JavaFX Application Thread] DEBUG Input                - Registered new binding: Move Left - A
12:30:23.568 [JavaFX Application Thread] DEBUG Input                - Registered new binding: Move Right - D
12:30:23.568 [JavaFX Application Thread] DEBUG Input                - Registered new binding: Fire Missile - Space
12:30:23.569 [JavaFX Application Thread] DEBUG FXGLAssetLoaderServi - Loading from file system: file:/C:/Users/admin/IdeaProjects/spaceInvaders/target/classes/assets/sounds/fire.wav
12:30:23.681 [JavaFX Application Thread] DEBUG FXGLAssetLoaderServi - Loading from file system: file:/C:/Users/admin/IdeaProjects/spaceInvaders/target/classes/assets/sounds/explosion.wav
12:30:23.686 [JavaFX Application Thread] DEBUG FXGLAssetLoaderServi - Loading from file system: file:/C:/Users/admin/IdeaProjects/spaceInvaders/target/classes/assets/music/music.mp3
12:30:23.742 [FXGL Background Thread 4 ] DEBUG FXGLAssetLoaderServi - Loading from file system: jar:file:///C:/Users/admin/.m2/repository/com/github/almasb/fxgl/17.2/fxgl-17.2.jar!/fxglassets/ui/fonts/Abel-Regular.ttf
12:30:23.746 [FXGL Background Thread 4 ] DEBUG FXGLAssetLoaderServi - Loading from file system: jar:file:///C:/Users/admin/.m2/repository/com/github/almasb/fxgl/17.2/fxgl-17.2.jar!/fxglassets/ui/fonts/TerminalLandMono-Regular.otf
12:30:23.750 [FXGL Background Thread 4 ] DEBUG FXGLAssetLoaderServi - Loading from file system: jar:file:///C:/Users/admin/.m2/repository/com/github/almasb/fxgl/17.2/fxgl-17.2.jar!/fxglassets/ui/fonts/Courier-Prime.ttf
12:30:23.837 [JavaFX Application Thread] DEBUG AudioPlayer          - Playing music com.almasb.fxgl.audio.Music@734e4d74
12:30:23.839 [JavaFX Application Thread] DEBUG FXGLAssetLoaderServi - Loading from file system: jar:file:///C:/Users/admin/.m2/repository/com/github/almasb/fxgl/17.2/fxgl-17.2.jar!/fxglassets/textures/fxgl_icon.png
12:30:23.875 [JavaFX Application Thread] DEBUG FXGLAssetLoaderServi - Loading from file system: jar:file:///C:/Users/admin/.m2/repository/com/github/almasb/fxgl/17.2/fxgl-17.2.jar!/fxglassets/textures/fxgl_default_cursor.png
12:30:23.878 [JavaFX Application Thread] DEBUG Input                - Registered new binding: Screenshot - CTRL+8
12:30:23.879 [JavaFX Application Thread] DEBUG Input                - Registered new binding: System info dump - CTRL+9
12:30:23.880 [JavaFX Application Thread] DEBUG Input                - Registered new binding: Restart - CTRL+R
12:30:23.881 [JavaFX Application Thread] DEBUG Input                - Registered new binding: Toggle Debug Camera - CTRL+7
12:30:23.884 [JavaFX Application Thread] DEBUG LoopRunner           - Starting loop
12:30:23.885 [JavaFX Application Thread] DEBUG LoopRunner           - Initializing JavaFX AnimationTimerLoop
12:30:23.888 [JavaFX Application Thread] DEBUG Input                - Clearing active input actions
12:30:23.915 [JavaFX Application Thread] DEBUG GameApplicationServi - Removing overlay from SpaceInvadersScene and adding to FXGLMainMenuDummyScene
12:30:23.916 [JavaFX Application Thread] DEBUG PrimaryStageWindow   - SpaceInvadersScene -> FXGLMainMenuDummyScene
12:30:23.916 [JavaFX Application Thread] DEBUG PrimaryStageWindow   - Push state: FXGLDefaultMenu
12:30:23.924 [JavaFX Application Thread] DEBUG Input                - Clearing active input actions
12:30:23.933 [JavaFX Application Thread] DEBUG GameApplicationServi - Removing overlay from FXGLMainMenuDummyScene and adding to FXGLDefaultMenu
12:30:23.933 [JavaFX Application Thread] DEBUG PrimaryStageWindow   - FXGLMainMenuDummyScene -> FXGLDefaultMenu
12:30:23.934 [JavaFX Application Thread] DEBUG FXGLApplication      - Registering font factories with UI factory
12:30:24.288 [FXGL Background Thread 2 ] INFO  UpdaterService       - Your current version:  17.2
12:30:24.289 [FXGL Background Thread 2 ] INFO  UpdaterService       - Latest stable version: 17.3
12:30:26.509 [FXGL Background Thread 3 ] DEBUG Engine               - Logging environment variables
12:30:26.510 [FXGL Background Thread 3 ] DEBUG Engine               - achievements: []
12:30:26.510 [FXGL Background Thread 3 ] DEBUG Engine               - actualHeight: 800.0
12:30:26.510 [FXGL Background Thread 3 ] DEBUG Engine               - actualHeightProperty: ReadOnlyDoubleProperty [value: 800.0]
12:30:26.510 [FXGL Background Thread 3 ] DEBUG Engine               - actualWidth: 1280.0
12:30:26.510 [FXGL Background Thread 3 ] DEBUG Engine               - actualWidthProperty: ReadOnlyDoubleProperty [value: 1280.0]
12:30:26.510 [FXGL Background Thread 3 ] DEBUG Engine               - appIcon: fxgl_icon.png
12:30:26.510 [FXGL Background Thread 3 ] DEBUG Engine               - applicationMode: DEVELOPER
12:30:26.510 [FXGL Background Thread 3 ] DEBUG Engine               - cSSList: [fxgl_dark.css]
12:30:26.510 [FXGL Background Thread 3 ] DEBUG Engine               - collisionDetectionStrategy: BRUTE_FORCE
12:30:26.511 [FXGL Background Thread 3 ] DEBUG Engine               - configClass: Optional.empty
12:30:26.511 [FXGL Background Thread 3 ] DEBUG Engine               - credits: []
12:30:26.512 [FXGL Background Thread 3 ] DEBUG Engine               - defaultCursor: CursorInfo(imageName=fxgl_default_cursor.png, hotspotX=7.0, hotspotY=6.0)
12:30:26.513 [FXGL Background Thread 3 ] DEBUG Engine               - devBBoxColorProperty: ObjectProperty [value: 0xff0000ff]
12:30:26.513 [FXGL Background Thread 3 ] DEBUG Engine               - devEnableDebugCameraProperty: BooleanProperty [value: false]
12:30:26.513 [FXGL Background Thread 3 ] DEBUG Engine               - devSensorColorProperty: ObjectProperty [value: 0xffff00ff]
12:30:26.513 [FXGL Background Thread 3 ] DEBUG Engine               - devShowBBoxProperty: BooleanProperty [value: false]
12:30:26.513 [FXGL Background Thread 3 ] DEBUG Engine               - devShowPositionProperty: BooleanProperty [value: false]
12:30:26.513 [FXGL Background Thread 3 ] DEBUG Engine               - enabledMenuItems: []
12:30:26.514 [FXGL Background Thread 3 ] DEBUG Engine               - engineServices: [class com.almasb.fxgl.app.services.FXGLAssetLoaderService, class com.almasb.fxgl.app.FXGLApplication$GameApplicationService, class com.almasb.fxgl.app.services.FXGLDialogService, class com.almasb.fxgl.app.services.IOTaskExecutorService, class com.almasb.fxgl.io.FileSystemService, class com.almasb.fxgl.localization.LocalizationService, class com.almasb.fxgl.app.services.SystemBundleService, class com.almasb.fxgl.profile.SaveLoadService, class com.almasb.fxgl.ui.FXGLUIFactoryServiceProvider, class com.almasb.fxgl.ui.FXGLDialogFactoryServiceProvider, class com.almasb.fxgl.audio.AudioPlayer, class com.almasb.fxgl.notification.impl.NotificationServiceProvider, class com.almasb.fxgl.achievement.AchievementService, class com.almasb.fxgl.cutscene.CutsceneService, class com.almasb.fxgl.minigames.MiniGameService, class com.almasb.fxgl.net.NetService, class com.almasb.fxgl.app.services.UpdaterService, class com.almasb.fxgl.dev.DevService]
12:30:26.514 [FXGL Background Thread 3 ] DEBUG Engine               - fontGame: Abel-Regular.ttf
12:30:26.514 [FXGL Background Thread 3 ] DEBUG Engine               - fontMono: TerminalLandMono-Regular.otf
12:30:26.514 [FXGL Background Thread 3 ] DEBUG Engine               - fontText: Courier-Prime.ttf
12:30:26.514 [FXGL Background Thread 3 ] DEBUG Engine               - fontUI: VarelaRound-Regular.ttf
12:30:26.514 [FXGL Background Thread 3 ] DEBUG Engine               - fullScreen: BooleanProperty [value: false]
12:30:26.515 [FXGL Background Thread 3 ] DEBUG Engine               - gameDifficulty: MEDIUM
12:30:26.515 [FXGL Background Thread 3 ] DEBUG Engine               - gameDifficultyProperty: ObjectProperty [value: MEDIUM]
12:30:26.515 [FXGL Background Thread 3 ] DEBUG Engine               - globalMusicVolume: 0.5
12:30:26.515 [FXGL Background Thread 3 ] DEBUG Engine               - globalMusicVolumeProperty: DoubleProperty [value: 0.5]
12:30:26.515 [FXGL Background Thread 3 ] DEBUG Engine               - globalSoundVolume: 0.5
12:30:26.515 [FXGL Background Thread 3 ] DEBUG Engine               - globalSoundVolumeProperty: DoubleProperty [value: 0.5]
12:30:26.516 [FXGL Background Thread 3 ] DEBUG Engine               - height: 800
12:30:26.516 [FXGL Background Thread 3 ] DEBUG Engine               - is3D: false
12:30:26.516 [FXGL Background Thread 3 ] DEBUG Engine               - isAndroid: false
12:30:26.516 [FXGL Background Thread 3 ] DEBUG Engine               - isBrowser: false
12:30:26.516 [FXGL Background Thread 3 ] DEBUG Engine               - isClickFeedbackEnabled: false
12:30:26.516 [FXGL Background Thread 3 ] DEBUG Engine               - isCloseConfirmation: false
12:30:26.516 [FXGL Background Thread 3 ] DEBUG Engine               - isDesktop: true
12:30:26.517 [FXGL Background Thread 3 ] DEBUG Engine               - isDeveloperMenuEnabled: false
12:30:26.517 [FXGL Background Thread 3 ] DEBUG Engine               - isEmbedded: false
12:30:26.517 [FXGL Background Thread 3 ] DEBUG Engine               - isEntityPreloadEnabled: true
12:30:26.517 [FXGL Background Thread 3 ] DEBUG Engine               - isExperimentalTiledLargeMap: false
12:30:26.517 [FXGL Background Thread 3 ] DEBUG Engine               - isFileSystemWriteAllowed: true
12:30:26.517 [FXGL Background Thread 3 ] DEBUG Engine               - isFullScreenAllowed: false
12:30:26.517 [FXGL Background Thread 3 ] DEBUG Engine               - isFullScreenFromStart: false
12:30:26.517 [FXGL Background Thread 3 ] DEBUG Engine               - isGameMenuEnabled: true
12:30:26.517 [FXGL Background Thread 3 ] DEBUG Engine               - isIOS: false
12:30:26.517 [FXGL Background Thread 3 ] DEBUG Engine               - isIntroEnabled: false
12:30:26.518 [FXGL Background Thread 3 ] DEBUG Engine               - isLinux: false
12:30:26.518 [FXGL Background Thread 3 ] DEBUG Engine               - isMac: false
12:30:26.518 [FXGL Background Thread 3 ] DEBUG Engine               - isMainMenuEnabled: true
12:30:26.518 [FXGL Background Thread 3 ] DEBUG Engine               - isManualResizeEnabled: false
12:30:26.518 [FXGL Background Thread 3 ] DEBUG Engine               - isMobile: false
12:30:26.518 [FXGL Background Thread 3 ] DEBUG Engine               - isNative: false
12:30:26.518 [FXGL Background Thread 3 ] DEBUG Engine               - isPauseMusicWhenMinimized: true
12:30:26.519 [FXGL Background Thread 3 ] DEBUG Engine               - isPreserveResizeRatio: false
12:30:26.519 [FXGL Background Thread 3 ] DEBUG Engine               - isProfilingEnabled: false
12:30:26.519 [FXGL Background Thread 3 ] DEBUG Engine               - isScaleAffectedOnResize: true
12:30:26.519 [FXGL Background Thread 3 ] DEBUG Engine               - isSingleStep: false
12:30:26.519 [FXGL Background Thread 3 ] DEBUG Engine               - isUserProfileEnabled: false
12:30:26.519 [FXGL Background Thread 3 ] DEBUG Engine               - isWindows: true
12:30:26.519 [FXGL Background Thread 3 ] DEBUG Engine               - language: ObjectProperty [value: ENGLISH]
12:30:26.519 [FXGL Background Thread 3 ] DEBUG Engine               - menuKey: ESCAPE
12:30:26.519 [FXGL Background Thread 3 ] DEBUG Engine               - mouseSensitivity: 0.2
12:30:26.520 [FXGL Background Thread 3 ] DEBUG Engine               - notificationViewClass: class com.almasb.fxgl.notification.view.XboxNotificationView
12:30:26.520 [FXGL Background Thread 3 ] DEBUG Engine               - pixelsPerMeter: 50.0
12:30:26.520 [FXGL Background Thread 3 ] DEBUG Engine               - platform: WINDOWS
12:30:26.520 [FXGL Background Thread 3 ] DEBUG Engine               - prefHeightProperty: ReadOnlyDoubleProperty [value: 800.0]
12:30:26.520 [FXGL Background Thread 3 ] DEBUG Engine               - prefWidthProperty: ReadOnlyDoubleProperty [value: 1280.0]
12:30:26.520 [FXGL Background Thread 3 ] DEBUG Engine               - profileDir: profiles/
12:30:26.520 [FXGL Background Thread 3 ] DEBUG Engine               - profileName: StringProperty [value: DEFAULT]
12:30:26.520 [FXGL Background Thread 3 ] DEBUG Engine               - randomSeed: -1
12:30:26.521 [FXGL Background Thread 3 ] DEBUG Engine               - runtimeInfo: RuntimeInfo(platform=WINDOWS, version=17.2, build=20.08.2022 16.50)
12:30:26.521 [FXGL Background Thread 3 ] DEBUG Engine               - saveFileExt: sav
12:30:26.521 [FXGL Background Thread 3 ] DEBUG Engine               - scaledHeightProp$fxgl: DoubleProperty [bound, value: 800.0]
12:30:26.521 [FXGL Background Thread 3 ] DEBUG Engine               - scaledWidthProp$fxgl: DoubleProperty [bound, value: 1280.0]
12:30:26.521 [FXGL Background Thread 3 ] DEBUG Engine               - sceneFactory: com.is413.spaceinvaders.SpaceInvaders$1@219d5001
12:30:26.522 [FXGL Background Thread 3 ] DEBUG Engine               - secondsIn24h: 60
12:30:26.522 [FXGL Background Thread 3 ] DEBUG Engine               - soundMenuBack: menu/back.wav
12:30:26.522 [FXGL Background Thread 3 ] DEBUG Engine               - soundMenuPress: menu/press.wav
12:30:26.522 [FXGL Background Thread 3 ] DEBUG Engine               - soundMenuSelect: menu/select.wav
12:30:26.522 [FXGL Background Thread 3 ] DEBUG Engine               - soundNotification: core/notification.wav
12:30:26.522 [FXGL Background Thread 3 ] DEBUG Engine               - stageStyle: DECORATED
12:30:26.522 [FXGL Background Thread 3 ] DEBUG Engine               - supportedLanguages: [ENGLISH, FRENCH, GERMAN, HUNGARIAN, RUSSIAN]
12:30:26.522 [FXGL Background Thread 3 ] DEBUG Engine               - ticksPerSecond: -1
12:30:26.522 [FXGL Background Thread 3 ] DEBUG Engine               - title: Space Invaders
12:30:26.522 [FXGL Background Thread 3 ] DEBUG Engine               - urlGithub: https://github.com/AlmasB/FXGL
12:30:26.523 [FXGL Background Thread 3 ] DEBUG Engine               - urlLeaderboard: http://fxgl-top.herokuapp.com/
12:30:26.523 [FXGL Background Thread 3 ] DEBUG Engine               - urlPOM: https://raw.githubusercontent.com/AlmasB/FXGL/release/README.md
12:30:26.523 [FXGL Background Thread 3 ] DEBUG Engine               - userAppClass: class com.is413.spaceinvaders.SpaceInvaders
12:30:26.523 [FXGL Background Thread 3 ] DEBUG Engine               - version: 1.0 Beta
12:30:26.523 [FXGL Background Thread 3 ] DEBUG Engine               - versionCheckDays: 7
12:30:26.523 [FXGL Background Thread 3 ] DEBUG Engine               - width: 1280
12:30:26.523 [FXGL Background Thread 3 ] DEBUG Engine               - Logging services
12:30:26.523 [FXGL Background Thread 3 ] DEBUG Engine               - class com.almasb.fxgl.app.services.FXGLAssetLoaderService
12:30:26.523 [FXGL Background Thread 3 ] DEBUG Engine               - class com.almasb.fxgl.app.FXGLApplication$GameApplicationService
12:30:26.523 [FXGL Background Thread 3 ] DEBUG Engine               - class com.almasb.fxgl.app.services.FXGLDialogService
12:30:26.524 [FXGL Background Thread 3 ] DEBUG Engine               - class com.almasb.fxgl.app.services.IOTaskExecutorService
12:30:26.524 [FXGL Background Thread 3 ] DEBUG Engine               - class com.almasb.fxgl.io.FileSystemService
12:30:26.524 [FXGL Background Thread 3 ] DEBUG Engine               - class com.almasb.fxgl.localization.LocalizationService
12:30:26.524 [FXGL Background Thread 3 ] DEBUG Engine               - class com.almasb.fxgl.app.services.SystemBundleService
12:30:26.524 [FXGL Background Thread 3 ] DEBUG Engine               - class com.almasb.fxgl.profile.SaveLoadService
12:30:26.524 [FXGL Background Thread 3 ] DEBUG Engine               - class com.almasb.fxgl.ui.FXGLUIFactoryServiceProvider
12:30:26.524 [FXGL Background Thread 3 ] DEBUG Engine               - class com.almasb.fxgl.ui.FXGLDialogFactoryServiceProvider
12:30:26.524 [FXGL Background Thread 3 ] DEBUG Engine               - class com.almasb.fxgl.audio.AudioPlayer
12:30:26.524 [FXGL Background Thread 3 ] DEBUG Engine               - class com.almasb.fxgl.notification.impl.NotificationServiceProvider
12:30:26.524 [FXGL Background Thread 3 ] DEBUG Engine               - class com.almasb.fxgl.achievement.AchievementService
12:30:26.524 [FXGL Background Thread 3 ] DEBUG Engine               - class com.almasb.fxgl.cutscene.CutsceneService
12:30:26.525 [FXGL Background Thread 3 ] DEBUG Engine               - class com.almasb.fxgl.minigames.MiniGameService
12:30:26.525 [FXGL Background Thread 3 ] DEBUG Engine               - class com.almasb.fxgl.net.NetService
12:30:26.525 [FXGL Background Thread 3 ] DEBUG Engine               - class com.almasb.fxgl.app.services.UpdaterService
12:30:26.525 [FXGL Background Thread 3 ] DEBUG Engine               - class com.almasb.fxgl.dev.DevService
12:30:30.609 [JavaFX Application Thread] DEBUG Menu                 - fireNewGame()
12:30:30.610 [JavaFX Application Thread] DEBUG GameApplicationServi - Starting new game
12:30:30.615 [JavaFX Application Thread] DEBUG PrimaryStageWindow   - Pop state: FXGLDefaultMenu
12:30:30.615 [JavaFX Application Thread] DEBUG Input                - Clearing active input actions
12:30:30.618 [JavaFX Application Thread] DEBUG GameApplicationServi - Removing overlay from FXGLDefaultMenu and adding to FXGLMainMenuDummyScene
12:30:30.619 [JavaFX Application Thread] DEBUG PrimaryStageWindow   - FXGLMainMenuDummyScene <- FXGLDefaultMenu
12:30:30.621 [JavaFX Application Thread] DEBUG Input                - Clearing active input actions
12:30:30.635 [JavaFX Application Thread] DEBUG GameApplicationServi - Removing overlay from FXGLMainMenuDummyScene and adding to FXGLLoadingScene
12:30:30.635 [JavaFX Application Thread] DEBUG PrimaryStageWindow   - FXGLMainMenuDummyScene -> FXGLLoadingScene
12:30:30.636 [JavaFX Application Thread] DEBUG GameApplicationServi - Clearing previous game
12:30:30.636 [JavaFX Application Thread] DEBUG GameScene            - Clearing game scene
12:30:30.636 [JavaFX Application Thread] DEBUG GameWorld            - Clearing game world
12:30:30.636 [JavaFX Application Thread] DEBUG PhysicsWorld         - Clearing physics world
12:30:30.638 [FXGL Background Thread 2 ] DEBUG FXGLApplication      - Initializing game
12:30:30.678 [FXGL Background Thread 2 ] INFO  FXGLApplication      - Game initialization took: 0.039 sec
12:30:30.702 [JavaFX Application Thread] DEBUG Input                - Clearing active input actions
12:30:30.730 [JavaFX Application Thread] DEBUG GameApplicationServi - Removing overlay from FXGLLoadingScene and adding to GameScene
12:30:30.731 [JavaFX Application Thread] DEBUG PrimaryStageWindow   - FXGLLoadingScene -> GameScene
12:30:36.512 [JavaFX Application Thread] DEBUG FXGLAssetLoaderServi - Loading from file system: file:/C:/Users/admin/IdeaProjects/spaceInvaders/target/classes/assets/textures/lv1.jpeg
12:30:36.533 [JavaFX Application Thread] DEBUG FXGLAssetLoaderServi - Loading from file system: file:/C:/Users/admin/IdeaProjects/spaceInvaders/target/classes/assets/textures/ship.png
12:30:37.295 [JavaFX Application Thread] DEBUG FXGLAssetLoaderServi - Loading from file system: file:/C:/Users/admin/IdeaProjects/spaceInvaders/target/classes/assets/textures/enemy/enemy%20(1).png
12:30:37.305 [JavaFX Application Thread] DEBUG FXGLAssetLoaderServi - Loading from file system: file:/C:/Users/admin/IdeaProjects/spaceInvaders/target/classes/assets/textures/enemy/enemy%20(2).png
12:30:37.312 [JavaFX Application Thread] DEBUG FXGLAssetLoaderServi - Loading from file system: file:/C:/Users/admin/IdeaProjects/spaceInvaders/target/classes/assets/textures/enemy/enemy%20(3).png
12:30:37.319 [JavaFX Application Thread] DEBUG FXGLAssetLoaderServi - Loading from file system: file:/C:/Users/admin/IdeaProjects/spaceInvaders/target/classes/assets/textures/enemy/enemy%20(4).png
12:30:37.325 [JavaFX Application Thread] DEBUG FXGLAssetLoaderServi - Loading from file system: file:/C:/Users/admin/IdeaProjects/spaceInvaders/target/classes/assets/textures/enemy/enemy%20(5).png
12:30:37.330 [JavaFX Application Thread] DEBUG FXGLAssetLoaderServi - Loading from file system: file:/C:/Users/admin/IdeaProjects/spaceInvaders/target/classes/assets/textures/enemy/enemy%20(6).png
12:30:37.335 [JavaFX Application Thread] DEBUG FXGLAssetLoaderServi - Loading from file system: file:/C:/Users/admin/IdeaProjects/spaceInvaders/target/classes/assets/textures/enemy/enemy%20(7).png
12:30:37.341 [JavaFX Application Thread] DEBUG FXGLAssetLoaderServi - Loading from file system: file:/C:/Users/admin/IdeaProjects/spaceInvaders/target/classes/assets/textures/enemy/enemy%20(8).png
12:30:37.346 [JavaFX Application Thread] DEBUG FXGLAssetLoaderServi - Loading from file system: file:/C:/Users/admin/IdeaProjects/spaceInvaders/target/classes/assets/textures/enemy/enemy%20(9).png
12:30:37.350 [JavaFX Application Thread] DEBUG FXGLAssetLoaderServi - Loading from file system: file:/C:/Users/admin/IdeaProjects/spaceInvaders/target/classes/assets/textures/enemy/enemy%20(10).png
12:30:39.184 [JavaFX Application Thread] DEBUG FXGLAssetLoaderServi - Loading from file system: file:/C:/Users/admin/IdeaProjects/spaceInvaders/target/classes/assets/textures/missile.png
12:30:40.967 [JavaFX Application Thread] DEBUG FXGLAssetLoaderServi - Loading from file system: file:/C:/Users/admin/IdeaProjects/spaceInvaders/target/classes/assets/textures/explode/Bomb_3_Explosion_002.png
12:30:41.004 [JavaFX Application Thread] DEBUG FXGLAssetLoaderServi - Loading from file system: file:/C:/Users/admin/IdeaProjects/spaceInvaders/target/classes/assets/textures/explode/Bomb_3_Explosion_003.png
12:30:41.043 [JavaFX Application Thread] DEBUG FXGLAssetLoaderServi - Loading from file system: file:/C:/Users/admin/IdeaProjects/spaceInvaders/target/classes/assets/textures/explode/Bomb_3_Explosion_004.png
12:30:41.071 [JavaFX Application Thread] DEBUG FXGLAssetLoaderServi - Loading from file system: file:/C:/Users/admin/IdeaProjects/spaceInvaders/target/classes/assets/textures/explode/Bomb_3_Explosion_005.png
12:30:41.095 [JavaFX Application Thread] DEBUG FXGLAssetLoaderServi - Loading from file system: file:/C:/Users/admin/IdeaProjects/spaceInvaders/target/classes/assets/textures/explode/Bomb_3_Explosion_006.png
12:30:41.114 [JavaFX Application Thread] DEBUG FXGLAssetLoaderServi - Loading from file system: file:/C:/Users/admin/IdeaProjects/spaceInvaders/target/classes/assets/textures/explode/Bomb_3_Explosion_007.png
12:30:41.132 [JavaFX Application Thread] DEBUG FXGLAssetLoaderServi - Loading from file system: file:/C:/Users/admin/IdeaProjects/spaceInvaders/target/classes/assets/textures/explode/Bomb_3_Explosion_008.png
12:30:53.047 [JavaFX Application Thread] DEBUG PrimaryStageWindow   - Push state: DialogSubScene
12:30:53.048 [JavaFX Application Thread] DEBUG Input                - Clearing active input actions
12:30:53.049 [JavaFX Application Thread] DEBUG GameApplicationServi - Removing overlay from GameScene and adding to DialogSubScene
12:30:53.049 [JavaFX Application Thread] DEBUG PrimaryStageWindow   - GameScene -> DialogSubScene
12:30:55.983 [JavaFX Application Thread] DEBUG PrimaryStageWindow   - Pop state: DialogSubScene
12:30:55.983 [JavaFX Application Thread] DEBUG Input                - Clearing active input actions
12:30:55.983 [JavaFX Application Thread] DEBUG GameApplicationServi - Removing overlay from DialogSubScene and adding to GameScene
12:30:55.983 [JavaFX Application Thread] DEBUG PrimaryStageWindow   - GameScene <- DialogSubScene
12:30:55.984 [JavaFX Application Thread] DEBUG GameApplicationServi - Starting new game
12:30:55.984 [JavaFX Application Thread] DEBUG Input                - Clearing active input actions
12:30:55.988 [JavaFX Application Thread] DEBUG GameApplicationServi - Removing overlay from GameScene and adding to FXGLLoadingScene
12:30:55.988 [JavaFX Application Thread] DEBUG PrimaryStageWindow   - GameScene -> FXGLLoadingScene
12:30:55.988 [JavaFX Application Thread] DEBUG GameApplicationServi - Clearing previous game
12:30:55.989 [JavaFX Application Thread] DEBUG GameScene            - Clearing game scene
12:30:55.989 [JavaFX Application Thread] DEBUG GameWorld            - Clearing game world
12:30:55.989 [JavaFX Application Thread] DEBUG PhysicsWorld         - Clearing physics world
12:30:55.990 [FXGL Background Thread 2 ] DEBUG FXGLApplication      - Initializing game
12:30:55.991 [FXGL Background Thread 2 ] INFO  FXGLApplication      - Game initialization took: 0.001 sec
12:30:55.991 [JavaFX Application Thread] DEBUG Input                - Clearing active input actions
12:30:55.997 [JavaFX Application Thread] DEBUG GameApplicationServi - Removing overlay from FXGLLoadingScene and adding to GameScene
12:30:55.997 [JavaFX Application Thread] DEBUG PrimaryStageWindow   - FXGLLoadingScene -> GameScene
12:31:04.364 [JavaFX Application Thread] DEBUG FXGLApplication      - Exiting FXGL
12:31:04.364 [JavaFX Application Thread] DEBUG LoopRunner           - Stopping loop
12:31:04.364 [JavaFX Application Thread] DEBUG SystemBundleService  - Saving FXGL system data
12:31:04.368 [JavaFX Application Thread] DEBUG FileSystemAccess     - Writing to: C:\Users\admin\IdeaProjects\spaceInvaders\system\fxgl.bundle
12:31:04.370 [JavaFX Application Thread] DEBUG Async                - Shutting down background threads
12:31:04.371 [JavaFX Application Thread] DEBUG PrimaryStageWindow   - Closing main window
12:31:04.397 [JavaFX Application Thread] DEBUG Logger               - Closing Logger
