20:16:29.248 [main                     ] DEBUG Logger               - Configured Logger
20:16:29.298 [main                     ] DEBUG GameApplication      - Logging settings
Title: Space Invaders
Version: 0.1 Alpha
Width: 1280
Height: 800
Fullscreen: false
Intro: false
Profiling: false
Single step:false
App Mode: DEVELOPER
Menu Key: ESCAPE
Stage Style: DECORATED
Scene Factory: class com.is413.spaceinvaders.SpaceInvaders$1

20:16:29.672 [JavaFX Application Thread] DEBUG FXGLApplication      - Initializing FXGL
20:16:29.680 [JavaFX Application Thread] INFO  Engine               - FXGL-17.2 (20.08.2022 16.50) on WINDOWS (J:17.0.6 FX:17.0.2-ea)
20:16:29.681 [JavaFX Application Thread] DEBUG Engine               - JRE Vendor Name: Oracle Corporation
20:16:29.681 [JavaFX Application Thread] DEBUG Engine               - Running on OS: Windows 10 version 10.0
20:16:29.681 [JavaFX Application Thread] DEBUG Engine               - Architecture: amd64
20:16:29.681 [JavaFX Application Thread] INFO  Engine               - Source code and latest versions at: https://github.com/AlmasB/FXGL
20:16:29.682 [JavaFX Application Thread] INFO  Engine               -       Ask questions and discuss at: https://github.com/AlmasB/FXGL/discussions
20:16:29.682 [JavaFX Application Thread] INFO  Engine               -              Join the FXGL chat at: https://gitter.im/AlmasB/FXGL
20:16:29.829 [JavaFX Application Thread] DEBUG PrimaryStageWindow   - Creating a JavaFX scene
20:16:29.879 [JavaFX Application Thread] DEBUG PrimaryStageWindow   - Target settings size: 1280.0 x 800.0
20:16:29.879 [JavaFX Application Thread] DEBUG PrimaryStageWindow   - Scaled scene size:    1280.0 x 800.0
20:16:29.880 [JavaFX Application Thread] DEBUG PrimaryStageWindow   - Scaled ratio: (1.0, 1.0)
20:16:29.881 [JavaFX Application Thread] DEBUG PrimaryStageWindow   - Set initial scene to SpaceInvadersScene
20:16:29.896 [JavaFX Application Thread] DEBUG PrimaryStageWindow   - Opening main window
20:16:30.056 [JavaFX Application Thread] DEBUG PrimaryStageWindow   - Window border size: (12.4444580078125, 35.111083984375)
20:16:30.057 [JavaFX Application Thread] DEBUG PrimaryStageWindow   - Scaled size: 1280.0 x 800.0
20:16:30.058 [JavaFX Application Thread] DEBUG PrimaryStageWindow   - Scaled ratio: (1.0, 1.0)
20:16:30.058 [JavaFX Application Thread] DEBUG PrimaryStageWindow   - Scene size: 1280.0 x 800.0
20:16:30.059 [JavaFX Application Thread] DEBUG PrimaryStageWindow   - Stage size: 1292.4444580078125 x 835.111083984375
20:16:30.078 [FXGL Background Thread 1 ] DEBUG Engine               - Initializing environment variables
20:16:30.147 [FXGL Background Thread 1 ] DEBUG FXGLAssetLoaderServi - User app class for loading assets: class com.is413.spaceinvaders.SpaceInvaders
20:16:30.148 [FXGL Background Thread 1 ] DEBUG GameApplicationServi - Applying CSS: fxgl_dark.css
20:16:30.149 [FXGL Background Thread 1 ] DEBUG FXGLAssetLoaderServi - Loading from file system: jar:file:///C:/Users/admin/.m2/repository/com/github/almasb/fxgl/17.2/fxgl-17.2.jar!/fxglassets/ui/css/fxgl_dark.css
20:16:30.259 [FXGL Background Thread 1 ] DEBUG GameApplicationServi - Initializing application scenes
20:16:30.283 [FXGL Background Thread 1 ] DEBUG GameWorld            - Game world initialized
20:16:30.414 [FXGL Background Thread 1 ] DEBUG PhysicsWorld         - Physics world initialized: appHeight=800, physics.ppm=50.0
20:16:30.415 [FXGL Background Thread 1 ] DEBUG PhysicsWorld         - Using strategy: BRUTE_FORCE
20:16:30.422 [FXGL Background Thread 1 ] DEBUG GameScene            - Game scene initialized: 1280x800
20:16:30.448 [FXGL Background Thread 1 ] DEBUG FXGL.DefaultMenu     - createMenuBodyMainMenu()
20:16:30.474 [FXGL Background Thread 1 ] DEBUG FXGL.DefaultMenu     - createOptionsMenu()
20:16:30.497 [FXGL Background Thread 1 ] DEBUG FXGLAssetLoaderServi - Loading from file system: jar:file:///C:/Users/admin/.m2/repository/com/github/almasb/fxgl/17.2/fxgl-17.2.jar!/fxglassets/textures/particles/smoke.png
20:16:30.625 [FXGL Background Thread 1 ] DEBUG FXGLAssetLoaderServi - Loading from file system: jar:file:///C:/Users/admin/.m2/repository/com/github/almasb/fxgl/17.2/fxgl-17.2.jar!/fxglassets/textures/particles/trace_horizontal.png
20:16:30.664 [FXGL Background Thread 1 ] DEBUG FXGL.DefaultMenu     - createMenuBodyGameMenu()
20:16:30.666 [FXGL Background Thread 1 ] DEBUG FXGL.DefaultMenu     - createOptionsMenu()
20:16:30.698 [FXGL Background Thread 1 ] DEBUG GameApplicationServi - Application scenes initialized
20:16:30.718 [FXGL Background Thread 1 ] DEBUG SystemBundleService  - Loading FXGL system data
20:16:30.724 [FXGL Background Thread 1 ] DEBUG FileSystemAccess     - Reading from: C:\Users\admin\IdeaProjects\spaceInvaders\system\fxgl.bundle
20:16:30.734 [FXGL Background Thread 1 ] DEBUG SystemBundleService  - Bundle FXGL: {}
20:16:30.735 [FXGL Background Thread 1 ] DEBUG UpdaterService       - Checking for updates
20:16:30.741 [FXGL Background Thread 4 ] DEBUG FXGLApplication      - Loading fonts
20:16:30.742 [FXGL Background Thread 4 ] DEBUG FXGLAssetLoaderServi - Loading from file system: jar:file:///C:/Users/admin/.m2/repository/com/github/almasb/fxgl/17.2/fxgl-17.2.jar!/fxglassets/ui/fonts/VarelaRound-Regular.ttf
20:16:30.742 [FXGL Background Thread 1 ] DEBUG FXGLApplication      - Loading default localization
20:16:30.743 [FXGL Background Thread 1 ] DEBUG FXGLAssetLoaderServi - Loading from file system: jar:file:///C:/Users/admin/.m2/repository/com/github/almasb/fxgl/17.2/fxgl-17.2.jar!/fxglassets/languages/english.lang
20:16:30.774 [FXGL Background Thread 1 ] INFO  FXGLApplication      - FXGL initialization took: 0.695 sec
20:16:30.789 [JavaFX Application Thread] DEBUG Input                - Registered new binding: Move Left - A
20:16:30.789 [JavaFX Application Thread] DEBUG Input                - Registered new binding: Move Right - D
20:16:30.791 [JavaFX Application Thread] DEBUG Input                - Registered new binding: Fire Missile - Space
20:16:30.791 [JavaFX Application Thread] DEBUG FXGLAssetLoaderServi - Loading from file system: jar:file:///C:/Users/admin/.m2/repository/com/github/almasb/fxgl/17.2/fxgl-17.2.jar!/fxglassets/textures/fxgl_icon.png
20:16:30.823 [JavaFX Application Thread] DEBUG FXGLAssetLoaderServi - Loading from file system: jar:file:///C:/Users/admin/.m2/repository/com/github/almasb/fxgl/17.2/fxgl-17.2.jar!/fxglassets/textures/fxgl_default_cursor.png
20:16:30.827 [JavaFX Application Thread] DEBUG Input                - Registered new binding: Screenshot - CTRL+8
20:16:30.828 [JavaFX Application Thread] DEBUG Input                - Registered new binding: System info dump - CTRL+9
20:16:30.828 [JavaFX Application Thread] DEBUG Input                - Registered new binding: Restart - CTRL+R
20:16:30.830 [JavaFX Application Thread] DEBUG Input                - Registered new binding: Toggle Debug Camera - CTRL+7
20:16:30.834 [JavaFX Application Thread] DEBUG LoopRunner           - Starting loop
20:16:30.834 [JavaFX Application Thread] DEBUG LoopRunner           - Initializing JavaFX AnimationTimerLoop
20:16:30.837 [JavaFX Application Thread] DEBUG Input                - Clearing active input actions
20:16:30.848 [JavaFX Application Thread] DEBUG GameApplicationServi - Removing overlay from SpaceInvadersScene and adding to FXGLMainMenuDummyScene
20:16:30.849 [JavaFX Application Thread] DEBUG PrimaryStageWindow   - SpaceInvadersScene -> FXGLMainMenuDummyScene
20:16:30.849 [JavaFX Application Thread] DEBUG PrimaryStageWindow   - Push state: FXGLDefaultMenu
20:16:30.856 [JavaFX Application Thread] DEBUG Input                - Clearing active input actions
20:16:30.865 [JavaFX Application Thread] DEBUG GameApplicationServi - Removing overlay from FXGLMainMenuDummyScene and adding to FXGLDefaultMenu
20:16:30.866 [JavaFX Application Thread] DEBUG PrimaryStageWindow   - FXGLMainMenuDummyScene -> FXGLDefaultMenu
20:16:30.908 [FXGL Background Thread 4 ] DEBUG FXGLAssetLoaderServi - Loading from file system: jar:file:///C:/Users/admin/.m2/repository/com/github/almasb/fxgl/17.2/fxgl-17.2.jar!/fxglassets/ui/fonts/Abel-Regular.ttf
20:16:30.913 [FXGL Background Thread 4 ] DEBUG FXGLAssetLoaderServi - Loading from file system: jar:file:///C:/Users/admin/.m2/repository/com/github/almasb/fxgl/17.2/fxgl-17.2.jar!/fxglassets/ui/fonts/TerminalLandMono-Regular.otf
20:16:30.918 [FXGL Background Thread 4 ] DEBUG FXGLAssetLoaderServi - Loading from file system: jar:file:///C:/Users/admin/.m2/repository/com/github/almasb/fxgl/17.2/fxgl-17.2.jar!/fxglassets/ui/fonts/Courier-Prime.ttf
20:16:30.982 [JavaFX Application Thread] DEBUG FXGLApplication      - Registering font factories with UI factory
20:16:31.495 [FXGL Background Thread 2 ] INFO  UpdaterService       - Your current version:  17.2
20:16:31.495 [FXGL Background Thread 2 ] INFO  UpdaterService       - Latest stable version: 17.3
20:16:32.407 [JavaFX Application Thread] DEBUG Menu                 - fireNewGame()
20:16:32.407 [JavaFX Application Thread] DEBUG GameApplicationServi - Starting new game
20:16:32.410 [JavaFX Application Thread] DEBUG PrimaryStageWindow   - Pop state: FXGLDefaultMenu
20:16:32.410 [JavaFX Application Thread] DEBUG Input                - Clearing active input actions
20:16:32.412 [JavaFX Application Thread] DEBUG GameApplicationServi - Removing overlay from FXGLDefaultMenu and adding to FXGLMainMenuDummyScene
20:16:32.413 [JavaFX Application Thread] DEBUG PrimaryStageWindow   - FXGLMainMenuDummyScene <- FXGLDefaultMenu
20:16:32.414 [JavaFX Application Thread] DEBUG Input                - Clearing active input actions
20:16:32.422 [JavaFX Application Thread] DEBUG GameApplicationServi - Removing overlay from FXGLMainMenuDummyScene and adding to FXGLLoadingScene
20:16:32.422 [JavaFX Application Thread] DEBUG PrimaryStageWindow   - FXGLMainMenuDummyScene -> FXGLLoadingScene
20:16:32.422 [JavaFX Application Thread] DEBUG GameApplicationServi - Clearing previous game
20:16:32.423 [JavaFX Application Thread] DEBUG GameScene            - Clearing game scene
20:16:32.423 [JavaFX Application Thread] DEBUG GameWorld            - Clearing game world
20:16:32.423 [JavaFX Application Thread] DEBUG PhysicsWorld         - Clearing physics world
20:16:32.425 [FXGL Background Thread 2 ] DEBUG FXGLApplication      - Initializing game
20:16:32.453 [FXGL Background Thread 2 ] INFO  FXGLApplication      - Game initialization took: 0.027 sec
20:16:32.459 [JavaFX Application Thread] DEBUG Input                - Clearing active input actions
20:16:32.471 [JavaFX Application Thread] DEBUG GameApplicationServi - Removing overlay from FXGLLoadingScene and adding to GameScene
20:16:32.472 [JavaFX Application Thread] DEBUG PrimaryStageWindow   - FXGLLoadingScene -> GameScene
20:16:33.739 [FXGL Background Thread 3 ] DEBUG Engine               - Logging environment variables
20:16:33.740 [FXGL Background Thread 3 ] DEBUG Engine               - achievements: []
20:16:33.740 [FXGL Background Thread 3 ] DEBUG Engine               - actualHeight: 800.0
20:16:33.740 [FXGL Background Thread 3 ] DEBUG Engine               - actualHeightProperty: ReadOnlyDoubleProperty [value: 800.0]
20:16:33.740 [FXGL Background Thread 3 ] DEBUG Engine               - actualWidth: 1280.0
20:16:33.740 [FXGL Background Thread 3 ] DEBUG Engine               - actualWidthProperty: ReadOnlyDoubleProperty [value: 1280.0]
20:16:33.740 [FXGL Background Thread 3 ] DEBUG Engine               - appIcon: fxgl_icon.png
20:16:33.740 [FXGL Background Thread 3 ] DEBUG Engine               - applicationMode: DEVELOPER
20:16:33.740 [FXGL Background Thread 3 ] DEBUG Engine               - cSSList: [fxgl_dark.css]
20:16:33.740 [FXGL Background Thread 3 ] DEBUG Engine               - collisionDetectionStrategy: BRUTE_FORCE
20:16:33.741 [FXGL Background Thread 3 ] DEBUG Engine               - configClass: Optional.empty
20:16:33.741 [FXGL Background Thread 3 ] DEBUG Engine               - credits: []
20:16:33.741 [FXGL Background Thread 3 ] DEBUG Engine               - defaultCursor: CursorInfo(imageName=fxgl_default_cursor.png, hotspotX=7.0, hotspotY=6.0)
20:16:33.741 [FXGL Background Thread 3 ] DEBUG Engine               - devBBoxColorProperty: ObjectProperty [value: 0xff0000ff]
20:16:33.741 [FXGL Background Thread 3 ] DEBUG Engine               - devEnableDebugCameraProperty: BooleanProperty [value: false]
20:16:33.741 [FXGL Background Thread 3 ] DEBUG Engine               - devSensorColorProperty: ObjectProperty [value: 0xffff00ff]
20:16:33.742 [FXGL Background Thread 3 ] DEBUG Engine               - devShowBBoxProperty: BooleanProperty [value: false]
20:16:33.742 [FXGL Background Thread 3 ] DEBUG Engine               - devShowPositionProperty: BooleanProperty [value: false]
20:16:33.742 [FXGL Background Thread 3 ] DEBUG Engine               - enabledMenuItems: []
20:16:33.742 [FXGL Background Thread 3 ] DEBUG Engine               - engineServices: [class com.almasb.fxgl.app.services.FXGLAssetLoaderService, class com.almasb.fxgl.app.FXGLApplication$GameApplicationService, class com.almasb.fxgl.app.services.FXGLDialogService, class com.almasb.fxgl.app.services.IOTaskExecutorService, class com.almasb.fxgl.io.FileSystemService, class com.almasb.fxgl.localization.LocalizationService, class com.almasb.fxgl.app.services.SystemBundleService, class com.almasb.fxgl.profile.SaveLoadService, class com.almasb.fxgl.ui.FXGLUIFactoryServiceProvider, class com.almasb.fxgl.ui.FXGLDialogFactoryServiceProvider, class com.almasb.fxgl.audio.AudioPlayer, class com.almasb.fxgl.notification.impl.NotificationServiceProvider, class com.almasb.fxgl.achievement.AchievementService, class com.almasb.fxgl.cutscene.CutsceneService, class com.almasb.fxgl.minigames.MiniGameService, class com.almasb.fxgl.net.NetService, class com.almasb.fxgl.app.services.UpdaterService, class com.almasb.fxgl.dev.DevService]
20:16:33.742 [FXGL Background Thread 3 ] DEBUG Engine               - fontGame: Abel-Regular.ttf
20:16:33.742 [FXGL Background Thread 3 ] DEBUG Engine               - fontMono: TerminalLandMono-Regular.otf
20:16:33.742 [FXGL Background Thread 3 ] DEBUG Engine               - fontText: Courier-Prime.ttf
20:16:33.742 [FXGL Background Thread 3 ] DEBUG Engine               - fontUI: VarelaRound-Regular.ttf
20:16:33.742 [FXGL Background Thread 3 ] DEBUG Engine               - fullScreen: BooleanProperty [value: false]
20:16:33.742 [FXGL Background Thread 3 ] DEBUG Engine               - gameDifficulty: MEDIUM
20:16:33.742 [FXGL Background Thread 3 ] DEBUG Engine               - gameDifficultyProperty: ObjectProperty [value: MEDIUM]
20:16:33.742 [FXGL Background Thread 3 ] DEBUG Engine               - globalMusicVolume: 0.5
20:16:33.743 [FXGL Background Thread 3 ] DEBUG Engine               - globalMusicVolumeProperty: DoubleProperty [value: 0.5]
20:16:33.743 [FXGL Background Thread 3 ] DEBUG Engine               - globalSoundVolume: 0.5
20:16:33.743 [FXGL Background Thread 3 ] DEBUG Engine               - globalSoundVolumeProperty: DoubleProperty [value: 0.5]
20:16:33.743 [FXGL Background Thread 3 ] DEBUG Engine               - height: 800
20:16:33.743 [FXGL Background Thread 3 ] DEBUG Engine               - is3D: false
20:16:33.743 [FXGL Background Thread 3 ] DEBUG Engine               - isAndroid: false
20:16:33.743 [FXGL Background Thread 3 ] DEBUG Engine               - isBrowser: false
20:16:33.743 [FXGL Background Thread 3 ] DEBUG Engine               - isClickFeedbackEnabled: false
20:16:33.743 [FXGL Background Thread 3 ] DEBUG Engine               - isCloseConfirmation: false
20:16:33.743 [FXGL Background Thread 3 ] DEBUG Engine               - isDesktop: true
20:16:33.743 [FXGL Background Thread 3 ] DEBUG Engine               - isDeveloperMenuEnabled: false
20:16:33.744 [FXGL Background Thread 3 ] DEBUG Engine               - isEmbedded: false
20:16:33.744 [FXGL Background Thread 3 ] DEBUG Engine               - isEntityPreloadEnabled: true
20:16:33.744 [FXGL Background Thread 3 ] DEBUG Engine               - isExperimentalTiledLargeMap: false
20:16:33.744 [FXGL Background Thread 3 ] DEBUG Engine               - isFileSystemWriteAllowed: true
20:16:33.744 [FXGL Background Thread 3 ] DEBUG Engine               - isFullScreenAllowed: false
20:16:33.744 [FXGL Background Thread 3 ] DEBUG Engine               - isFullScreenFromStart: false
20:16:33.744 [FXGL Background Thread 3 ] DEBUG Engine               - isGameMenuEnabled: true
20:16:33.744 [FXGL Background Thread 3 ] DEBUG Engine               - isIOS: false
20:16:33.744 [FXGL Background Thread 3 ] DEBUG Engine               - isIntroEnabled: false
20:16:33.744 [FXGL Background Thread 3 ] DEBUG Engine               - isLinux: false
20:16:33.744 [FXGL Background Thread 3 ] DEBUG Engine               - isMac: false
20:16:33.744 [FXGL Background Thread 3 ] DEBUG Engine               - isMainMenuEnabled: true
20:16:33.745 [FXGL Background Thread 3 ] DEBUG Engine               - isManualResizeEnabled: false
20:16:33.745 [FXGL Background Thread 3 ] DEBUG Engine               - isMobile: false
20:16:33.745 [FXGL Background Thread 3 ] DEBUG Engine               - isNative: false
20:16:33.745 [FXGL Background Thread 3 ] DEBUG Engine               - isPauseMusicWhenMinimized: true
20:16:33.745 [FXGL Background Thread 3 ] DEBUG Engine               - isPreserveResizeRatio: false
20:16:33.745 [FXGL Background Thread 3 ] DEBUG Engine               - isProfilingEnabled: false
20:16:33.745 [FXGL Background Thread 3 ] DEBUG Engine               - isScaleAffectedOnResize: true
20:16:33.745 [FXGL Background Thread 3 ] DEBUG Engine               - isSingleStep: false
20:16:33.745 [FXGL Background Thread 3 ] DEBUG Engine               - isUserProfileEnabled: false
20:16:33.745 [FXGL Background Thread 3 ] DEBUG Engine               - isWindows: true
20:16:33.745 [FXGL Background Thread 3 ] DEBUG Engine               - language: ObjectProperty [value: ENGLISH]
20:16:33.745 [FXGL Background Thread 3 ] DEBUG Engine               - menuKey: ESCAPE
20:16:33.745 [FXGL Background Thread 3 ] DEBUG Engine               - mouseSensitivity: 0.2
20:16:33.746 [FXGL Background Thread 3 ] DEBUG Engine               - notificationViewClass: class com.almasb.fxgl.notification.view.XboxNotificationView
20:16:33.746 [FXGL Background Thread 3 ] DEBUG Engine               - pixelsPerMeter: 50.0
20:16:33.746 [FXGL Background Thread 3 ] DEBUG Engine               - platform: WINDOWS
20:16:33.746 [FXGL Background Thread 3 ] DEBUG Engine               - prefHeightProperty: ReadOnlyDoubleProperty [value: 800.0]
20:16:33.746 [FXGL Background Thread 3 ] DEBUG Engine               - prefWidthProperty: ReadOnlyDoubleProperty [value: 1280.0]
20:16:33.746 [FXGL Background Thread 3 ] DEBUG Engine               - profileDir: profiles/
20:16:33.746 [FXGL Background Thread 3 ] DEBUG Engine               - profileName: StringProperty [value: DEFAULT]
20:16:33.746 [FXGL Background Thread 3 ] DEBUG Engine               - randomSeed: -1
20:16:33.747 [FXGL Background Thread 3 ] DEBUG Engine               - runtimeInfo: RuntimeInfo(platform=WINDOWS, version=17.2, build=20.08.2022 16.50)
20:16:33.747 [FXGL Background Thread 3 ] DEBUG Engine               - saveFileExt: sav
20:16:33.747 [FXGL Background Thread 3 ] DEBUG Engine               - scaledHeightProp$fxgl: DoubleProperty [bound, value: 800.0]
20:16:33.747 [FXGL Background Thread 3 ] DEBUG Engine               - scaledWidthProp$fxgl: DoubleProperty [bound, value: 1280.0]
20:16:33.747 [FXGL Background Thread 3 ] DEBUG Engine               - sceneFactory: com.is413.spaceinvaders.SpaceInvaders$1@5dd4c7ec
20:16:33.747 [FXGL Background Thread 3 ] DEBUG Engine               - secondsIn24h: 60
20:16:33.747 [FXGL Background Thread 3 ] DEBUG Engine               - soundMenuBack: menu/back.wav
20:16:33.747 [FXGL Background Thread 3 ] DEBUG Engine               - soundMenuPress: menu/press.wav
20:16:33.747 [FXGL Background Thread 3 ] DEBUG Engine               - soundMenuSelect: menu/select.wav
20:16:33.747 [FXGL Background Thread 3 ] DEBUG Engine               - soundNotification: core/notification.wav
20:16:33.747 [FXGL Background Thread 3 ] DEBUG Engine               - stageStyle: DECORATED
20:16:33.748 [FXGL Background Thread 3 ] DEBUG Engine               - supportedLanguages: [ENGLISH, FRENCH, GERMAN, HUNGARIAN, RUSSIAN]
20:16:33.748 [FXGL Background Thread 3 ] DEBUG Engine               - ticksPerSecond: -1
20:16:33.748 [FXGL Background Thread 3 ] DEBUG Engine               - title: Space Invaders
20:16:33.748 [FXGL Background Thread 3 ] DEBUG Engine               - urlGithub: https://github.com/AlmasB/FXGL
20:16:33.748 [FXGL Background Thread 3 ] DEBUG Engine               - urlLeaderboard: http://fxgl-top.herokuapp.com/
20:16:33.748 [FXGL Background Thread 3 ] DEBUG Engine               - urlPOM: https://raw.githubusercontent.com/AlmasB/FXGL/release/README.md
20:16:33.748 [FXGL Background Thread 3 ] DEBUG Engine               - userAppClass: class com.is413.spaceinvaders.SpaceInvaders
20:16:33.748 [FXGL Background Thread 3 ] DEBUG Engine               - version: 0.1 Alpha
20:16:33.748 [FXGL Background Thread 3 ] DEBUG Engine               - versionCheckDays: 7
20:16:33.748 [FXGL Background Thread 3 ] DEBUG Engine               - width: 1280
20:16:33.748 [FXGL Background Thread 3 ] DEBUG Engine               - Logging services
20:16:33.748 [FXGL Background Thread 3 ] DEBUG Engine               - class com.almasb.fxgl.app.services.FXGLAssetLoaderService
20:16:33.748 [FXGL Background Thread 3 ] DEBUG Engine               - class com.almasb.fxgl.app.FXGLApplication$GameApplicationService
20:16:33.749 [FXGL Background Thread 3 ] DEBUG Engine               - class com.almasb.fxgl.app.services.FXGLDialogService
20:16:33.749 [FXGL Background Thread 3 ] DEBUG Engine               - class com.almasb.fxgl.app.services.IOTaskExecutorService
20:16:33.749 [FXGL Background Thread 3 ] DEBUG Engine               - class com.almasb.fxgl.io.FileSystemService
20:16:33.749 [FXGL Background Thread 3 ] DEBUG Engine               - class com.almasb.fxgl.localization.LocalizationService
20:16:33.749 [FXGL Background Thread 3 ] DEBUG Engine               - class com.almasb.fxgl.app.services.SystemBundleService
20:16:33.749 [FXGL Background Thread 3 ] DEBUG Engine               - class com.almasb.fxgl.profile.SaveLoadService
20:16:33.749 [FXGL Background Thread 3 ] DEBUG Engine               - class com.almasb.fxgl.ui.FXGLUIFactoryServiceProvider
20:16:33.749 [FXGL Background Thread 3 ] DEBUG Engine               - class com.almasb.fxgl.ui.FXGLDialogFactoryServiceProvider
20:16:33.749 [FXGL Background Thread 3 ] DEBUG Engine               - class com.almasb.fxgl.audio.AudioPlayer
20:16:33.749 [FXGL Background Thread 3 ] DEBUG Engine               - class com.almasb.fxgl.notification.impl.NotificationServiceProvider
20:16:33.749 [FXGL Background Thread 3 ] DEBUG Engine               - class com.almasb.fxgl.achievement.AchievementService
20:16:33.749 [FXGL Background Thread 3 ] DEBUG Engine               - class com.almasb.fxgl.cutscene.CutsceneService
20:16:33.749 [FXGL Background Thread 3 ] DEBUG Engine               - class com.almasb.fxgl.minigames.MiniGameService
20:16:33.749 [FXGL Background Thread 3 ] DEBUG Engine               - class com.almasb.fxgl.net.NetService
20:16:33.749 [FXGL Background Thread 3 ] DEBUG Engine               - class com.almasb.fxgl.app.services.UpdaterService
20:16:33.750 [FXGL Background Thread 3 ] DEBUG Engine               - class com.almasb.fxgl.dev.DevService
20:16:35.102 [JavaFX Application Thread] DEBUG FXGLAssetLoaderServi - Loading from file system: file:/C:/Users/admin/IdeaProjects/spaceInvaders/target/classes/assets/textures/lv1.jpeg
20:16:35.129 [JavaFX Application Thread] DEBUG FXGLAssetLoaderServi - Loading from file system: file:/C:/Users/admin/IdeaProjects/spaceInvaders/target/classes/assets/textures/ship.png
20:16:35.868 [JavaFX Application Thread] DEBUG FXGLAssetLoaderServi - Loading from file system: file:/C:/Users/admin/IdeaProjects/spaceInvaders/target/classes/assets/textures/enemy/enemy%20(1).png
20:16:35.880 [JavaFX Application Thread] DEBUG FXGLAssetLoaderServi - Loading from file system: file:/C:/Users/admin/IdeaProjects/spaceInvaders/target/classes/assets/textures/enemy/enemy%20(2).png
20:16:35.894 [JavaFX Application Thread] DEBUG FXGLAssetLoaderServi - Loading from file system: file:/C:/Users/admin/IdeaProjects/spaceInvaders/target/classes/assets/textures/enemy/enemy%20(3).png
20:16:35.903 [JavaFX Application Thread] DEBUG FXGLAssetLoaderServi - Loading from file system: file:/C:/Users/admin/IdeaProjects/spaceInvaders/target/classes/assets/textures/enemy/enemy%20(4).png
20:16:35.913 [JavaFX Application Thread] DEBUG FXGLAssetLoaderServi - Loading from file system: file:/C:/Users/admin/IdeaProjects/spaceInvaders/target/classes/assets/textures/enemy/enemy%20(5).png
20:16:35.921 [JavaFX Application Thread] DEBUG FXGLAssetLoaderServi - Loading from file system: file:/C:/Users/admin/IdeaProjects/spaceInvaders/target/classes/assets/textures/enemy/enemy%20(6).png
20:16:35.933 [JavaFX Application Thread] DEBUG FXGLAssetLoaderServi - Loading from file system: file:/C:/Users/admin/IdeaProjects/spaceInvaders/target/classes/assets/textures/enemy/enemy%20(7).png
20:16:35.942 [JavaFX Application Thread] DEBUG FXGLAssetLoaderServi - Loading from file system: file:/C:/Users/admin/IdeaProjects/spaceInvaders/target/classes/assets/textures/enemy/enemy%20(8).png
20:16:35.952 [JavaFX Application Thread] DEBUG FXGLAssetLoaderServi - Loading from file system: file:/C:/Users/admin/IdeaProjects/spaceInvaders/target/classes/assets/textures/enemy/enemy%20(9).png
20:16:35.958 [JavaFX Application Thread] DEBUG FXGLAssetLoaderServi - Loading from file system: file:/C:/Users/admin/IdeaProjects/spaceInvaders/target/classes/assets/textures/enemy/enemy%20(10).png
20:16:36.605 [JavaFX Application Thread] DEBUG FXGLAssetLoaderServi - Loading from file system: file:/C:/Users/admin/IdeaProjects/spaceInvaders/target/classes/assets/textures/missile.png
20:16:37.964 [JavaFX Application Thread] DEBUG FXGLAssetLoaderServi - Loading from file system: file:/C:/Users/admin/IdeaProjects/spaceInvaders/target/classes/assets/textures/explode/Bomb_3_Explosion_002.png
20:16:37.986 [JavaFX Application Thread] DEBUG FXGLAssetLoaderServi - Loading from file system: file:/C:/Users/admin/IdeaProjects/spaceInvaders/target/classes/assets/textures/explode/Bomb_3_Explosion_003.png
20:16:38.008 [JavaFX Application Thread] DEBUG FXGLAssetLoaderServi - Loading from file system: file:/C:/Users/admin/IdeaProjects/spaceInvaders/target/classes/assets/textures/explode/Bomb_3_Explosion_004.png
20:16:38.031 [JavaFX Application Thread] DEBUG FXGLAssetLoaderServi - Loading from file system: file:/C:/Users/admin/IdeaProjects/spaceInvaders/target/classes/assets/textures/explode/Bomb_3_Explosion_005.png
20:16:38.049 [JavaFX Application Thread] DEBUG FXGLAssetLoaderServi - Loading from file system: file:/C:/Users/admin/IdeaProjects/spaceInvaders/target/classes/assets/textures/explode/Bomb_3_Explosion_006.png
20:16:38.071 [JavaFX Application Thread] DEBUG FXGLAssetLoaderServi - Loading from file system: file:/C:/Users/admin/IdeaProjects/spaceInvaders/target/classes/assets/textures/explode/Bomb_3_Explosion_007.png
20:16:38.099 [JavaFX Application Thread] DEBUG FXGLAssetLoaderServi - Loading from file system: file:/C:/Users/admin/IdeaProjects/spaceInvaders/target/classes/assets/textures/explode/Bomb_3_Explosion_008.png
20:17:00.194 [JavaFX Application Thread] DEBUG PrimaryStageWindow   - Push state: DialogSubScene
20:17:00.195 [JavaFX Application Thread] DEBUG Input                - Clearing active input actions
20:17:00.196 [JavaFX Application Thread] DEBUG GameApplicationServi - Removing overlay from GameScene and adding to DialogSubScene
20:17:00.196 [JavaFX Application Thread] DEBUG PrimaryStageWindow   - GameScene -> DialogSubScene
20:17:02.596 [JavaFX Application Thread] DEBUG PrimaryStageWindow   - Pop state: DialogSubScene
20:17:02.596 [JavaFX Application Thread] DEBUG Input                - Clearing active input actions
20:17:02.596 [JavaFX Application Thread] DEBUG GameApplicationServi - Removing overlay from DialogSubScene and adding to GameScene
20:17:02.596 [JavaFX Application Thread] DEBUG PrimaryStageWindow   - GameScene <- DialogSubScene
20:17:02.598 [JavaFX Application Thread] DEBUG GameApplicationServi - Starting new game
20:17:02.598 [JavaFX Application Thread] DEBUG Input                - Clearing active input actions
20:17:02.603 [JavaFX Application Thread] DEBUG GameApplicationServi - Removing overlay from GameScene and adding to FXGLLoadingScene
20:17:02.603 [JavaFX Application Thread] DEBUG PrimaryStageWindow   - GameScene -> FXGLLoadingScene
20:17:02.603 [JavaFX Application Thread] DEBUG GameApplicationServi - Clearing previous game
20:17:02.604 [JavaFX Application Thread] DEBUG GameScene            - Clearing game scene
20:17:02.604 [JavaFX Application Thread] DEBUG GameWorld            - Clearing game world
20:17:02.604 [JavaFX Application Thread] DEBUG PhysicsWorld         - Clearing physics world
20:17:02.605 [FXGL Background Thread 2 ] DEBUG FXGLApplication      - Initializing game
20:17:02.606 [FXGL Background Thread 2 ] INFO  FXGLApplication      - Game initialization took: 0.001 sec
20:17:02.609 [JavaFX Application Thread] DEBUG Input                - Clearing active input actions
20:17:02.615 [JavaFX Application Thread] DEBUG GameApplicationServi - Removing overlay from FXGLLoadingScene and adding to GameScene
20:17:02.615 [JavaFX Application Thread] DEBUG PrimaryStageWindow   - FXGLLoadingScene -> GameScene
20:17:07.722 [JavaFX Application Thread] DEBUG PrimaryStageWindow   - Push state: FXGLDefaultMenu
20:17:07.722 [JavaFX Application Thread] DEBUG Input                - Clearing active input actions
20:17:07.723 [JavaFX Application Thread] DEBUG GameApplicationServi - Removing overlay from GameScene and adding to FXGLDefaultMenu
20:17:07.723 [JavaFX Application Thread] DEBUG PrimaryStageWindow   - GameScene -> FXGLDefaultMenu
20:17:09.484 [JavaFX Application Thread] DEBUG Menu                 - fireExitToMainMenu()
20:17:09.487 [JavaFX Application Thread] DEBUG PrimaryStageWindow   - Push state: DialogSubScene
20:17:09.487 [JavaFX Application Thread] DEBUG Input                - Clearing active input actions
20:17:09.487 [JavaFX Application Thread] DEBUG GameApplicationServi - Removing overlay from FXGLDefaultMenu and adding to DialogSubScene
20:17:09.487 [JavaFX Application Thread] DEBUG PrimaryStageWindow   - FXGLDefaultMenu -> DialogSubScene
20:17:10.693 [JavaFX Application Thread] DEBUG PrimaryStageWindow   - Pop state: DialogSubScene
20:17:10.693 [JavaFX Application Thread] DEBUG Input                - Clearing active input actions
20:17:10.693 [JavaFX Application Thread] DEBUG GameApplicationServi - Removing overlay from DialogSubScene and adding to FXGLDefaultMenu
20:17:10.694 [JavaFX Application Thread] DEBUG PrimaryStageWindow   - FXGLDefaultMenu <- DialogSubScene
20:17:10.694 [JavaFX Application Thread] DEBUG PrimaryStageWindow   - Pop state: FXGLDefaultMenu
20:17:10.694 [JavaFX Application Thread] DEBUG Input                - Clearing active input actions
20:17:10.694 [JavaFX Application Thread] DEBUG GameApplicationServi - Removing overlay from FXGLDefaultMenu and adding to GameScene
20:17:10.694 [JavaFX Application Thread] DEBUG PrimaryStageWindow   - GameScene <- FXGLDefaultMenu
20:17:10.694 [JavaFX Application Thread] DEBUG Input                - Clearing active input actions
20:17:10.698 [JavaFX Application Thread] DEBUG GameApplicationServi - Removing overlay from GameScene and adding to FXGLMainMenuDummyScene
20:17:10.698 [JavaFX Application Thread] DEBUG PrimaryStageWindow   - GameScene -> FXGLMainMenuDummyScene
20:17:10.698 [JavaFX Application Thread] DEBUG PrimaryStageWindow   - Push state: FXGLDefaultMenu
20:17:10.698 [JavaFX Application Thread] DEBUG Input                - Clearing active input actions
20:17:10.700 [JavaFX Application Thread] DEBUG GameApplicationServi - Removing overlay from FXGLMainMenuDummyScene and adding to FXGLDefaultMenu
20:17:10.700 [JavaFX Application Thread] DEBUG PrimaryStageWindow   - FXGLMainMenuDummyScene -> FXGLDefaultMenu
20:17:12.351 [JavaFX Application Thread] DEBUG Menu                 - fireNewGame()
20:17:12.352 [JavaFX Application Thread] DEBUG GameApplicationServi - Starting new game
20:17:12.352 [JavaFX Application Thread] DEBUG PrimaryStageWindow   - Pop state: FXGLDefaultMenu
20:17:12.352 [JavaFX Application Thread] DEBUG Input                - Clearing active input actions
20:17:12.353 [JavaFX Application Thread] DEBUG GameApplicationServi - Removing overlay from FXGLDefaultMenu and adding to FXGLMainMenuDummyScene
20:17:12.353 [JavaFX Application Thread] DEBUG PrimaryStageWindow   - FXGLMainMenuDummyScene <- FXGLDefaultMenu
20:17:12.353 [JavaFX Application Thread] DEBUG Input                - Clearing active input actions
20:17:12.358 [JavaFX Application Thread] DEBUG GameApplicationServi - Removing overlay from FXGLMainMenuDummyScene and adding to FXGLLoadingScene
20:17:12.358 [JavaFX Application Thread] DEBUG PrimaryStageWindow   - FXGLMainMenuDummyScene -> FXGLLoadingScene
20:17:12.358 [JavaFX Application Thread] DEBUG GameApplicationServi - Clearing previous game
20:17:12.358 [JavaFX Application Thread] DEBUG GameScene            - Clearing game scene
20:17:12.358 [JavaFX Application Thread] DEBUG GameWorld            - Clearing game world
20:17:12.358 [JavaFX Application Thread] DEBUG PhysicsWorld         - Clearing physics world
20:17:12.359 [FXGL Background Thread 2 ] DEBUG FXGLApplication      - Initializing game
20:17:12.360 [FXGL Background Thread 2 ] INFO  FXGLApplication      - Game initialization took: 0.001 sec
20:17:12.360 [JavaFX Application Thread] DEBUG Input                - Clearing active input actions
20:17:12.366 [JavaFX Application Thread] DEBUG GameApplicationServi - Removing overlay from FXGLLoadingScene and adding to GameScene
20:17:12.366 [JavaFX Application Thread] DEBUG PrimaryStageWindow   - FXGLLoadingScene -> GameScene
20:17:13.115 [JavaFX Application Thread] DEBUG PrimaryStageWindow   - Push state: FXGLDefaultMenu
20:17:13.115 [JavaFX Application Thread] DEBUG Input                - Clearing active input actions
20:17:13.115 [JavaFX Application Thread] DEBUG GameApplicationServi - Removing overlay from GameScene and adding to FXGLDefaultMenu
20:17:13.116 [JavaFX Application Thread] DEBUG PrimaryStageWindow   - GameScene -> FXGLDefaultMenu
20:17:14.067 [JavaFX Application Thread] DEBUG Menu                 - fireExitToMainMenu()
20:17:14.068 [JavaFX Application Thread] DEBUG PrimaryStageWindow   - Push state: DialogSubScene
20:17:14.068 [JavaFX Application Thread] DEBUG Input                - Clearing active input actions
20:17:14.070 [JavaFX Application Thread] DEBUG GameApplicationServi - Removing overlay from FXGLDefaultMenu and adding to DialogSubScene
20:17:14.070 [JavaFX Application Thread] DEBUG PrimaryStageWindow   - FXGLDefaultMenu -> DialogSubScene
20:17:15.546 [JavaFX Application Thread] DEBUG PrimaryStageWindow   - Pop state: DialogSubScene
20:17:15.546 [JavaFX Application Thread] DEBUG Input                - Clearing active input actions
20:17:15.546 [JavaFX Application Thread] DEBUG GameApplicationServi - Removing overlay from DialogSubScene and adding to FXGLDefaultMenu
20:17:15.547 [JavaFX Application Thread] DEBUG PrimaryStageWindow   - FXGLDefaultMenu <- DialogSubScene
20:17:15.547 [JavaFX Application Thread] DEBUG PrimaryStageWindow   - Pop state: FXGLDefaultMenu
20:17:15.547 [JavaFX Application Thread] DEBUG Input                - Clearing active input actions
20:17:15.547 [JavaFX Application Thread] DEBUG GameApplicationServi - Removing overlay from FXGLDefaultMenu and adding to GameScene
20:17:15.547 [JavaFX Application Thread] DEBUG PrimaryStageWindow   - GameScene <- FXGLDefaultMenu
20:17:15.547 [JavaFX Application Thread] DEBUG Input                - Clearing active input actions
20:17:15.550 [JavaFX Application Thread] DEBUG GameApplicationServi - Removing overlay from GameScene and adding to FXGLMainMenuDummyScene
20:17:15.550 [JavaFX Application Thread] DEBUG PrimaryStageWindow   - GameScene -> FXGLMainMenuDummyScene
20:17:15.550 [JavaFX Application Thread] DEBUG PrimaryStageWindow   - Push state: FXGLDefaultMenu
20:17:15.550 [JavaFX Application Thread] DEBUG Input                - Clearing active input actions
20:17:15.551 [JavaFX Application Thread] DEBUG GameApplicationServi - Removing overlay from FXGLMainMenuDummyScene and adding to FXGLDefaultMenu
20:17:15.552 [JavaFX Application Thread] DEBUG PrimaryStageWindow   - FXGLMainMenuDummyScene -> FXGLDefaultMenu
20:17:21.951 [JavaFX Application Thread] DEBUG FXGLApplication      - Exiting FXGL
20:17:21.951 [JavaFX Application Thread] DEBUG LoopRunner           - Stopping loop
20:17:21.951 [JavaFX Application Thread] DEBUG SystemBundleService  - Saving FXGL system data
20:17:21.953 [JavaFX Application Thread] DEBUG FileSystemAccess     - Writing to: C:\Users\admin\IdeaProjects\spaceInvaders\system\fxgl.bundle
20:17:21.955 [JavaFX Application Thread] DEBUG Async                - Shutting down background threads
20:17:21.956 [JavaFX Application Thread] DEBUG PrimaryStageWindow   - Closing main window
20:17:21.986 [JavaFX Application Thread] DEBUG Logger               - Closing Logger
