15:15:17.635 [main                     ] DEBUG Logger               - Configured Logger
15:15:17.684 [main                     ] DEBUG GameApplication      - Logging settings
Title: Space Invaders
Version: 1.0 Beta
Width: 1280
Height: 800
Fullscreen: false
Intro: false
Profiling: false
Single step:false
App Mode: DEVELOPER
Menu Key: ESCAPE
Stage Style: DECORATED
Scene Factory: class com.is413.spaceinvaders.SpaceInvaders$1

15:15:18.263 [JavaFX Application Thread] DEBUG FXGLApplication      - Initializing FXGL
15:15:18.273 [JavaFX Application Thread] INFO  Engine               - FXGL-17.2 (20.08.2022 16.50) on WINDOWS (J:17.0.6 FX:17.0.2-ea)
15:15:18.274 [JavaFX Application Thread] DEBUG Engine               - JRE Vendor Name: Oracle Corporation
15:15:18.274 [JavaFX Application Thread] DEBUG Engine               - Running on OS: Windows 10 version 10.0
15:15:18.275 [JavaFX Application Thread] DEBUG Engine               - Architecture: amd64
15:15:18.275 [JavaFX Application Thread] INFO  Engine               - Source code and latest versions at: https://github.com/AlmasB/FXGL
15:15:18.275 [JavaFX Application Thread] INFO  Engine               -       Ask questions and discuss at: https://github.com/AlmasB/FXGL/discussions
15:15:18.275 [JavaFX Application Thread] INFO  Engine               -              Join the FXGL chat at: https://gitter.im/AlmasB/FXGL
15:15:18.534 [JavaFX Application Thread] DEBUG PrimaryStageWindow   - Creating a JavaFX scene
15:15:18.598 [JavaFX Application Thread] DEBUG PrimaryStageWindow   - Target settings size: 1280.0 x 800.0
15:15:18.598 [JavaFX Application Thread] DEBUG PrimaryStageWindow   - Scaled scene size:    1280.0 x 800.0
15:15:18.599 [JavaFX Application Thread] DEBUG PrimaryStageWindow   - Scaled ratio: (1.0, 1.0)
15:15:18.601 [JavaFX Application Thread] DEBUG PrimaryStageWindow   - Set initial scene to SpaceInvadersScene
15:15:18.613 [JavaFX Application Thread] DEBUG PrimaryStageWindow   - Opening main window
15:15:18.799 [JavaFX Application Thread] DEBUG PrimaryStageWindow   - Window border size: (12.4444580078125, 35.111083984375)
15:15:18.800 [JavaFX Application Thread] DEBUG PrimaryStageWindow   - Scaled size: 1280.0 x 800.0
15:15:18.801 [JavaFX Application Thread] DEBUG PrimaryStageWindow   - Scaled ratio: (1.0, 1.0)
15:15:18.802 [JavaFX Application Thread] DEBUG PrimaryStageWindow   - Scene size: 1280.0 x 800.0
15:15:18.804 [JavaFX Application Thread] DEBUG PrimaryStageWindow   - Stage size: 1292.4444580078125 x 835.111083984375
15:15:18.826 [FXGL Background Thread 1 ] DEBUG Engine               - Initializing environment variables
15:15:18.902 [FXGL Background Thread 1 ] DEBUG FXGLAssetLoaderServi - User app class for loading assets: class com.is413.spaceinvaders.SpaceInvaders
15:15:18.903 [FXGL Background Thread 1 ] DEBUG GameApplicationServi - Applying CSS: fxgl_dark.css
15:15:18.906 [FXGL Background Thread 1 ] DEBUG FXGLAssetLoaderServi - Loading from file system: jar:file:///C:/Users/admin/.m2/repository/com/github/almasb/fxgl/17.2/fxgl-17.2.jar!/fxglassets/ui/css/fxgl_dark.css
15:15:19.038 [FXGL Background Thread 1 ] DEBUG GameApplicationServi - Initializing application scenes
15:15:19.066 [FXGL Background Thread 1 ] DEBUG GameWorld            - Game world initialized
15:15:19.175 [FXGL Background Thread 1 ] DEBUG PhysicsWorld         - Physics world initialized: appHeight=800, physics.ppm=50.0
15:15:19.176 [FXGL Background Thread 1 ] DEBUG PhysicsWorld         - Using strategy: BRUTE_FORCE
15:15:19.182 [FXGL Background Thread 1 ] DEBUG GameScene            - Game scene initialized: 1280x800
15:15:19.200 [FXGL Background Thread 1 ] DEBUG FXGL.DefaultMenu     - createMenuBodyMainMenu()
15:15:19.232 [FXGL Background Thread 1 ] DEBUG FXGL.DefaultMenu     - createOptionsMenu()
15:15:19.255 [FXGL Background Thread 1 ] DEBUG FXGLAssetLoaderServi - Loading from file system: jar:file:///C:/Users/admin/.m2/repository/com/github/almasb/fxgl/17.2/fxgl-17.2.jar!/fxglassets/textures/particles/smoke.png
15:15:19.387 [FXGL Background Thread 1 ] DEBUG FXGLAssetLoaderServi - Loading from file system: jar:file:///C:/Users/admin/.m2/repository/com/github/almasb/fxgl/17.2/fxgl-17.2.jar!/fxglassets/textures/particles/trace_horizontal.png
15:15:19.428 [FXGL Background Thread 1 ] DEBUG FXGL.DefaultMenu     - createMenuBodyGameMenu()
15:15:19.430 [FXGL Background Thread 1 ] DEBUG FXGL.DefaultMenu     - createOptionsMenu()
15:15:19.473 [FXGL Background Thread 1 ] DEBUG GameApplicationServi - Application scenes initialized
15:15:19.490 [FXGL Background Thread 1 ] DEBUG SystemBundleService  - Loading FXGL system data
15:15:19.499 [FXGL Background Thread 1 ] DEBUG FileSystemAccess     - Reading from: C:\Users\admin\IdeaProjects\spaceInvaders\system\fxgl.bundle
15:15:19.513 [FXGL Background Thread 1 ] DEBUG SystemBundleService  - Bundle FXGL: {}
15:15:19.514 [FXGL Background Thread 1 ] DEBUG UpdaterService       - Checking for updates
15:15:19.520 [FXGL Background Thread 1 ] DEBUG FXGLApplication      - Loading default localization
15:15:19.521 [FXGL Background Thread 1 ] DEBUG FXGLAssetLoaderServi - Loading from file system: jar:file:///C:/Users/admin/.m2/repository/com/github/almasb/fxgl/17.2/fxgl-17.2.jar!/fxglassets/languages/english.lang
15:15:19.548 [FXGL Background Thread 1 ] INFO  FXGLApplication      - FXGL initialization took: 0.722 sec
15:15:19.557 [FXGL Background Thread 4 ] DEBUG FXGLApplication      - Loading fonts
15:15:19.557 [FXGL Background Thread 4 ] DEBUG FXGLAssetLoaderServi - Loading from file system: jar:file:///C:/Users/admin/.m2/repository/com/github/almasb/fxgl/17.2/fxgl-17.2.jar!/fxglassets/ui/fonts/VarelaRound-Regular.ttf
15:15:19.561 [JavaFX Application Thread] DEBUG Input                - Registered new binding: Move Left - A
15:15:19.562 [JavaFX Application Thread] DEBUG Input                - Registered new binding: Move Right - D
15:15:19.562 [JavaFX Application Thread] DEBUG Input                - Registered new binding: Fire Missile - Space
15:15:19.563 [JavaFX Application Thread] DEBUG FXGLAssetLoaderServi - Loading from file system: file:/C:/Users/admin/IdeaProjects/spaceInvaders/target/classes/assets/sounds/fire.wav
15:15:19.676 [JavaFX Application Thread] DEBUG FXGLAssetLoaderServi - Loading from file system: file:/C:/Users/admin/IdeaProjects/spaceInvaders/target/classes/assets/sounds/explosion.wav
15:15:19.679 [JavaFX Application Thread] DEBUG FXGLAssetLoaderServi - Loading from file system: file:/C:/Users/admin/IdeaProjects/spaceInvaders/target/classes/assets/music/music.mp3
15:15:19.851 [JavaFX Application Thread] DEBUG AudioPlayer          - Playing music com.almasb.fxgl.audio.Music@bf0391f
15:15:19.852 [JavaFX Application Thread] DEBUG FXGLAssetLoaderServi - Loading from file system: jar:file:///C:/Users/admin/.m2/repository/com/github/almasb/fxgl/17.2/fxgl-17.2.jar!/fxglassets/textures/fxgl_icon.png
15:15:19.882 [JavaFX Application Thread] DEBUG FXGLAssetLoaderServi - Loading from file system: jar:file:///C:/Users/admin/.m2/repository/com/github/almasb/fxgl/17.2/fxgl-17.2.jar!/fxglassets/textures/fxgl_default_cursor.png
15:15:19.886 [JavaFX Application Thread] DEBUG Input                - Registered new binding: Screenshot - CTRL+8
15:15:19.887 [JavaFX Application Thread] DEBUG Input                - Registered new binding: System info dump - CTRL+9
15:15:19.888 [JavaFX Application Thread] DEBUG Input                - Registered new binding: Restart - CTRL+R
15:15:19.888 [JavaFX Application Thread] DEBUG Input                - Registered new binding: Toggle Debug Camera - CTRL+7
15:15:19.892 [JavaFX Application Thread] DEBUG LoopRunner           - Starting loop
15:15:19.892 [JavaFX Application Thread] DEBUG LoopRunner           - Initializing JavaFX AnimationTimerLoop
15:15:19.895 [JavaFX Application Thread] DEBUG Input                - Clearing active input actions
15:15:19.914 [JavaFX Application Thread] DEBUG GameApplicationServi - Removing overlay from SpaceInvadersScene and adding to FXGLMainMenuDummyScene
15:15:19.915 [JavaFX Application Thread] DEBUG PrimaryStageWindow   - SpaceInvadersScene -> FXGLMainMenuDummyScene
15:15:19.915 [JavaFX Application Thread] DEBUG PrimaryStageWindow   - Push state: FXGLDefaultMenu
15:15:19.925 [JavaFX Application Thread] DEBUG Input                - Clearing active input actions
15:15:19.934 [JavaFX Application Thread] DEBUG GameApplicationServi - Removing overlay from FXGLMainMenuDummyScene and adding to FXGLDefaultMenu
15:15:19.935 [JavaFX Application Thread] DEBUG PrimaryStageWindow   - FXGLMainMenuDummyScene -> FXGLDefaultMenu
15:15:20.036 [FXGL Background Thread 4 ] DEBUG FXGLAssetLoaderServi - Loading from file system: jar:file:///C:/Users/admin/.m2/repository/com/github/almasb/fxgl/17.2/fxgl-17.2.jar!/fxglassets/ui/fonts/Abel-Regular.ttf
15:15:20.049 [FXGL Background Thread 4 ] DEBUG FXGLAssetLoaderServi - Loading from file system: jar:file:///C:/Users/admin/.m2/repository/com/github/almasb/fxgl/17.2/fxgl-17.2.jar!/fxglassets/ui/fonts/TerminalLandMono-Regular.otf
15:15:20.052 [FXGL Background Thread 4 ] DEBUG FXGLAssetLoaderServi - Loading from file system: jar:file:///C:/Users/admin/.m2/repository/com/github/almasb/fxgl/17.2/fxgl-17.2.jar!/fxglassets/ui/fonts/Courier-Prime.ttf
15:15:20.140 [FXGL Background Thread 2 ] WARN  UpdaterService       - Failed to find updates: java.net.UnknownHostException: raw.githubusercontent.com
15:15:20.193 [JavaFX Application Thread] DEBUG FXGLApplication      - Registering font factories with UI factory
15:15:22.518 [FXGL Background Thread 3 ] DEBUG Engine               - Logging environment variables
15:15:22.521 [FXGL Background Thread 3 ] DEBUG Engine               - achievements: []
15:15:22.521 [FXGL Background Thread 3 ] DEBUG Engine               - actualHeight: 800.0
15:15:22.522 [FXGL Background Thread 3 ] DEBUG Engine               - actualHeightProperty: ReadOnlyDoubleProperty [value: 800.0]
15:15:22.523 [FXGL Background Thread 3 ] DEBUG Engine               - actualWidth: 1280.0
15:15:22.523 [FXGL Background Thread 3 ] DEBUG Engine               - actualWidthProperty: ReadOnlyDoubleProperty [value: 1280.0]
15:15:22.523 [FXGL Background Thread 3 ] DEBUG Engine               - appIcon: fxgl_icon.png
15:15:22.524 [FXGL Background Thread 3 ] DEBUG Engine               - applicationMode: DEVELOPER
15:15:22.525 [FXGL Background Thread 3 ] DEBUG Engine               - cSSList: [fxgl_dark.css]
15:15:22.525 [FXGL Background Thread 3 ] DEBUG Engine               - collisionDetectionStrategy: BRUTE_FORCE
15:15:22.525 [FXGL Background Thread 3 ] DEBUG Engine               - configClass: Optional.empty
15:15:22.525 [FXGL Background Thread 3 ] DEBUG Engine               - credits: []
15:15:22.540 [FXGL Background Thread 3 ] DEBUG Engine               - defaultCursor: CursorInfo(imageName=fxgl_default_cursor.png, hotspotX=7.0, hotspotY=6.0)
15:15:22.541 [FXGL Background Thread 3 ] DEBUG Engine               - devBBoxColorProperty: ObjectProperty [value: 0xff0000ff]
15:15:22.541 [FXGL Background Thread 3 ] DEBUG Engine               - devEnableDebugCameraProperty: BooleanProperty [value: false]
15:15:22.541 [FXGL Background Thread 3 ] DEBUG Engine               - devSensorColorProperty: ObjectProperty [value: 0xffff00ff]
15:15:22.542 [FXGL Background Thread 3 ] DEBUG Engine               - devShowBBoxProperty: BooleanProperty [value: false]
15:15:22.542 [FXGL Background Thread 3 ] DEBUG Engine               - devShowPositionProperty: BooleanProperty [value: false]
15:15:22.542 [FXGL Background Thread 3 ] DEBUG Engine               - enabledMenuItems: []
15:15:22.542 [FXGL Background Thread 3 ] DEBUG Engine               - engineServices: [class com.almasb.fxgl.app.services.FXGLAssetLoaderService, class com.almasb.fxgl.app.FXGLApplication$GameApplicationService, class com.almasb.fxgl.app.services.FXGLDialogService, class com.almasb.fxgl.app.services.IOTaskExecutorService, class com.almasb.fxgl.io.FileSystemService, class com.almasb.fxgl.localization.LocalizationService, class com.almasb.fxgl.app.services.SystemBundleService, class com.almasb.fxgl.profile.SaveLoadService, class com.almasb.fxgl.ui.FXGLUIFactoryServiceProvider, class com.almasb.fxgl.ui.FXGLDialogFactoryServiceProvider, class com.almasb.fxgl.audio.AudioPlayer, class com.almasb.fxgl.notification.impl.NotificationServiceProvider, class com.almasb.fxgl.achievement.AchievementService, class com.almasb.fxgl.cutscene.CutsceneService, class com.almasb.fxgl.minigames.MiniGameService, class com.almasb.fxgl.net.NetService, class com.almasb.fxgl.app.services.UpdaterService, class com.almasb.fxgl.dev.DevService]
15:15:22.542 [FXGL Background Thread 3 ] DEBUG Engine               - fontGame: Abel-Regular.ttf
15:15:22.543 [FXGL Background Thread 3 ] DEBUG Engine               - fontMono: TerminalLandMono-Regular.otf
15:15:22.543 [FXGL Background Thread 3 ] DEBUG Engine               - fontText: Courier-Prime.ttf
15:15:22.543 [FXGL Background Thread 3 ] DEBUG Engine               - fontUI: VarelaRound-Regular.ttf
15:15:22.543 [FXGL Background Thread 3 ] DEBUG Engine               - fullScreen: BooleanProperty [value: false]
15:15:22.543 [FXGL Background Thread 3 ] DEBUG Engine               - gameDifficulty: MEDIUM
15:15:22.543 [FXGL Background Thread 3 ] DEBUG Engine               - gameDifficultyProperty: ObjectProperty [value: MEDIUM]
15:15:22.543 [FXGL Background Thread 3 ] DEBUG Engine               - globalMusicVolume: 0.5
15:15:22.543 [FXGL Background Thread 3 ] DEBUG Engine               - globalMusicVolumeProperty: DoubleProperty [value: 0.5]
15:15:22.544 [FXGL Background Thread 3 ] DEBUG Engine               - globalSoundVolume: 0.5
15:15:22.544 [FXGL Background Thread 3 ] DEBUG Engine               - globalSoundVolumeProperty: DoubleProperty [value: 0.5]
15:15:22.544 [FXGL Background Thread 3 ] DEBUG Engine               - height: 800
15:15:22.544 [FXGL Background Thread 3 ] DEBUG Engine               - is3D: false
15:15:22.544 [FXGL Background Thread 3 ] DEBUG Engine               - isAndroid: false
15:15:22.544 [FXGL Background Thread 3 ] DEBUG Engine               - isBrowser: false
15:15:22.544 [FXGL Background Thread 3 ] DEBUG Engine               - isClickFeedbackEnabled: false
15:15:22.544 [FXGL Background Thread 3 ] DEBUG Engine               - isCloseConfirmation: false
15:15:22.545 [FXGL Background Thread 3 ] DEBUG Engine               - isDesktop: true
15:15:22.545 [FXGL Background Thread 3 ] DEBUG Engine               - isDeveloperMenuEnabled: false
15:15:22.545 [FXGL Background Thread 3 ] DEBUG Engine               - isEmbedded: false
15:15:22.546 [FXGL Background Thread 3 ] DEBUG Engine               - isEntityPreloadEnabled: true
15:15:22.546 [FXGL Background Thread 3 ] DEBUG Engine               - isExperimentalTiledLargeMap: false
15:15:22.546 [FXGL Background Thread 3 ] DEBUG Engine               - isFileSystemWriteAllowed: true
15:15:22.546 [FXGL Background Thread 3 ] DEBUG Engine               - isFullScreenAllowed: false
15:15:22.547 [FXGL Background Thread 3 ] DEBUG Engine               - isFullScreenFromStart: false
15:15:22.547 [FXGL Background Thread 3 ] DEBUG Engine               - isGameMenuEnabled: true
15:15:22.547 [FXGL Background Thread 3 ] DEBUG Engine               - isIOS: false
15:15:22.548 [FXGL Background Thread 3 ] DEBUG Engine               - isIntroEnabled: false
15:15:22.548 [FXGL Background Thread 3 ] DEBUG Engine               - isLinux: false
15:15:22.548 [FXGL Background Thread 3 ] DEBUG Engine               - isMac: false
15:15:22.548 [FXGL Background Thread 3 ] DEBUG Engine               - isMainMenuEnabled: true
15:15:22.549 [FXGL Background Thread 3 ] DEBUG Engine               - isManualResizeEnabled: false
15:15:22.549 [FXGL Background Thread 3 ] DEBUG Engine               - isMobile: false
15:15:22.549 [FXGL Background Thread 3 ] DEBUG Engine               - isNative: false
15:15:22.549 [FXGL Background Thread 3 ] DEBUG Engine               - isPauseMusicWhenMinimized: true
15:15:22.550 [FXGL Background Thread 3 ] DEBUG Engine               - isPreserveResizeRatio: false
15:15:22.550 [FXGL Background Thread 3 ] DEBUG Engine               - isProfilingEnabled: false
15:15:22.550 [FXGL Background Thread 3 ] DEBUG Engine               - isScaleAffectedOnResize: true
15:15:22.551 [FXGL Background Thread 3 ] DEBUG Engine               - isSingleStep: false
15:15:22.551 [FXGL Background Thread 3 ] DEBUG Engine               - isUserProfileEnabled: false
15:15:22.551 [FXGL Background Thread 3 ] DEBUG Engine               - isWindows: true
15:15:22.551 [FXGL Background Thread 3 ] DEBUG Engine               - language: ObjectProperty [value: ENGLISH]
15:15:22.551 [FXGL Background Thread 3 ] DEBUG Engine               - menuKey: ESCAPE
15:15:22.551 [FXGL Background Thread 3 ] DEBUG Engine               - mouseSensitivity: 0.2
15:15:22.551 [FXGL Background Thread 3 ] DEBUG Engine               - notificationViewClass: class com.almasb.fxgl.notification.view.XboxNotificationView
15:15:22.551 [FXGL Background Thread 3 ] DEBUG Engine               - pixelsPerMeter: 50.0
15:15:22.551 [FXGL Background Thread 3 ] DEBUG Engine               - platform: WINDOWS
15:15:22.552 [FXGL Background Thread 3 ] DEBUG Engine               - prefHeightProperty: ReadOnlyDoubleProperty [value: 800.0]
15:15:22.552 [FXGL Background Thread 3 ] DEBUG Engine               - prefWidthProperty: ReadOnlyDoubleProperty [value: 1280.0]
15:15:22.552 [FXGL Background Thread 3 ] DEBUG Engine               - profileDir: profiles/
15:15:22.552 [FXGL Background Thread 3 ] DEBUG Engine               - profileName: StringProperty [value: DEFAULT]
15:15:22.552 [FXGL Background Thread 3 ] DEBUG Engine               - randomSeed: -1
15:15:22.553 [FXGL Background Thread 3 ] DEBUG Engine               - runtimeInfo: RuntimeInfo(platform=WINDOWS, version=17.2, build=20.08.2022 16.50)
15:15:22.553 [FXGL Background Thread 3 ] DEBUG Engine               - saveFileExt: sav
15:15:22.553 [FXGL Background Thread 3 ] DEBUG Engine               - scaledHeightProp$fxgl: DoubleProperty [bound, value: 800.0]
15:15:22.553 [FXGL Background Thread 3 ] DEBUG Engine               - scaledWidthProp$fxgl: DoubleProperty [bound, value: 1280.0]
15:15:22.553 [FXGL Background Thread 3 ] DEBUG Engine               - sceneFactory: com.is413.spaceinvaders.SpaceInvaders$1@2e08d10a
15:15:22.553 [FXGL Background Thread 3 ] DEBUG Engine               - secondsIn24h: 60
15:15:22.553 [FXGL Background Thread 3 ] DEBUG Engine               - soundMenuBack: menu/back.wav
15:15:22.553 [FXGL Background Thread 3 ] DEBUG Engine               - soundMenuPress: menu/press.wav
15:15:22.553 [FXGL Background Thread 3 ] DEBUG Engine               - soundMenuSelect: menu/select.wav
15:15:22.554 [FXGL Background Thread 3 ] DEBUG Engine               - soundNotification: core/notification.wav
15:15:22.554 [FXGL Background Thread 3 ] DEBUG Engine               - stageStyle: DECORATED
15:15:22.554 [FXGL Background Thread 3 ] DEBUG Engine               - supportedLanguages: [ENGLISH, FRENCH, GERMAN, HUNGARIAN, RUSSIAN]
15:15:22.554 [FXGL Background Thread 3 ] DEBUG Engine               - ticksPerSecond: -1
15:15:22.554 [FXGL Background Thread 3 ] DEBUG Engine               - title: Space Invaders
15:15:22.554 [FXGL Background Thread 3 ] DEBUG Engine               - urlGithub: https://github.com/AlmasB/FXGL
15:15:22.554 [FXGL Background Thread 3 ] DEBUG Engine               - urlLeaderboard: http://fxgl-top.herokuapp.com/
15:15:22.554 [FXGL Background Thread 3 ] DEBUG Engine               - urlPOM: https://raw.githubusercontent.com/AlmasB/FXGL/release/README.md
15:15:22.554 [FXGL Background Thread 3 ] DEBUG Engine               - userAppClass: class com.is413.spaceinvaders.SpaceInvaders
15:15:22.554 [FXGL Background Thread 3 ] DEBUG Engine               - version: 1.0 Beta
15:15:22.554 [FXGL Background Thread 3 ] DEBUG Engine               - versionCheckDays: 7
15:15:22.555 [FXGL Background Thread 3 ] DEBUG Engine               - width: 1280
15:15:22.555 [FXGL Background Thread 3 ] DEBUG Engine               - Logging services
15:15:22.555 [FXGL Background Thread 3 ] DEBUG Engine               - class com.almasb.fxgl.app.services.FXGLAssetLoaderService
15:15:22.555 [FXGL Background Thread 3 ] DEBUG Engine               - class com.almasb.fxgl.app.FXGLApplication$GameApplicationService
15:15:22.555 [FXGL Background Thread 3 ] DEBUG Engine               - class com.almasb.fxgl.app.services.FXGLDialogService
15:15:22.555 [FXGL Background Thread 3 ] DEBUG Engine               - class com.almasb.fxgl.app.services.IOTaskExecutorService
15:15:22.555 [FXGL Background Thread 3 ] DEBUG Engine               - class com.almasb.fxgl.io.FileSystemService
15:15:22.555 [FXGL Background Thread 3 ] DEBUG Engine               - class com.almasb.fxgl.localization.LocalizationService
15:15:22.555 [FXGL Background Thread 3 ] DEBUG Engine               - class com.almasb.fxgl.app.services.SystemBundleService
15:15:22.555 [FXGL Background Thread 3 ] DEBUG Engine               - class com.almasb.fxgl.profile.SaveLoadService
15:15:22.555 [FXGL Background Thread 3 ] DEBUG Engine               - class com.almasb.fxgl.ui.FXGLUIFactoryServiceProvider
15:15:22.556 [FXGL Background Thread 3 ] DEBUG Engine               - class com.almasb.fxgl.ui.FXGLDialogFactoryServiceProvider
15:15:22.556 [FXGL Background Thread 3 ] DEBUG Engine               - class com.almasb.fxgl.audio.AudioPlayer
15:15:22.556 [FXGL Background Thread 3 ] DEBUG Engine               - class com.almasb.fxgl.notification.impl.NotificationServiceProvider
15:15:22.556 [FXGL Background Thread 3 ] DEBUG Engine               - class com.almasb.fxgl.achievement.AchievementService
15:15:22.556 [FXGL Background Thread 3 ] DEBUG Engine               - class com.almasb.fxgl.cutscene.CutsceneService
15:15:22.556 [FXGL Background Thread 3 ] DEBUG Engine               - class com.almasb.fxgl.minigames.MiniGameService
15:15:22.556 [FXGL Background Thread 3 ] DEBUG Engine               - class com.almasb.fxgl.net.NetService
15:15:22.556 [FXGL Background Thread 3 ] DEBUG Engine               - class com.almasb.fxgl.app.services.UpdaterService
15:15:22.556 [FXGL Background Thread 3 ] DEBUG Engine               - class com.almasb.fxgl.dev.DevService
15:15:22.958 [JavaFX Application Thread] DEBUG Menu                 - fireNewGame()
15:15:22.959 [JavaFX Application Thread] DEBUG GameApplicationServi - Starting new game
15:15:22.962 [JavaFX Application Thread] DEBUG PrimaryStageWindow   - Pop state: FXGLDefaultMenu
15:15:22.963 [JavaFX Application Thread] DEBUG Input                - Clearing active input actions
15:15:22.965 [JavaFX Application Thread] DEBUG GameApplicationServi - Removing overlay from FXGLDefaultMenu and adding to FXGLMainMenuDummyScene
15:15:22.966 [JavaFX Application Thread] DEBUG PrimaryStageWindow   - FXGLMainMenuDummyScene <- FXGLDefaultMenu
15:15:22.967 [JavaFX Application Thread] DEBUG Input                - Clearing active input actions
15:15:22.985 [JavaFX Application Thread] DEBUG GameApplicationServi - Removing overlay from FXGLMainMenuDummyScene and adding to FXGLLoadingScene
15:15:22.986 [JavaFX Application Thread] DEBUG PrimaryStageWindow   - FXGLMainMenuDummyScene -> FXGLLoadingScene
15:15:22.986 [JavaFX Application Thread] DEBUG GameApplicationServi - Clearing previous game
15:15:22.986 [JavaFX Application Thread] DEBUG GameScene            - Clearing game scene
15:15:22.986 [JavaFX Application Thread] DEBUG GameWorld            - Clearing game world
15:15:22.986 [JavaFX Application Thread] DEBUG PhysicsWorld         - Clearing physics world
15:15:22.988 [FXGL Background Thread 2 ] DEBUG FXGLApplication      - Initializing game
15:15:23.006 [FXGL Background Thread 2 ] INFO  FXGLApplication      - Game initialization took: 0.017 sec
15:15:23.014 [JavaFX Application Thread] DEBUG Input                - Clearing active input actions
15:15:23.025 [JavaFX Application Thread] DEBUG GameApplicationServi - Removing overlay from FXGLLoadingScene and adding to GameScene
15:15:23.026 [JavaFX Application Thread] DEBUG PrimaryStageWindow   - FXGLLoadingScene -> GameScene
15:15:25.570 [JavaFX Application Thread] DEBUG FXGLAssetLoaderServi - Loading from file system: file:/C:/Users/admin/IdeaProjects/spaceInvaders/target/classes/assets/textures/lv1.jpeg
15:15:25.592 [JavaFX Application Thread] DEBUG FXGLAssetLoaderServi - Loading from file system: file:/C:/Users/admin/IdeaProjects/spaceInvaders/target/classes/assets/textures/ship.png
15:15:26.276 [JavaFX Application Thread] DEBUG FXGLAssetLoaderServi - Loading from file system: file:/C:/Users/admin/IdeaProjects/spaceInvaders/target/classes/assets/textures/enemy/enemy%20(1).png
15:15:26.287 [JavaFX Application Thread] DEBUG FXGLAssetLoaderServi - Loading from file system: file:/C:/Users/admin/IdeaProjects/spaceInvaders/target/classes/assets/textures/enemy/enemy%20(2).png
15:15:26.295 [JavaFX Application Thread] DEBUG FXGLAssetLoaderServi - Loading from file system: file:/C:/Users/admin/IdeaProjects/spaceInvaders/target/classes/assets/textures/enemy/enemy%20(3).png
15:15:26.302 [JavaFX Application Thread] DEBUG FXGLAssetLoaderServi - Loading from file system: file:/C:/Users/admin/IdeaProjects/spaceInvaders/target/classes/assets/textures/enemy/enemy%20(4).png
15:15:26.314 [JavaFX Application Thread] DEBUG FXGLAssetLoaderServi - Loading from file system: file:/C:/Users/admin/IdeaProjects/spaceInvaders/target/classes/assets/textures/enemy/enemy%20(5).png
15:15:26.324 [JavaFX Application Thread] DEBUG FXGLAssetLoaderServi - Loading from file system: file:/C:/Users/admin/IdeaProjects/spaceInvaders/target/classes/assets/textures/enemy/enemy%20(6).png
15:15:26.337 [JavaFX Application Thread] DEBUG FXGLAssetLoaderServi - Loading from file system: file:/C:/Users/admin/IdeaProjects/spaceInvaders/target/classes/assets/textures/enemy/enemy%20(7).png
15:15:26.345 [JavaFX Application Thread] DEBUG FXGLAssetLoaderServi - Loading from file system: file:/C:/Users/admin/IdeaProjects/spaceInvaders/target/classes/assets/textures/enemy/enemy%20(8).png
15:15:26.360 [JavaFX Application Thread] DEBUG FXGLAssetLoaderServi - Loading from file system: file:/C:/Users/admin/IdeaProjects/spaceInvaders/target/classes/assets/textures/enemy/enemy%20(9).png
15:15:26.371 [JavaFX Application Thread] DEBUG FXGLAssetLoaderServi - Loading from file system: file:/C:/Users/admin/IdeaProjects/spaceInvaders/target/classes/assets/textures/enemy/enemy%20(10).png
15:15:41.725 [JavaFX Application Thread] DEBUG PrimaryStageWindow   - Push state: DialogSubScene
15:15:41.726 [JavaFX Application Thread] DEBUG Input                - Clearing active input actions
15:15:41.727 [JavaFX Application Thread] DEBUG GameApplicationServi - Removing overlay from GameScene and adding to DialogSubScene
15:15:41.727 [JavaFX Application Thread] DEBUG PrimaryStageWindow   - GameScene -> DialogSubScene
15:16:04.584 [JavaFX Application Thread] DEBUG PrimaryStageWindow   - Pop state: DialogSubScene
15:16:04.584 [JavaFX Application Thread] DEBUG Input                - Clearing active input actions
15:16:04.584 [JavaFX Application Thread] DEBUG GameApplicationServi - Removing overlay from DialogSubScene and adding to GameScene
15:16:04.585 [JavaFX Application Thread] DEBUG PrimaryStageWindow   - GameScene <- DialogSubScene
15:16:04.585 [JavaFX Application Thread] DEBUG GameApplicationServi - Starting new game
15:16:04.585 [JavaFX Application Thread] DEBUG Input                - Clearing active input actions
15:16:04.590 [JavaFX Application Thread] DEBUG GameApplicationServi - Removing overlay from GameScene and adding to FXGLLoadingScene
15:16:04.590 [JavaFX Application Thread] DEBUG PrimaryStageWindow   - GameScene -> FXGLLoadingScene
15:16:04.590 [JavaFX Application Thread] DEBUG GameApplicationServi - Clearing previous game
15:16:04.590 [JavaFX Application Thread] DEBUG GameScene            - Clearing game scene
15:16:04.590 [JavaFX Application Thread] DEBUG GameWorld            - Clearing game world
15:16:04.595 [JavaFX Application Thread] DEBUG PhysicsWorld         - Clearing physics world
15:16:04.595 [FXGL Background Thread 2 ] DEBUG FXGLApplication      - Initializing game
15:16:04.597 [FXGL Background Thread 2 ] INFO  FXGLApplication      - Game initialization took: 0.001 sec
15:16:04.600 [JavaFX Application Thread] DEBUG Input                - Clearing active input actions
15:16:04.608 [JavaFX Application Thread] DEBUG GameApplicationServi - Removing overlay from FXGLLoadingScene and adding to GameScene
15:16:04.609 [JavaFX Application Thread] DEBUG PrimaryStageWindow   - FXGLLoadingScene -> GameScene
15:16:06.261 [JavaFX Application Thread] DEBUG FXGLAssetLoaderServi - Loading from file system: file:/C:/Users/admin/IdeaProjects/spaceInvaders/target/classes/assets/textures/missile.png
15:16:08.196 [JavaFX Application Thread] DEBUG FXGLAssetLoaderServi - Loading from file system: file:/C:/Users/admin/IdeaProjects/spaceInvaders/target/classes/assets/textures/explode/Bomb_3_Explosion_002.png
15:16:08.215 [JavaFX Application Thread] DEBUG FXGLAssetLoaderServi - Loading from file system: file:/C:/Users/admin/IdeaProjects/spaceInvaders/target/classes/assets/textures/explode/Bomb_3_Explosion_003.png
15:16:08.235 [JavaFX Application Thread] DEBUG FXGLAssetLoaderServi - Loading from file system: file:/C:/Users/admin/IdeaProjects/spaceInvaders/target/classes/assets/textures/explode/Bomb_3_Explosion_004.png
15:16:08.255 [JavaFX Application Thread] DEBUG FXGLAssetLoaderServi - Loading from file system: file:/C:/Users/admin/IdeaProjects/spaceInvaders/target/classes/assets/textures/explode/Bomb_3_Explosion_005.png
15:16:08.273 [JavaFX Application Thread] DEBUG FXGLAssetLoaderServi - Loading from file system: file:/C:/Users/admin/IdeaProjects/spaceInvaders/target/classes/assets/textures/explode/Bomb_3_Explosion_006.png
15:16:08.292 [JavaFX Application Thread] DEBUG FXGLAssetLoaderServi - Loading from file system: file:/C:/Users/admin/IdeaProjects/spaceInvaders/target/classes/assets/textures/explode/Bomb_3_Explosion_007.png
15:16:08.310 [JavaFX Application Thread] DEBUG FXGLAssetLoaderServi - Loading from file system: file:/C:/Users/admin/IdeaProjects/spaceInvaders/target/classes/assets/textures/explode/Bomb_3_Explosion_008.png
15:16:32.413 [JavaFX Application Thread] DEBUG PrimaryStageWindow   - Push state: DialogSubScene
15:16:32.413 [JavaFX Application Thread] DEBUG Input                - Clearing active input actions
15:16:32.415 [JavaFX Application Thread] DEBUG GameApplicationServi - Removing overlay from GameScene and adding to DialogSubScene
15:16:32.415 [JavaFX Application Thread] DEBUG PrimaryStageWindow   - GameScene -> DialogSubScene
16:15:19.905 [JavaFX Application Thread] DEBUG FXGLApplication      - Exiting FXGL
16:15:19.905 [JavaFX Application Thread] DEBUG LoopRunner           - Stopping loop
16:15:19.906 [JavaFX Application Thread] DEBUG SystemBundleService  - Saving FXGL system data
16:15:19.910 [JavaFX Application Thread] DEBUG FileSystemAccess     - Writing to: C:\Users\admin\IdeaProjects\spaceInvaders\system\fxgl.bundle
16:15:19.913 [JavaFX Application Thread] DEBUG Async                - Shutting down background threads
16:15:19.913 [JavaFX Application Thread] DEBUG PrimaryStageWindow   - Closing main window
16:15:19.952 [JavaFX Application Thread] DEBUG Logger               - Closing Logger
