12:33:20.444 [main                     ] DEBUG Logger               - Configured Logger
12:33:20.490 [main                     ] DEBUG GameApplication      - Logging settings
Title: Space Invaders
Version: 1.0 Beta
Width: 1280
Height: 800
Fullscreen: false
Intro: false
Profiling: false
Single step:false
App Mode: DEVELOPER
Menu Key: ESCAPE
Stage Style: DECORATED
Scene Factory: class com.is413.spaceinvaders.SpaceInvaders$1

12:33:20.945 [JavaFX Application Thread] DEBUG FXGLApplication      - Initializing FXGL
12:33:20.956 [JavaFX Application Thread] INFO  Engine               - FXGL-17.2 (20.08.2022 16.50) on WINDOWS (J:17.0.6 FX:17.0.2-ea)
12:33:20.957 [JavaFX Application Thread] DEBUG Engine               - JRE Vendor Name: Oracle Corporation
12:33:20.957 [JavaFX Application Thread] DEBUG Engine               - Running on OS: Windows 10 version 10.0
12:33:20.957 [JavaFX Application Thread] DEBUG Engine               - Architecture: amd64
12:33:20.958 [JavaFX Application Thread] INFO  Engine               - Source code and latest versions at: https://github.com/AlmasB/FXGL
12:33:20.958 [JavaFX Application Thread] INFO  Engine               -       Ask questions and discuss at: https://github.com/AlmasB/FXGL/discussions
12:33:20.958 [JavaFX Application Thread] INFO  Engine               -              Join the FXGL chat at: https://gitter.im/AlmasB/FXGL
12:33:21.145 [JavaFX Application Thread] DEBUG PrimaryStageWindow   - Creating a JavaFX scene
12:33:21.206 [JavaFX Application Thread] DEBUG PrimaryStageWindow   - Target settings size: 1280.0 x 800.0
12:33:21.207 [JavaFX Application Thread] DEBUG PrimaryStageWindow   - Scaled scene size:    1280.0 x 800.0
12:33:21.208 [JavaFX Application Thread] DEBUG PrimaryStageWindow   - Scaled ratio: (1.0, 1.0)
12:33:21.210 [JavaFX Application Thread] DEBUG PrimaryStageWindow   - Set initial scene to SpaceInvadersScene
12:33:21.232 [JavaFX Application Thread] DEBUG PrimaryStageWindow   - Opening main window
12:33:21.434 [JavaFX Application Thread] DEBUG PrimaryStageWindow   - Window border size: (12.4444580078125, 35.111083984375)
12:33:21.435 [JavaFX Application Thread] DEBUG PrimaryStageWindow   - Scaled size: 1280.0 x 800.0
12:33:21.439 [JavaFX Application Thread] DEBUG PrimaryStageWindow   - Scaled ratio: (1.0, 1.0)
12:33:21.441 [JavaFX Application Thread] DEBUG PrimaryStageWindow   - Scene size: 1280.0 x 800.0
12:33:21.443 [JavaFX Application Thread] DEBUG PrimaryStageWindow   - Stage size: 1292.4444580078125 x 835.111083984375
12:33:21.470 [FXGL Background Thread 1 ] DEBUG Engine               - Initializing environment variables
12:33:21.550 [FXGL Background Thread 1 ] DEBUG FXGLAssetLoaderServi - User app class for loading assets: class com.is413.spaceinvaders.SpaceInvaders
12:33:21.550 [FXGL Background Thread 1 ] DEBUG GameApplicationServi - Applying CSS: fxgl_dark.css
12:33:21.552 [FXGL Background Thread 1 ] DEBUG FXGLAssetLoaderServi - Loading from file system: jar:file:///C:/Users/admin/.m2/repository/com/github/almasb/fxgl/17.2/fxgl-17.2.jar!/fxglassets/ui/css/fxgl_dark.css
12:33:21.664 [FXGL Background Thread 1 ] DEBUG GameApplicationServi - Initializing application scenes
12:33:21.729 [FXGL Background Thread 1 ] DEBUG GameWorld            - Game world initialized
12:33:21.868 [FXGL Background Thread 1 ] DEBUG PhysicsWorld         - Physics world initialized: appHeight=800, physics.ppm=50.0
12:33:21.869 [FXGL Background Thread 1 ] DEBUG PhysicsWorld         - Using strategy: BRUTE_FORCE
12:33:21.878 [FXGL Background Thread 1 ] DEBUG GameScene            - Game scene initialized: 1280x800
12:33:21.905 [FXGL Background Thread 1 ] DEBUG FXGL.DefaultMenu     - createMenuBodyMainMenu()
12:33:21.930 [FXGL Background Thread 1 ] DEBUG FXGL.DefaultMenu     - createOptionsMenu()
12:33:21.949 [FXGL Background Thread 1 ] DEBUG FXGLAssetLoaderServi - Loading from file system: jar:file:///C:/Users/admin/.m2/repository/com/github/almasb/fxgl/17.2/fxgl-17.2.jar!/fxglassets/textures/particles/smoke.png
12:33:22.139 [FXGL Background Thread 1 ] DEBUG FXGLAssetLoaderServi - Loading from file system: jar:file:///C:/Users/admin/.m2/repository/com/github/almasb/fxgl/17.2/fxgl-17.2.jar!/fxglassets/textures/particles/trace_horizontal.png
12:33:22.209 [FXGL Background Thread 1 ] DEBUG FXGL.DefaultMenu     - createMenuBodyGameMenu()
12:33:22.211 [FXGL Background Thread 1 ] DEBUG FXGL.DefaultMenu     - createOptionsMenu()
12:33:22.238 [FXGL Background Thread 1 ] DEBUG GameApplicationServi - Application scenes initialized
12:33:22.262 [FXGL Background Thread 1 ] DEBUG SystemBundleService  - Loading FXGL system data
12:33:22.272 [FXGL Background Thread 1 ] DEBUG FileSystemAccess     - Reading from: C:\Users\admin\IdeaProjects\spaceInvaders\system\fxgl.bundle
12:33:22.286 [FXGL Background Thread 1 ] DEBUG SystemBundleService  - Bundle FXGL: {}
12:33:22.286 [FXGL Background Thread 1 ] DEBUG UpdaterService       - Checking for updates
12:33:22.296 [FXGL Background Thread 4 ] DEBUG FXGLApplication      - Loading fonts
12:33:22.297 [FXGL Background Thread 4 ] DEBUG FXGLAssetLoaderServi - Loading from file system: jar:file:///C:/Users/admin/.m2/repository/com/github/almasb/fxgl/17.2/fxgl-17.2.jar!/fxglassets/ui/fonts/VarelaRound-Regular.ttf
12:33:22.297 [FXGL Background Thread 1 ] DEBUG FXGLApplication      - Loading default localization
12:33:22.301 [FXGL Background Thread 1 ] DEBUG FXGLAssetLoaderServi - Loading from file system: jar:file:///C:/Users/admin/.m2/repository/com/github/almasb/fxgl/17.2/fxgl-17.2.jar!/fxglassets/languages/english.lang
12:33:22.363 [FXGL Background Thread 1 ] INFO  FXGLApplication      - FXGL initialization took: 0.893 sec
12:33:22.379 [JavaFX Application Thread] DEBUG Input                - Registered new binding: Move Left - A
12:33:22.380 [JavaFX Application Thread] DEBUG Input                - Registered new binding: Move Right - D
12:33:22.381 [JavaFX Application Thread] DEBUG Input                - Registered new binding: Fire Missile - Space
12:33:22.381 [JavaFX Application Thread] DEBUG FXGLAssetLoaderServi - Loading from file system: file:/C:/Users/admin/IdeaProjects/spaceInvaders/target/classes/assets/sounds/fire.wav
12:33:22.466 [FXGL Background Thread 4 ] DEBUG FXGLAssetLoaderServi - Loading from file system: jar:file:///C:/Users/admin/.m2/repository/com/github/almasb/fxgl/17.2/fxgl-17.2.jar!/fxglassets/ui/fonts/Abel-Regular.ttf
12:33:22.470 [FXGL Background Thread 4 ] DEBUG FXGLAssetLoaderServi - Loading from file system: jar:file:///C:/Users/admin/.m2/repository/com/github/almasb/fxgl/17.2/fxgl-17.2.jar!/fxglassets/ui/fonts/TerminalLandMono-Regular.otf
12:33:22.475 [FXGL Background Thread 4 ] DEBUG FXGLAssetLoaderServi - Loading from file system: jar:file:///C:/Users/admin/.m2/repository/com/github/almasb/fxgl/17.2/fxgl-17.2.jar!/fxglassets/ui/fonts/Courier-Prime.ttf
12:33:22.490 [JavaFX Application Thread] DEBUG FXGLAssetLoaderServi - Loading from file system: file:/C:/Users/admin/IdeaProjects/spaceInvaders/target/classes/assets/sounds/explosion.wav
12:33:22.494 [JavaFX Application Thread] DEBUG FXGLAssetLoaderServi - Loading from file system: file:/C:/Users/admin/IdeaProjects/spaceInvaders/target/classes/assets/music/music.mp3
12:33:22.653 [JavaFX Application Thread] DEBUG AudioPlayer          - Playing music com.almasb.fxgl.audio.Music@362ba2de
12:33:22.654 [JavaFX Application Thread] DEBUG FXGLAssetLoaderServi - Loading from file system: jar:file:///C:/Users/admin/.m2/repository/com/github/almasb/fxgl/17.2/fxgl-17.2.jar!/fxglassets/textures/fxgl_icon.png
12:33:22.688 [JavaFX Application Thread] DEBUG FXGLAssetLoaderServi - Loading from file system: jar:file:///C:/Users/admin/.m2/repository/com/github/almasb/fxgl/17.2/fxgl-17.2.jar!/fxglassets/textures/fxgl_default_cursor.png
12:33:22.693 [JavaFX Application Thread] DEBUG Input                - Registered new binding: Screenshot - CTRL+8
12:33:22.694 [JavaFX Application Thread] DEBUG Input                - Registered new binding: System info dump - CTRL+9
12:33:22.695 [JavaFX Application Thread] DEBUG Input                - Registered new binding: Restart - CTRL+R
12:33:22.696 [JavaFX Application Thread] DEBUG Input                - Registered new binding: Toggle Debug Camera - CTRL+7
12:33:22.700 [JavaFX Application Thread] DEBUG LoopRunner           - Starting loop
12:33:22.700 [JavaFX Application Thread] DEBUG LoopRunner           - Initializing JavaFX AnimationTimerLoop
12:33:22.704 [JavaFX Application Thread] DEBUG Input                - Clearing active input actions
12:33:22.719 [JavaFX Application Thread] DEBUG GameApplicationServi - Removing overlay from SpaceInvadersScene and adding to FXGLMainMenuDummyScene
12:33:22.720 [JavaFX Application Thread] DEBUG PrimaryStageWindow   - SpaceInvadersScene -> FXGLMainMenuDummyScene
12:33:22.720 [JavaFX Application Thread] DEBUG PrimaryStageWindow   - Push state: FXGLDefaultMenu
12:33:22.739 [JavaFX Application Thread] DEBUG Input                - Clearing active input actions
12:33:22.752 [JavaFX Application Thread] DEBUG GameApplicationServi - Removing overlay from FXGLMainMenuDummyScene and adding to FXGLDefaultMenu
12:33:22.753 [JavaFX Application Thread] DEBUG PrimaryStageWindow   - FXGLMainMenuDummyScene -> FXGLDefaultMenu
12:33:22.753 [JavaFX Application Thread] DEBUG FXGLApplication      - Registering font factories with UI factory
12:33:22.986 [FXGL Background Thread 2 ] INFO  UpdaterService       - Your current version:  17.2
12:33:22.987 [FXGL Background Thread 2 ] INFO  UpdaterService       - Latest stable version: 17.3
12:33:25.295 [FXGL Background Thread 3 ] DEBUG Engine               - Logging environment variables
12:33:25.296 [FXGL Background Thread 3 ] DEBUG Engine               - achievements: []
12:33:25.296 [FXGL Background Thread 3 ] DEBUG Engine               - actualHeight: 800.0
12:33:25.296 [FXGL Background Thread 3 ] DEBUG Engine               - actualHeightProperty: ReadOnlyDoubleProperty [value: 800.0]
12:33:25.297 [FXGL Background Thread 3 ] DEBUG Engine               - actualWidth: 1280.0
12:33:25.297 [FXGL Background Thread 3 ] DEBUG Engine               - actualWidthProperty: ReadOnlyDoubleProperty [value: 1280.0]
12:33:25.297 [FXGL Background Thread 3 ] DEBUG Engine               - appIcon: fxgl_icon.png
12:33:25.297 [FXGL Background Thread 3 ] DEBUG Engine               - applicationMode: DEVELOPER
12:33:25.297 [FXGL Background Thread 3 ] DEBUG Engine               - cSSList: [fxgl_dark.css]
12:33:25.297 [FXGL Background Thread 3 ] DEBUG Engine               - collisionDetectionStrategy: BRUTE_FORCE
12:33:25.297 [FXGL Background Thread 3 ] DEBUG Engine               - configClass: Optional.empty
12:33:25.297 [FXGL Background Thread 3 ] DEBUG Engine               - credits: []
12:33:25.298 [FXGL Background Thread 3 ] DEBUG Engine               - defaultCursor: CursorInfo(imageName=fxgl_default_cursor.png, hotspotX=7.0, hotspotY=6.0)
12:33:25.298 [FXGL Background Thread 3 ] DEBUG Engine               - devBBoxColorProperty: ObjectProperty [value: 0xff0000ff]
12:33:25.298 [FXGL Background Thread 3 ] DEBUG Engine               - devEnableDebugCameraProperty: BooleanProperty [value: false]
12:33:25.298 [FXGL Background Thread 3 ] DEBUG Engine               - devSensorColorProperty: ObjectProperty [value: 0xffff00ff]
12:33:25.299 [FXGL Background Thread 3 ] DEBUG Engine               - devShowBBoxProperty: BooleanProperty [value: false]
12:33:25.299 [FXGL Background Thread 3 ] DEBUG Engine               - devShowPositionProperty: BooleanProperty [value: false]
12:33:25.299 [FXGL Background Thread 3 ] DEBUG Engine               - enabledMenuItems: []
12:33:25.299 [FXGL Background Thread 3 ] DEBUG Engine               - engineServices: [class com.almasb.fxgl.app.services.FXGLAssetLoaderService, class com.almasb.fxgl.app.FXGLApplication$GameApplicationService, class com.almasb.fxgl.app.services.FXGLDialogService, class com.almasb.fxgl.app.services.IOTaskExecutorService, class com.almasb.fxgl.io.FileSystemService, class com.almasb.fxgl.localization.LocalizationService, class com.almasb.fxgl.app.services.SystemBundleService, class com.almasb.fxgl.profile.SaveLoadService, class com.almasb.fxgl.ui.FXGLUIFactoryServiceProvider, class com.almasb.fxgl.ui.FXGLDialogFactoryServiceProvider, class com.almasb.fxgl.audio.AudioPlayer, class com.almasb.fxgl.notification.impl.NotificationServiceProvider, class com.almasb.fxgl.achievement.AchievementService, class com.almasb.fxgl.cutscene.CutsceneService, class com.almasb.fxgl.minigames.MiniGameService, class com.almasb.fxgl.net.NetService, class com.almasb.fxgl.app.services.UpdaterService, class com.almasb.fxgl.dev.DevService]
12:33:25.299 [FXGL Background Thread 3 ] DEBUG Engine               - fontGame: Abel-Regular.ttf
12:33:25.299 [FXGL Background Thread 3 ] DEBUG Engine               - fontMono: TerminalLandMono-Regular.otf
12:33:25.299 [FXGL Background Thread 3 ] DEBUG Engine               - fontText: Courier-Prime.ttf
12:33:25.299 [FXGL Background Thread 3 ] DEBUG Engine               - fontUI: VarelaRound-Regular.ttf
12:33:25.300 [FXGL Background Thread 3 ] DEBUG Engine               - fullScreen: BooleanProperty [value: false]
12:33:25.300 [FXGL Background Thread 3 ] DEBUG Engine               - gameDifficulty: MEDIUM
12:33:25.300 [FXGL Background Thread 3 ] DEBUG Engine               - gameDifficultyProperty: ObjectProperty [value: MEDIUM]
12:33:25.300 [FXGL Background Thread 3 ] DEBUG Engine               - globalMusicVolume: 0.5
12:33:25.301 [FXGL Background Thread 3 ] DEBUG Engine               - globalMusicVolumeProperty: DoubleProperty [value: 0.5]
12:33:25.301 [FXGL Background Thread 3 ] DEBUG Engine               - globalSoundVolume: 0.5
12:33:25.301 [FXGL Background Thread 3 ] DEBUG Engine               - globalSoundVolumeProperty: DoubleProperty [value: 0.5]
12:33:25.301 [FXGL Background Thread 3 ] DEBUG Engine               - height: 800
12:33:25.302 [FXGL Background Thread 3 ] DEBUG Engine               - is3D: false
12:33:25.302 [FXGL Background Thread 3 ] DEBUG Engine               - isAndroid: false
12:33:25.302 [FXGL Background Thread 3 ] DEBUG Engine               - isBrowser: false
12:33:25.302 [FXGL Background Thread 3 ] DEBUG Engine               - isClickFeedbackEnabled: false
12:33:25.302 [FXGL Background Thread 3 ] DEBUG Engine               - isCloseConfirmation: false
12:33:25.302 [FXGL Background Thread 3 ] DEBUG Engine               - isDesktop: true
12:33:25.302 [FXGL Background Thread 3 ] DEBUG Engine               - isDeveloperMenuEnabled: false
12:33:25.302 [FXGL Background Thread 3 ] DEBUG Engine               - isEmbedded: false
12:33:25.302 [FXGL Background Thread 3 ] DEBUG Engine               - isEntityPreloadEnabled: true
12:33:25.302 [FXGL Background Thread 3 ] DEBUG Engine               - isExperimentalTiledLargeMap: false
12:33:25.303 [FXGL Background Thread 3 ] DEBUG Engine               - isFileSystemWriteAllowed: true
12:33:25.303 [FXGL Background Thread 3 ] DEBUG Engine               - isFullScreenAllowed: false
12:33:25.303 [FXGL Background Thread 3 ] DEBUG Engine               - isFullScreenFromStart: false
12:33:25.303 [FXGL Background Thread 3 ] DEBUG Engine               - isGameMenuEnabled: true
12:33:25.303 [FXGL Background Thread 3 ] DEBUG Engine               - isIOS: false
12:33:25.303 [FXGL Background Thread 3 ] DEBUG Engine               - isIntroEnabled: false
12:33:25.303 [FXGL Background Thread 3 ] DEBUG Engine               - isLinux: false
12:33:25.303 [FXGL Background Thread 3 ] DEBUG Engine               - isMac: false
12:33:25.304 [FXGL Background Thread 3 ] DEBUG Engine               - isMainMenuEnabled: true
12:33:25.304 [FXGL Background Thread 3 ] DEBUG Engine               - isManualResizeEnabled: false
12:33:25.304 [FXGL Background Thread 3 ] DEBUG Engine               - isMobile: false
12:33:25.304 [FXGL Background Thread 3 ] DEBUG Engine               - isNative: false
12:33:25.304 [FXGL Background Thread 3 ] DEBUG Engine               - isPauseMusicWhenMinimized: true
12:33:25.304 [FXGL Background Thread 3 ] DEBUG Engine               - isPreserveResizeRatio: false
12:33:25.304 [FXGL Background Thread 3 ] DEBUG Engine               - isProfilingEnabled: false
12:33:25.304 [FXGL Background Thread 3 ] DEBUG Engine               - isScaleAffectedOnResize: true
12:33:25.304 [FXGL Background Thread 3 ] DEBUG Engine               - isSingleStep: false
12:33:25.304 [FXGL Background Thread 3 ] DEBUG Engine               - isUserProfileEnabled: false
12:33:25.305 [FXGL Background Thread 3 ] DEBUG Engine               - isWindows: true
12:33:25.305 [FXGL Background Thread 3 ] DEBUG Engine               - language: ObjectProperty [value: ENGLISH]
12:33:25.305 [FXGL Background Thread 3 ] DEBUG Engine               - menuKey: ESCAPE
12:33:25.305 [FXGL Background Thread 3 ] DEBUG Engine               - mouseSensitivity: 0.2
12:33:25.305 [FXGL Background Thread 3 ] DEBUG Engine               - notificationViewClass: class com.almasb.fxgl.notification.view.XboxNotificationView
12:33:25.305 [FXGL Background Thread 3 ] DEBUG Engine               - pixelsPerMeter: 50.0
12:33:25.305 [FXGL Background Thread 3 ] DEBUG Engine               - platform: WINDOWS
12:33:25.305 [FXGL Background Thread 3 ] DEBUG Engine               - prefHeightProperty: ReadOnlyDoubleProperty [value: 800.0]
12:33:25.306 [FXGL Background Thread 3 ] DEBUG Engine               - prefWidthProperty: ReadOnlyDoubleProperty [value: 1280.0]
12:33:25.306 [FXGL Background Thread 3 ] DEBUG Engine               - profileDir: profiles/
12:33:25.306 [FXGL Background Thread 3 ] DEBUG Engine               - profileName: StringProperty [value: DEFAULT]
12:33:25.306 [FXGL Background Thread 3 ] DEBUG Engine               - randomSeed: -1
12:33:25.307 [FXGL Background Thread 3 ] DEBUG Engine               - runtimeInfo: RuntimeInfo(platform=WINDOWS, version=17.2, build=20.08.2022 16.50)
12:33:25.308 [FXGL Background Thread 3 ] DEBUG Engine               - saveFileExt: sav
12:33:25.308 [FXGL Background Thread 3 ] DEBUG Engine               - scaledHeightProp$fxgl: DoubleProperty [bound, value: 800.0]
12:33:25.309 [FXGL Background Thread 3 ] DEBUG Engine               - scaledWidthProp$fxgl: DoubleProperty [bound, value: 1280.0]
12:33:25.310 [FXGL Background Thread 3 ] DEBUG Engine               - sceneFactory: com.is413.spaceinvaders.SpaceInvaders$1@24a09a83
12:33:25.311 [FXGL Background Thread 3 ] DEBUG Engine               - secondsIn24h: 60
12:33:25.312 [FXGL Background Thread 3 ] DEBUG Engine               - soundMenuBack: menu/back.wav
12:33:25.313 [FXGL Background Thread 3 ] DEBUG Engine               - soundMenuPress: menu/press.wav
12:33:25.313 [FXGL Background Thread 3 ] DEBUG Engine               - soundMenuSelect: menu/select.wav
12:33:25.313 [FXGL Background Thread 3 ] DEBUG Engine               - soundNotification: core/notification.wav
12:33:25.314 [FXGL Background Thread 3 ] DEBUG Engine               - stageStyle: DECORATED
12:33:25.314 [FXGL Background Thread 3 ] DEBUG Engine               - supportedLanguages: [ENGLISH, FRENCH, GERMAN, HUNGARIAN, RUSSIAN]
12:33:25.315 [FXGL Background Thread 3 ] DEBUG Engine               - ticksPerSecond: -1
12:33:25.315 [FXGL Background Thread 3 ] DEBUG Engine               - title: Space Invaders
12:33:25.316 [FXGL Background Thread 3 ] DEBUG Engine               - urlGithub: https://github.com/AlmasB/FXGL
12:33:25.317 [FXGL Background Thread 3 ] DEBUG Engine               - urlLeaderboard: http://fxgl-top.herokuapp.com/
12:33:25.317 [FXGL Background Thread 3 ] DEBUG Engine               - urlPOM: https://raw.githubusercontent.com/AlmasB/FXGL/release/README.md
12:33:25.317 [FXGL Background Thread 3 ] DEBUG Engine               - userAppClass: class com.is413.spaceinvaders.SpaceInvaders
12:33:25.318 [FXGL Background Thread 3 ] DEBUG Engine               - version: 1.0 Beta
12:33:25.318 [FXGL Background Thread 3 ] DEBUG Engine               - versionCheckDays: 7
12:33:25.318 [FXGL Background Thread 3 ] DEBUG Engine               - width: 1280
12:33:25.318 [FXGL Background Thread 3 ] DEBUG Engine               - Logging services
12:33:25.318 [FXGL Background Thread 3 ] DEBUG Engine               - class com.almasb.fxgl.app.services.FXGLAssetLoaderService
12:33:25.318 [FXGL Background Thread 3 ] DEBUG Engine               - class com.almasb.fxgl.app.FXGLApplication$GameApplicationService
12:33:25.318 [FXGL Background Thread 3 ] DEBUG Engine               - class com.almasb.fxgl.app.services.FXGLDialogService
12:33:25.318 [FXGL Background Thread 3 ] DEBUG Engine               - class com.almasb.fxgl.app.services.IOTaskExecutorService
12:33:25.319 [FXGL Background Thread 3 ] DEBUG Engine               - class com.almasb.fxgl.io.FileSystemService
12:33:25.319 [FXGL Background Thread 3 ] DEBUG Engine               - class com.almasb.fxgl.localization.LocalizationService
12:33:25.319 [FXGL Background Thread 3 ] DEBUG Engine               - class com.almasb.fxgl.app.services.SystemBundleService
12:33:25.319 [FXGL Background Thread 3 ] DEBUG Engine               - class com.almasb.fxgl.profile.SaveLoadService
12:33:25.319 [FXGL Background Thread 3 ] DEBUG Engine               - class com.almasb.fxgl.ui.FXGLUIFactoryServiceProvider
12:33:25.319 [FXGL Background Thread 3 ] DEBUG Engine               - class com.almasb.fxgl.ui.FXGLDialogFactoryServiceProvider
12:33:25.319 [FXGL Background Thread 3 ] DEBUG Engine               - class com.almasb.fxgl.audio.AudioPlayer
12:33:25.319 [FXGL Background Thread 3 ] DEBUG Engine               - class com.almasb.fxgl.notification.impl.NotificationServiceProvider
12:33:25.319 [FXGL Background Thread 3 ] DEBUG Engine               - class com.almasb.fxgl.achievement.AchievementService
12:33:25.319 [FXGL Background Thread 3 ] DEBUG Engine               - class com.almasb.fxgl.cutscene.CutsceneService
12:33:25.320 [FXGL Background Thread 3 ] DEBUG Engine               - class com.almasb.fxgl.minigames.MiniGameService
12:33:25.320 [FXGL Background Thread 3 ] DEBUG Engine               - class com.almasb.fxgl.net.NetService
12:33:25.320 [FXGL Background Thread 3 ] DEBUG Engine               - class com.almasb.fxgl.app.services.UpdaterService
12:33:25.320 [FXGL Background Thread 3 ] DEBUG Engine               - class com.almasb.fxgl.dev.DevService
12:33:33.617 [JavaFX Application Thread] DEBUG FXGL.DefaultMenu     - createContentAudio()
12:33:40.407 [JavaFX Application Thread] DEBUG FXGL.DefaultMenu     - createContentControls()
12:33:45.156 [JavaFX Application Thread] DEBUG PrimaryStageWindow   - Push state: PressAnyKeyState
12:33:45.156 [JavaFX Application Thread] DEBUG Input                - Clearing active input actions
12:33:45.157 [JavaFX Application Thread] DEBUG GameApplicationServi - Removing overlay from FXGLDefaultMenu and adding to PressAnyKeyState
12:33:45.157 [JavaFX Application Thread] DEBUG PrimaryStageWindow   - FXGLDefaultMenu -> PressAnyKeyState
12:33:47.360 [JavaFX Application Thread] DEBUG PrimaryStageWindow   - Pop state: PressAnyKeyState
12:33:47.360 [JavaFX Application Thread] DEBUG Input                - Clearing active input actions
12:33:47.360 [JavaFX Application Thread] DEBUG GameApplicationServi - Removing overlay from PressAnyKeyState and adding to FXGLDefaultMenu
12:33:47.360 [JavaFX Application Thread] DEBUG PrimaryStageWindow   - FXGLDefaultMenu <- PressAnyKeyState
12:33:49.008 [JavaFX Application Thread] DEBUG PrimaryStageWindow   - Push state: PressAnyKeyState
12:33:49.009 [JavaFX Application Thread] DEBUG Input                - Clearing active input actions
12:33:49.010 [JavaFX Application Thread] DEBUG GameApplicationServi - Removing overlay from FXGLDefaultMenu and adding to PressAnyKeyState
12:33:49.011 [JavaFX Application Thread] DEBUG PrimaryStageWindow   - FXGLDefaultMenu -> PressAnyKeyState
12:33:50.668 [JavaFX Application Thread] DEBUG PrimaryStageWindow   - Pop state: PressAnyKeyState
12:33:50.668 [JavaFX Application Thread] DEBUG Input                - Clearing active input actions
12:33:50.669 [JavaFX Application Thread] DEBUG GameApplicationServi - Removing overlay from PressAnyKeyState and adding to FXGLDefaultMenu
12:33:50.669 [JavaFX Application Thread] DEBUG PrimaryStageWindow   - FXGLDefaultMenu <- PressAnyKeyState
12:33:55.129 [JavaFX Application Thread] DEBUG Menu                 - fireNewGame()
12:33:55.129 [JavaFX Application Thread] DEBUG GameApplicationServi - Starting new game
12:33:55.129 [JavaFX Application Thread] DEBUG PrimaryStageWindow   - Pop state: FXGLDefaultMenu
12:33:55.130 [JavaFX Application Thread] DEBUG Input                - Clearing active input actions
12:33:55.131 [JavaFX Application Thread] DEBUG GameApplicationServi - Removing overlay from FXGLDefaultMenu and adding to FXGLMainMenuDummyScene
12:33:55.132 [JavaFX Application Thread] DEBUG PrimaryStageWindow   - FXGLMainMenuDummyScene <- FXGLDefaultMenu
12:33:55.134 [JavaFX Application Thread] DEBUG Input                - Clearing active input actions
12:33:55.156 [JavaFX Application Thread] DEBUG GameApplicationServi - Removing overlay from FXGLMainMenuDummyScene and adding to FXGLLoadingScene
12:33:55.157 [JavaFX Application Thread] DEBUG PrimaryStageWindow   - FXGLMainMenuDummyScene -> FXGLLoadingScene
12:33:55.158 [JavaFX Application Thread] DEBUG GameApplicationServi - Clearing previous game
12:33:55.158 [JavaFX Application Thread] DEBUG GameScene            - Clearing game scene
12:33:55.159 [JavaFX Application Thread] DEBUG GameWorld            - Clearing game world
12:33:55.159 [JavaFX Application Thread] DEBUG PhysicsWorld         - Clearing physics world
12:33:55.162 [FXGL Background Thread 2 ] DEBUG FXGLApplication      - Initializing game
12:33:55.208 [FXGL Background Thread 2 ] INFO  FXGLApplication      - Game initialization took: 0.045 sec
12:33:55.231 [JavaFX Application Thread] DEBUG Input                - Clearing active input actions
12:33:55.254 [JavaFX Application Thread] DEBUG GameApplicationServi - Removing overlay from FXGLLoadingScene and adding to GameScene
12:33:55.254 [JavaFX Application Thread] DEBUG PrimaryStageWindow   - FXGLLoadingScene -> GameScene
12:33:59.224 [JavaFX Application Thread] DEBUG FXGLAssetLoaderServi - Loading from file system: file:/C:/Users/admin/IdeaProjects/spaceInvaders/target/classes/assets/textures/lv1.jpeg
12:33:59.246 [JavaFX Application Thread] DEBUG FXGLAssetLoaderServi - Loading from file system: file:/C:/Users/admin/IdeaProjects/spaceInvaders/target/classes/assets/textures/ship.png
12:34:00.019 [JavaFX Application Thread] DEBUG FXGLAssetLoaderServi - Loading from file system: file:/C:/Users/admin/IdeaProjects/spaceInvaders/target/classes/assets/textures/enemy/enemy%20(1).png
12:34:00.028 [JavaFX Application Thread] DEBUG FXGLAssetLoaderServi - Loading from file system: file:/C:/Users/admin/IdeaProjects/spaceInvaders/target/classes/assets/textures/enemy/enemy%20(2).png
12:34:00.034 [JavaFX Application Thread] DEBUG FXGLAssetLoaderServi - Loading from file system: file:/C:/Users/admin/IdeaProjects/spaceInvaders/target/classes/assets/textures/enemy/enemy%20(3).png
12:34:00.041 [JavaFX Application Thread] DEBUG FXGLAssetLoaderServi - Loading from file system: file:/C:/Users/admin/IdeaProjects/spaceInvaders/target/classes/assets/textures/enemy/enemy%20(4).png
12:34:00.048 [JavaFX Application Thread] DEBUG FXGLAssetLoaderServi - Loading from file system: file:/C:/Users/admin/IdeaProjects/spaceInvaders/target/classes/assets/textures/enemy/enemy%20(5).png
12:34:00.054 [JavaFX Application Thread] DEBUG FXGLAssetLoaderServi - Loading from file system: file:/C:/Users/admin/IdeaProjects/spaceInvaders/target/classes/assets/textures/enemy/enemy%20(6).png
12:34:00.059 [JavaFX Application Thread] DEBUG FXGLAssetLoaderServi - Loading from file system: file:/C:/Users/admin/IdeaProjects/spaceInvaders/target/classes/assets/textures/enemy/enemy%20(7).png
12:34:00.064 [JavaFX Application Thread] DEBUG FXGLAssetLoaderServi - Loading from file system: file:/C:/Users/admin/IdeaProjects/spaceInvaders/target/classes/assets/textures/enemy/enemy%20(8).png
12:34:00.068 [JavaFX Application Thread] DEBUG FXGLAssetLoaderServi - Loading from file system: file:/C:/Users/admin/IdeaProjects/spaceInvaders/target/classes/assets/textures/enemy/enemy%20(9).png
12:34:00.073 [JavaFX Application Thread] DEBUG FXGLAssetLoaderServi - Loading from file system: file:/C:/Users/admin/IdeaProjects/spaceInvaders/target/classes/assets/textures/enemy/enemy%20(10).png
12:34:01.912 [JavaFX Application Thread] DEBUG FXGLAssetLoaderServi - Loading from file system: file:/C:/Users/admin/IdeaProjects/spaceInvaders/target/classes/assets/textures/missile.png
12:34:02.616 [JavaFX Application Thread] DEBUG FXGLAssetLoaderServi - Loading from file system: file:/C:/Users/admin/IdeaProjects/spaceInvaders/target/classes/assets/textures/explode/Bomb_3_Explosion_002.png
12:34:02.649 [JavaFX Application Thread] DEBUG FXGLAssetLoaderServi - Loading from file system: file:/C:/Users/admin/IdeaProjects/spaceInvaders/target/classes/assets/textures/explode/Bomb_3_Explosion_003.png
12:34:02.686 [JavaFX Application Thread] DEBUG FXGLAssetLoaderServi - Loading from file system: file:/C:/Users/admin/IdeaProjects/spaceInvaders/target/classes/assets/textures/explode/Bomb_3_Explosion_004.png
12:34:02.719 [JavaFX Application Thread] DEBUG FXGLAssetLoaderServi - Loading from file system: file:/C:/Users/admin/IdeaProjects/spaceInvaders/target/classes/assets/textures/explode/Bomb_3_Explosion_005.png
12:34:02.742 [JavaFX Application Thread] DEBUG FXGLAssetLoaderServi - Loading from file system: file:/C:/Users/admin/IdeaProjects/spaceInvaders/target/classes/assets/textures/explode/Bomb_3_Explosion_006.png
12:34:02.761 [JavaFX Application Thread] DEBUG FXGLAssetLoaderServi - Loading from file system: file:/C:/Users/admin/IdeaProjects/spaceInvaders/target/classes/assets/textures/explode/Bomb_3_Explosion_007.png
12:34:02.779 [JavaFX Application Thread] DEBUG FXGLAssetLoaderServi - Loading from file system: file:/C:/Users/admin/IdeaProjects/spaceInvaders/target/classes/assets/textures/explode/Bomb_3_Explosion_008.png
12:34:16.189 [JavaFX Application Thread] DEBUG PrimaryStageWindow   - Push state: DialogSubScene
12:34:16.190 [JavaFX Application Thread] DEBUG Input                - Clearing active input actions
12:34:16.199 [JavaFX Application Thread] DEBUG GameApplicationServi - Removing overlay from GameScene and adding to DialogSubScene
12:34:16.200 [JavaFX Application Thread] DEBUG PrimaryStageWindow   - GameScene -> DialogSubScene
12:34:18.533 [JavaFX Application Thread] DEBUG PrimaryStageWindow   - Pop state: DialogSubScene
12:34:18.533 [JavaFX Application Thread] DEBUG Input                - Clearing active input actions
12:34:18.534 [JavaFX Application Thread] DEBUG GameApplicationServi - Removing overlay from DialogSubScene and adding to GameScene
12:34:18.534 [JavaFX Application Thread] DEBUG PrimaryStageWindow   - GameScene <- DialogSubScene
12:34:18.534 [JavaFX Application Thread] DEBUG GameApplicationServi - Starting new game
12:34:18.534 [JavaFX Application Thread] DEBUG Input                - Clearing active input actions
12:34:18.539 [JavaFX Application Thread] DEBUG GameApplicationServi - Removing overlay from GameScene and adding to FXGLLoadingScene
12:34:18.539 [JavaFX Application Thread] DEBUG PrimaryStageWindow   - GameScene -> FXGLLoadingScene
12:34:18.539 [JavaFX Application Thread] DEBUG GameApplicationServi - Clearing previous game
12:34:18.539 [JavaFX Application Thread] DEBUG GameScene            - Clearing game scene
12:34:18.539 [JavaFX Application Thread] DEBUG GameWorld            - Clearing game world
12:34:18.540 [JavaFX Application Thread] DEBUG PhysicsWorld         - Clearing physics world
12:34:18.540 [FXGL Background Thread 2 ] DEBUG FXGLApplication      - Initializing game
12:34:18.542 [FXGL Background Thread 2 ] INFO  FXGLApplication      - Game initialization took: 0.001 sec
12:34:18.542 [JavaFX Application Thread] DEBUG Input                - Clearing active input actions
12:34:18.547 [JavaFX Application Thread] DEBUG GameApplicationServi - Removing overlay from FXGLLoadingScene and adding to GameScene
12:34:18.548 [JavaFX Application Thread] DEBUG PrimaryStageWindow   - FXGLLoadingScene -> GameScene
12:34:23.032 [JavaFX Application Thread] DEBUG PrimaryStageWindow   - Push state: FXGLDefaultMenu
12:34:23.033 [JavaFX Application Thread] DEBUG Input                - Clearing active input actions
12:34:23.033 [JavaFX Application Thread] DEBUG GameApplicationServi - Removing overlay from GameScene and adding to FXGLDefaultMenu
12:34:23.033 [JavaFX Application Thread] DEBUG PrimaryStageWindow   - GameScene -> FXGLDefaultMenu
12:34:25.521 [JavaFX Application Thread] DEBUG Menu                 - fireExitToMainMenu()
12:34:25.525 [JavaFX Application Thread] DEBUG PrimaryStageWindow   - Push state: DialogSubScene
12:34:25.525 [JavaFX Application Thread] DEBUG Input                - Clearing active input actions
12:34:25.526 [JavaFX Application Thread] DEBUG GameApplicationServi - Removing overlay from FXGLDefaultMenu and adding to DialogSubScene
12:34:25.527 [JavaFX Application Thread] DEBUG PrimaryStageWindow   - FXGLDefaultMenu -> DialogSubScene
12:34:27.405 [JavaFX Application Thread] DEBUG PrimaryStageWindow   - Pop state: DialogSubScene
12:34:27.405 [JavaFX Application Thread] DEBUG Input                - Clearing active input actions
12:34:27.406 [JavaFX Application Thread] DEBUG GameApplicationServi - Removing overlay from DialogSubScene and adding to FXGLDefaultMenu
12:34:27.406 [JavaFX Application Thread] DEBUG PrimaryStageWindow   - FXGLDefaultMenu <- DialogSubScene
12:34:27.406 [JavaFX Application Thread] DEBUG PrimaryStageWindow   - Pop state: FXGLDefaultMenu
12:34:27.406 [JavaFX Application Thread] DEBUG Input                - Clearing active input actions
12:34:27.406 [JavaFX Application Thread] DEBUG GameApplicationServi - Removing overlay from FXGLDefaultMenu and adding to GameScene
12:34:27.406 [JavaFX Application Thread] DEBUG PrimaryStageWindow   - GameScene <- FXGLDefaultMenu
12:34:27.406 [JavaFX Application Thread] DEBUG Input                - Clearing active input actions
12:34:27.410 [JavaFX Application Thread] DEBUG GameApplicationServi - Removing overlay from GameScene and adding to FXGLMainMenuDummyScene
12:34:27.410 [JavaFX Application Thread] DEBUG PrimaryStageWindow   - GameScene -> FXGLMainMenuDummyScene
12:34:27.410 [JavaFX Application Thread] DEBUG PrimaryStageWindow   - Push state: FXGLDefaultMenu
12:34:27.410 [JavaFX Application Thread] DEBUG Input                - Clearing active input actions
12:34:27.412 [JavaFX Application Thread] DEBUG GameApplicationServi - Removing overlay from FXGLMainMenuDummyScene and adding to FXGLDefaultMenu
12:34:27.413 [JavaFX Application Thread] DEBUG PrimaryStageWindow   - FXGLMainMenuDummyScene -> FXGLDefaultMenu
12:34:29.836 [JavaFX Application Thread] DEBUG Menu                 - fireExit()
12:34:29.837 [JavaFX Application Thread] DEBUG PrimaryStageWindow   - Push state: DialogSubScene
12:34:29.837 [JavaFX Application Thread] DEBUG Input                - Clearing active input actions
12:34:29.838 [JavaFX Application Thread] DEBUG GameApplicationServi - Removing overlay from FXGLDefaultMenu and adding to DialogSubScene
12:34:29.839 [JavaFX Application Thread] DEBUG PrimaryStageWindow   - FXGLDefaultMenu -> DialogSubScene
12:34:31.163 [JavaFX Application Thread] DEBUG PrimaryStageWindow   - Pop state: DialogSubScene
12:34:31.163 [JavaFX Application Thread] DEBUG Input                - Clearing active input actions
12:34:31.163 [JavaFX Application Thread] DEBUG GameApplicationServi - Removing overlay from DialogSubScene and adding to FXGLDefaultMenu
12:34:31.163 [JavaFX Application Thread] DEBUG PrimaryStageWindow   - FXGLDefaultMenu <- DialogSubScene
12:34:31.163 [JavaFX Application Thread] DEBUG FXGLApplication      - Exiting FXGL
12:34:31.164 [JavaFX Application Thread] DEBUG LoopRunner           - Stopping loop
12:34:31.164 [JavaFX Application Thread] DEBUG SystemBundleService  - Saving FXGL system data
12:34:31.167 [JavaFX Application Thread] DEBUG FileSystemAccess     - Writing to: C:\Users\admin\IdeaProjects\spaceInvaders\system\fxgl.bundle
12:34:31.170 [JavaFX Application Thread] DEBUG Async                - Shutting down background threads
12:34:31.170 [JavaFX Application Thread] DEBUG PrimaryStageWindow   - Closing main window
12:34:31.196 [JavaFX Application Thread] DEBUG Logger               - Closing Logger
