08:20:02.867 [main                     ] DEBUG Logger               - Configured Logger
08:20:02.917 [main                     ] DEBUG GameApplication      - Logging settings
Title: Space Invaders
Version: 1.0 Beta
Width: 1280
Height: 800
Fullscreen: false
Intro: false
Profiling: false
Single step:false
App Mode: DEVELOPER
Menu Key: ESCAPE
Stage Style: DECORATED
Scene Factory: class com.is413.spaceinvaders.SpaceInvaders$1

08:20:03.491 [JavaFX Application Thread] DEBUG FXGLApplication      - Initializing FXGL
08:20:03.501 [JavaFX Application Thread] INFO  Engine               - FXGL-17.2 (20.08.2022 16.50) on WINDOWS (J:17.0.6 FX:17.0.2-ea)
08:20:03.501 [JavaFX Application Thread] DEBUG Engine               - JRE Vendor Name: Oracle Corporation
08:20:03.502 [JavaFX Application Thread] DEBUG Engine               - Running on OS: Windows 10 version 10.0
08:20:03.502 [JavaFX Application Thread] DEBUG Engine               - Architecture: amd64
08:20:03.502 [JavaFX Application Thread] INFO  Engine               - Source code and latest versions at: https://github.com/AlmasB/FXGL
08:20:03.502 [JavaFX Application Thread] INFO  Engine               -       Ask questions and discuss at: https://github.com/AlmasB/FXGL/discussions
08:20:03.502 [JavaFX Application Thread] INFO  Engine               -              Join the FXGL chat at: https://gitter.im/AlmasB/FXGL
08:20:03.718 [JavaFX Application Thread] DEBUG PrimaryStageWindow   - Creating a JavaFX scene
08:20:03.775 [JavaFX Application Thread] DEBUG PrimaryStageWindow   - Target settings size: 1280.0 x 800.0
08:20:03.775 [JavaFX Application Thread] DEBUG PrimaryStageWindow   - Scaled scene size:    1280.0 x 800.0
08:20:03.776 [JavaFX Application Thread] DEBUG PrimaryStageWindow   - Scaled ratio: (1.0, 1.0)
08:20:03.778 [JavaFX Application Thread] DEBUG PrimaryStageWindow   - Set initial scene to SpaceInvadersScene
08:20:03.790 [JavaFX Application Thread] DEBUG PrimaryStageWindow   - Opening main window
08:20:03.958 [JavaFX Application Thread] DEBUG PrimaryStageWindow   - Window border size: (12.4444580078125, 35.111083984375)
08:20:03.958 [JavaFX Application Thread] DEBUG PrimaryStageWindow   - Scaled size: 1280.0 x 800.0
08:20:03.959 [JavaFX Application Thread] DEBUG PrimaryStageWindow   - Scaled ratio: (1.0, 1.0)
08:20:03.959 [JavaFX Application Thread] DEBUG PrimaryStageWindow   - Scene size: 1280.0 x 800.0
08:20:03.960 [JavaFX Application Thread] DEBUG PrimaryStageWindow   - Stage size: 1292.4444580078125 x 835.111083984375
08:20:03.986 [FXGL Background Thread 1 ] DEBUG Engine               - Initializing environment variables
08:20:04.060 [FXGL Background Thread 1 ] DEBUG FXGLAssetLoaderServi - User app class for loading assets: class com.is413.spaceinvaders.SpaceInvaders
08:20:04.060 [FXGL Background Thread 1 ] DEBUG GameApplicationServi - Applying CSS: fxgl_dark.css
08:20:04.061 [FXGL Background Thread 1 ] DEBUG FXGLAssetLoaderServi - Loading from file system: jar:file:///C:/Users/admin/.m2/repository/com/github/almasb/fxgl/17.2/fxgl-17.2.jar!/fxglassets/ui/css/fxgl_dark.css
08:20:04.156 [FXGL Background Thread 1 ] DEBUG GameApplicationServi - Initializing application scenes
08:20:04.188 [FXGL Background Thread 1 ] DEBUG GameWorld            - Game world initialized
08:20:04.311 [FXGL Background Thread 1 ] DEBUG PhysicsWorld         - Physics world initialized: appHeight=800, physics.ppm=50.0
08:20:04.312 [FXGL Background Thread 1 ] DEBUG PhysicsWorld         - Using strategy: BRUTE_FORCE
08:20:04.318 [FXGL Background Thread 1 ] DEBUG GameScene            - Game scene initialized: 1280x800
08:20:04.336 [FXGL Background Thread 1 ] DEBUG FXGL.DefaultMenu     - createMenuBodyMainMenu()
08:20:04.356 [FXGL Background Thread 1 ] DEBUG FXGL.DefaultMenu     - createOptionsMenu()
08:20:04.386 [FXGL Background Thread 1 ] DEBUG FXGLAssetLoaderServi - Loading from file system: jar:file:///C:/Users/admin/.m2/repository/com/github/almasb/fxgl/17.2/fxgl-17.2.jar!/fxglassets/textures/particles/smoke.png
08:20:04.529 [FXGL Background Thread 1 ] DEBUG FXGLAssetLoaderServi - Loading from file system: jar:file:///C:/Users/admin/.m2/repository/com/github/almasb/fxgl/17.2/fxgl-17.2.jar!/fxglassets/textures/particles/trace_horizontal.png
08:20:04.579 [FXGL Background Thread 1 ] DEBUG FXGL.DefaultMenu     - createMenuBodyGameMenu()
08:20:04.581 [FXGL Background Thread 1 ] DEBUG FXGL.DefaultMenu     - createOptionsMenu()
08:20:04.612 [FXGL Background Thread 1 ] DEBUG GameApplicationServi - Application scenes initialized
08:20:04.631 [FXGL Background Thread 1 ] DEBUG SystemBundleService  - Loading FXGL system data
08:20:04.639 [FXGL Background Thread 1 ] DEBUG FileSystemAccess     - Reading from: C:\Users\admin\IdeaProjects\spaceInvaders\system\fxgl.bundle
08:20:04.652 [FXGL Background Thread 1 ] DEBUG SystemBundleService  - Bundle FXGL: {}
08:20:04.652 [FXGL Background Thread 1 ] DEBUG UpdaterService       - Checking for updates
08:20:04.659 [FXGL Background Thread 4 ] DEBUG FXGLApplication      - Loading fonts
08:20:04.659 [FXGL Background Thread 4 ] DEBUG FXGLAssetLoaderServi - Loading from file system: jar:file:///C:/Users/admin/.m2/repository/com/github/almasb/fxgl/17.2/fxgl-17.2.jar!/fxglassets/ui/fonts/VarelaRound-Regular.ttf
08:20:04.659 [FXGL Background Thread 1 ] DEBUG FXGLApplication      - Loading default localization
08:20:04.660 [FXGL Background Thread 1 ] DEBUG FXGLAssetLoaderServi - Loading from file system: jar:file:///C:/Users/admin/.m2/repository/com/github/almasb/fxgl/17.2/fxgl-17.2.jar!/fxglassets/languages/english.lang
08:20:04.723 [FXGL Background Thread 1 ] INFO  FXGLApplication      - FXGL initialization took: 0.737 sec
08:20:04.741 [JavaFX Application Thread] DEBUG Input                - Registered new binding: Move Left - A
08:20:04.742 [JavaFX Application Thread] DEBUG Input                - Registered new binding: Move Right - D
08:20:04.742 [JavaFX Application Thread] DEBUG Input                - Registered new binding: Fire Missile - Space
08:20:04.743 [JavaFX Application Thread] DEBUG FXGLAssetLoaderServi - Loading from file system: file:/C:/Users/admin/IdeaProjects/spaceInvaders/target/classes/assets/sounds/fire.wav
08:20:04.830 [FXGL Background Thread 4 ] DEBUG FXGLAssetLoaderServi - Loading from file system: jar:file:///C:/Users/admin/.m2/repository/com/github/almasb/fxgl/17.2/fxgl-17.2.jar!/fxglassets/ui/fonts/Abel-Regular.ttf
08:20:04.834 [FXGL Background Thread 4 ] DEBUG FXGLAssetLoaderServi - Loading from file system: jar:file:///C:/Users/admin/.m2/repository/com/github/almasb/fxgl/17.2/fxgl-17.2.jar!/fxglassets/ui/fonts/TerminalLandMono-Regular.otf
08:20:04.837 [FXGL Background Thread 4 ] DEBUG FXGLAssetLoaderServi - Loading from file system: jar:file:///C:/Users/admin/.m2/repository/com/github/almasb/fxgl/17.2/fxgl-17.2.jar!/fxglassets/ui/fonts/Courier-Prime.ttf
08:20:04.896 [JavaFX Application Thread] DEBUG FXGLAssetLoaderServi - Loading from file system: file:/C:/Users/admin/IdeaProjects/spaceInvaders/target/classes/assets/sounds/explosion.wav
08:20:04.900 [JavaFX Application Thread] DEBUG FXGLAssetLoaderServi - Loading from file system: file:/C:/Users/admin/IdeaProjects/spaceInvaders/target/classes/assets/music/music.mp3
08:20:05.139 [JavaFX Application Thread] DEBUG AudioPlayer          - Playing music com.almasb.fxgl.audio.Music@f8e84a7
08:20:05.140 [JavaFX Application Thread] DEBUG FXGLAssetLoaderServi - Loading from file system: jar:file:///C:/Users/admin/.m2/repository/com/github/almasb/fxgl/17.2/fxgl-17.2.jar!/fxglassets/textures/fxgl_icon.png
08:20:05.186 [JavaFX Application Thread] DEBUG FXGLAssetLoaderServi - Loading from file system: jar:file:///C:/Users/admin/.m2/repository/com/github/almasb/fxgl/17.2/fxgl-17.2.jar!/fxglassets/textures/fxgl_default_cursor.png
08:20:05.191 [JavaFX Application Thread] DEBUG Input                - Registered new binding: Screenshot - CTRL+8
08:20:05.193 [JavaFX Application Thread] DEBUG Input                - Registered new binding: System info dump - CTRL+9
08:20:05.193 [JavaFX Application Thread] DEBUG Input                - Registered new binding: Restart - CTRL+R
08:20:05.195 [JavaFX Application Thread] DEBUG Input                - Registered new binding: Toggle Debug Camera - CTRL+7
08:20:05.202 [JavaFX Application Thread] DEBUG LoopRunner           - Starting loop
08:20:05.209 [JavaFX Application Thread] DEBUG LoopRunner           - Initializing JavaFX AnimationTimerLoop
08:20:05.215 [JavaFX Application Thread] DEBUG Input                - Clearing active input actions
08:20:05.230 [JavaFX Application Thread] DEBUG GameApplicationServi - Removing overlay from SpaceInvadersScene and adding to FXGLMainMenuDummyScene
08:20:05.230 [JavaFX Application Thread] DEBUG PrimaryStageWindow   - SpaceInvadersScene -> FXGLMainMenuDummyScene
08:20:05.231 [JavaFX Application Thread] DEBUG PrimaryStageWindow   - Push state: FXGLDefaultMenu
08:20:05.238 [JavaFX Application Thread] DEBUG Input                - Clearing active input actions
08:20:05.248 [JavaFX Application Thread] DEBUG GameApplicationServi - Removing overlay from FXGLMainMenuDummyScene and adding to FXGLDefaultMenu
08:20:05.249 [JavaFX Application Thread] DEBUG PrimaryStageWindow   - FXGLMainMenuDummyScene -> FXGLDefaultMenu
08:20:05.249 [JavaFX Application Thread] DEBUG FXGLApplication      - Registering font factories with UI factory
08:20:05.878 [FXGL Background Thread 2 ] INFO  UpdaterService       - Your current version:  17.2
08:20:05.878 [FXGL Background Thread 2 ] INFO  UpdaterService       - Latest stable version: 17.3
08:20:07.660 [FXGL Background Thread 3 ] DEBUG Engine               - Logging environment variables
08:20:07.662 [FXGL Background Thread 3 ] DEBUG Engine               - achievements: []
08:20:07.663 [FXGL Background Thread 3 ] DEBUG Engine               - actualHeight: 800.0
08:20:07.663 [FXGL Background Thread 3 ] DEBUG Engine               - actualHeightProperty: ReadOnlyDoubleProperty [value: 800.0]
08:20:07.663 [FXGL Background Thread 3 ] DEBUG Engine               - actualWidth: 1280.0
08:20:07.664 [FXGL Background Thread 3 ] DEBUG Engine               - actualWidthProperty: ReadOnlyDoubleProperty [value: 1280.0]
08:20:07.664 [FXGL Background Thread 3 ] DEBUG Engine               - appIcon: fxgl_icon.png
08:20:07.664 [FXGL Background Thread 3 ] DEBUG Engine               - applicationMode: DEVELOPER
08:20:07.664 [FXGL Background Thread 3 ] DEBUG Engine               - cSSList: [fxgl_dark.css]
08:20:07.664 [FXGL Background Thread 3 ] DEBUG Engine               - collisionDetectionStrategy: BRUTE_FORCE
08:20:07.664 [FXGL Background Thread 3 ] DEBUG Engine               - configClass: Optional.empty
08:20:07.664 [FXGL Background Thread 3 ] DEBUG Engine               - credits: []
08:20:07.666 [FXGL Background Thread 3 ] DEBUG Engine               - defaultCursor: CursorInfo(imageName=fxgl_default_cursor.png, hotspotX=7.0, hotspotY=6.0)
08:20:07.667 [FXGL Background Thread 3 ] DEBUG Engine               - devBBoxColorProperty: ObjectProperty [value: 0xff0000ff]
08:20:07.668 [FXGL Background Thread 3 ] DEBUG Engine               - devEnableDebugCameraProperty: BooleanProperty [value: false]
08:20:07.668 [FXGL Background Thread 3 ] DEBUG Engine               - devSensorColorProperty: ObjectProperty [value: 0xffff00ff]
08:20:07.668 [FXGL Background Thread 3 ] DEBUG Engine               - devShowBBoxProperty: BooleanProperty [value: false]
08:20:07.669 [FXGL Background Thread 3 ] DEBUG Engine               - devShowPositionProperty: BooleanProperty [value: false]
08:20:07.670 [FXGL Background Thread 3 ] DEBUG Engine               - enabledMenuItems: []
08:20:07.671 [FXGL Background Thread 3 ] DEBUG Engine               - engineServices: [class com.almasb.fxgl.app.services.FXGLAssetLoaderService, class com.almasb.fxgl.app.FXGLApplication$GameApplicationService, class com.almasb.fxgl.app.services.FXGLDialogService, class com.almasb.fxgl.app.services.IOTaskExecutorService, class com.almasb.fxgl.io.FileSystemService, class com.almasb.fxgl.localization.LocalizationService, class com.almasb.fxgl.app.services.SystemBundleService, class com.almasb.fxgl.profile.SaveLoadService, class com.almasb.fxgl.ui.FXGLUIFactoryServiceProvider, class com.almasb.fxgl.ui.FXGLDialogFactoryServiceProvider, class com.almasb.fxgl.audio.AudioPlayer, class com.almasb.fxgl.notification.impl.NotificationServiceProvider, class com.almasb.fxgl.achievement.AchievementService, class com.almasb.fxgl.cutscene.CutsceneService, class com.almasb.fxgl.minigames.MiniGameService, class com.almasb.fxgl.net.NetService, class com.almasb.fxgl.app.services.UpdaterService, class com.almasb.fxgl.dev.DevService]
08:20:07.672 [FXGL Background Thread 3 ] DEBUG Engine               - fontGame: Abel-Regular.ttf
08:20:07.672 [FXGL Background Thread 3 ] DEBUG Engine               - fontMono: TerminalLandMono-Regular.otf
08:20:07.673 [FXGL Background Thread 3 ] DEBUG Engine               - fontText: Courier-Prime.ttf
08:20:07.673 [FXGL Background Thread 3 ] DEBUG Engine               - fontUI: VarelaRound-Regular.ttf
08:20:07.674 [FXGL Background Thread 3 ] DEBUG Engine               - fullScreen: BooleanProperty [value: false]
08:20:07.674 [FXGL Background Thread 3 ] DEBUG Engine               - gameDifficulty: MEDIUM
08:20:07.675 [FXGL Background Thread 3 ] DEBUG Engine               - gameDifficultyProperty: ObjectProperty [value: MEDIUM]
08:20:07.675 [FXGL Background Thread 3 ] DEBUG Engine               - globalMusicVolume: 0.5
08:20:07.676 [FXGL Background Thread 3 ] DEBUG Engine               - globalMusicVolumeProperty: DoubleProperty [value: 0.5]
08:20:07.677 [FXGL Background Thread 3 ] DEBUG Engine               - globalSoundVolume: 0.5
08:20:07.677 [FXGL Background Thread 3 ] DEBUG Engine               - globalSoundVolumeProperty: DoubleProperty [value: 0.5]
08:20:07.677 [FXGL Background Thread 3 ] DEBUG Engine               - height: 800
08:20:07.677 [FXGL Background Thread 3 ] DEBUG Engine               - is3D: false
08:20:07.677 [FXGL Background Thread 3 ] DEBUG Engine               - isAndroid: false
08:20:07.678 [FXGL Background Thread 3 ] DEBUG Engine               - isBrowser: false
08:20:07.678 [FXGL Background Thread 3 ] DEBUG Engine               - isClickFeedbackEnabled: false
08:20:07.678 [FXGL Background Thread 3 ] DEBUG Engine               - isCloseConfirmation: false
08:20:07.678 [FXGL Background Thread 3 ] DEBUG Engine               - isDesktop: true
08:20:07.678 [FXGL Background Thread 3 ] DEBUG Engine               - isDeveloperMenuEnabled: false
08:20:07.678 [FXGL Background Thread 3 ] DEBUG Engine               - isEmbedded: false
08:20:07.678 [FXGL Background Thread 3 ] DEBUG Engine               - isEntityPreloadEnabled: true
08:20:07.678 [FXGL Background Thread 3 ] DEBUG Engine               - isExperimentalTiledLargeMap: false
08:20:07.679 [FXGL Background Thread 3 ] DEBUG Engine               - isFileSystemWriteAllowed: true
08:20:07.679 [FXGL Background Thread 3 ] DEBUG Engine               - isFullScreenAllowed: false
08:20:07.679 [FXGL Background Thread 3 ] DEBUG Engine               - isFullScreenFromStart: false
08:20:07.679 [FXGL Background Thread 3 ] DEBUG Engine               - isGameMenuEnabled: true
08:20:07.679 [FXGL Background Thread 3 ] DEBUG Engine               - isIOS: false
08:20:07.679 [FXGL Background Thread 3 ] DEBUG Engine               - isIntroEnabled: false
08:20:07.679 [FXGL Background Thread 3 ] DEBUG Engine               - isLinux: false
08:20:07.679 [FXGL Background Thread 3 ] DEBUG Engine               - isMac: false
08:20:07.679 [FXGL Background Thread 3 ] DEBUG Engine               - isMainMenuEnabled: true
08:20:07.679 [FXGL Background Thread 3 ] DEBUG Engine               - isManualResizeEnabled: false
08:20:07.680 [FXGL Background Thread 3 ] DEBUG Engine               - isMobile: false
08:20:07.680 [FXGL Background Thread 3 ] DEBUG Engine               - isNative: false
08:20:07.680 [FXGL Background Thread 3 ] DEBUG Engine               - isPauseMusicWhenMinimized: true
08:20:07.680 [FXGL Background Thread 3 ] DEBUG Engine               - isPreserveResizeRatio: false
08:20:07.680 [FXGL Background Thread 3 ] DEBUG Engine               - isProfilingEnabled: false
08:20:07.680 [FXGL Background Thread 3 ] DEBUG Engine               - isScaleAffectedOnResize: true
08:20:07.680 [FXGL Background Thread 3 ] DEBUG Engine               - isSingleStep: false
08:20:07.680 [FXGL Background Thread 3 ] DEBUG Engine               - isUserProfileEnabled: false
08:20:07.681 [FXGL Background Thread 3 ] DEBUG Engine               - isWindows: true
08:20:07.681 [FXGL Background Thread 3 ] DEBUG Engine               - language: ObjectProperty [value: ENGLISH]
08:20:07.681 [FXGL Background Thread 3 ] DEBUG Engine               - menuKey: ESCAPE
08:20:07.681 [FXGL Background Thread 3 ] DEBUG Engine               - mouseSensitivity: 0.2
08:20:07.681 [FXGL Background Thread 3 ] DEBUG Engine               - notificationViewClass: class com.almasb.fxgl.notification.view.XboxNotificationView
08:20:07.681 [FXGL Background Thread 3 ] DEBUG Engine               - pixelsPerMeter: 50.0
08:20:07.681 [FXGL Background Thread 3 ] DEBUG Engine               - platform: WINDOWS
08:20:07.681 [FXGL Background Thread 3 ] DEBUG Engine               - prefHeightProperty: ReadOnlyDoubleProperty [value: 800.0]
08:20:07.682 [FXGL Background Thread 3 ] DEBUG Engine               - prefWidthProperty: ReadOnlyDoubleProperty [value: 1280.0]
08:20:07.682 [FXGL Background Thread 3 ] DEBUG Engine               - profileDir: profiles/
08:20:07.682 [FXGL Background Thread 3 ] DEBUG Engine               - profileName: StringProperty [value: DEFAULT]
08:20:07.682 [FXGL Background Thread 3 ] DEBUG Engine               - randomSeed: -1
08:20:07.684 [FXGL Background Thread 3 ] DEBUG Engine               - runtimeInfo: RuntimeInfo(platform=WINDOWS, version=17.2, build=20.08.2022 16.50)
08:20:07.684 [FXGL Background Thread 3 ] DEBUG Engine               - saveFileExt: sav
08:20:07.684 [FXGL Background Thread 3 ] DEBUG Engine               - scaledHeightProp$fxgl: DoubleProperty [bound, value: 800.0]
08:20:07.685 [FXGL Background Thread 3 ] DEBUG Engine               - scaledWidthProp$fxgl: DoubleProperty [bound, value: 1280.0]
08:20:07.685 [FXGL Background Thread 3 ] DEBUG Engine               - sceneFactory: com.is413.spaceinvaders.SpaceInvaders$1@390b5558
08:20:07.685 [FXGL Background Thread 3 ] DEBUG Engine               - secondsIn24h: 60
08:20:07.685 [FXGL Background Thread 3 ] DEBUG Engine               - soundMenuBack: menu/back.wav
08:20:07.685 [FXGL Background Thread 3 ] DEBUG Engine               - soundMenuPress: menu/press.wav
08:20:07.685 [FXGL Background Thread 3 ] DEBUG Engine               - soundMenuSelect: menu/select.wav
08:20:07.686 [FXGL Background Thread 3 ] DEBUG Engine               - soundNotification: core/notification.wav
08:20:07.686 [FXGL Background Thread 3 ] DEBUG Engine               - stageStyle: DECORATED
08:20:07.687 [FXGL Background Thread 3 ] DEBUG Engine               - supportedLanguages: [ENGLISH, FRENCH, GERMAN, HUNGARIAN, RUSSIAN]
08:20:07.688 [FXGL Background Thread 3 ] DEBUG Engine               - ticksPerSecond: -1
08:20:07.689 [FXGL Background Thread 3 ] DEBUG Engine               - title: Space Invaders
08:20:07.691 [FXGL Background Thread 3 ] DEBUG Engine               - urlGithub: https://github.com/AlmasB/FXGL
08:20:07.691 [FXGL Background Thread 3 ] DEBUG Engine               - urlLeaderboard: http://fxgl-top.herokuapp.com/
08:20:07.692 [FXGL Background Thread 3 ] DEBUG Engine               - urlPOM: https://raw.githubusercontent.com/AlmasB/FXGL/release/README.md
08:20:07.692 [FXGL Background Thread 3 ] DEBUG Engine               - userAppClass: class com.is413.spaceinvaders.SpaceInvaders
08:20:07.693 [FXGL Background Thread 3 ] DEBUG Engine               - version: 1.0 Beta
08:20:07.693 [FXGL Background Thread 3 ] DEBUG Engine               - versionCheckDays: 7
08:20:07.694 [FXGL Background Thread 3 ] DEBUG Engine               - width: 1280
08:20:07.694 [FXGL Background Thread 3 ] DEBUG Engine               - Logging services
08:20:07.694 [FXGL Background Thread 3 ] DEBUG Engine               - class com.almasb.fxgl.app.services.FXGLAssetLoaderService
08:20:07.694 [FXGL Background Thread 3 ] DEBUG Engine               - class com.almasb.fxgl.app.FXGLApplication$GameApplicationService
08:20:07.694 [FXGL Background Thread 3 ] DEBUG Engine               - class com.almasb.fxgl.app.services.FXGLDialogService
08:20:07.694 [FXGL Background Thread 3 ] DEBUG Engine               - class com.almasb.fxgl.app.services.IOTaskExecutorService
08:20:07.694 [FXGL Background Thread 3 ] DEBUG Engine               - class com.almasb.fxgl.io.FileSystemService
08:20:07.694 [FXGL Background Thread 3 ] DEBUG Engine               - class com.almasb.fxgl.localization.LocalizationService
08:20:07.695 [FXGL Background Thread 3 ] DEBUG Engine               - class com.almasb.fxgl.app.services.SystemBundleService
08:20:07.695 [FXGL Background Thread 3 ] DEBUG Engine               - class com.almasb.fxgl.profile.SaveLoadService
08:20:07.695 [FXGL Background Thread 3 ] DEBUG Engine               - class com.almasb.fxgl.ui.FXGLUIFactoryServiceProvider
08:20:07.695 [FXGL Background Thread 3 ] DEBUG Engine               - class com.almasb.fxgl.ui.FXGLDialogFactoryServiceProvider
08:20:07.695 [FXGL Background Thread 3 ] DEBUG Engine               - class com.almasb.fxgl.audio.AudioPlayer
08:20:07.695 [FXGL Background Thread 3 ] DEBUG Engine               - class com.almasb.fxgl.notification.impl.NotificationServiceProvider
08:20:07.695 [FXGL Background Thread 3 ] DEBUG Engine               - class com.almasb.fxgl.achievement.AchievementService
08:20:07.695 [FXGL Background Thread 3 ] DEBUG Engine               - class com.almasb.fxgl.cutscene.CutsceneService
08:20:07.695 [FXGL Background Thread 3 ] DEBUG Engine               - class com.almasb.fxgl.minigames.MiniGameService
08:20:07.695 [FXGL Background Thread 3 ] DEBUG Engine               - class com.almasb.fxgl.net.NetService
08:20:07.695 [FXGL Background Thread 3 ] DEBUG Engine               - class com.almasb.fxgl.app.services.UpdaterService
08:20:07.695 [FXGL Background Thread 3 ] DEBUG Engine               - class com.almasb.fxgl.dev.DevService
08:20:17.468 [JavaFX Application Thread] DEBUG Menu                 - fireNewGame()
08:20:17.468 [JavaFX Application Thread] DEBUG GameApplicationServi - Starting new game
08:20:17.477 [JavaFX Application Thread] DEBUG PrimaryStageWindow   - Pop state: FXGLDefaultMenu
08:20:17.477 [JavaFX Application Thread] DEBUG Input                - Clearing active input actions
08:20:17.479 [JavaFX Application Thread] DEBUG GameApplicationServi - Removing overlay from FXGLDefaultMenu and adding to FXGLMainMenuDummyScene
08:20:17.480 [JavaFX Application Thread] DEBUG PrimaryStageWindow   - FXGLMainMenuDummyScene <- FXGLDefaultMenu
08:20:17.481 [JavaFX Application Thread] DEBUG Input                - Clearing active input actions
08:20:17.499 [JavaFX Application Thread] DEBUG GameApplicationServi - Removing overlay from FXGLMainMenuDummyScene and adding to FXGLLoadingScene
08:20:17.500 [JavaFX Application Thread] DEBUG PrimaryStageWindow   - FXGLMainMenuDummyScene -> FXGLLoadingScene
08:20:17.500 [JavaFX Application Thread] DEBUG GameApplicationServi - Clearing previous game
08:20:17.500 [JavaFX Application Thread] DEBUG GameScene            - Clearing game scene
08:20:17.500 [JavaFX Application Thread] DEBUG GameWorld            - Clearing game world
08:20:17.500 [JavaFX Application Thread] DEBUG PhysicsWorld         - Clearing physics world
08:20:17.503 [FXGL Background Thread 2 ] DEBUG FXGLApplication      - Initializing game
08:20:17.520 [FXGL Background Thread 2 ] INFO  FXGLApplication      - Game initialization took: 0.017 sec
08:20:17.532 [JavaFX Application Thread] DEBUG Input                - Clearing active input actions
08:20:17.542 [JavaFX Application Thread] DEBUG GameApplicationServi - Removing overlay from FXGLLoadingScene and adding to GameScene
08:20:17.542 [JavaFX Application Thread] DEBUG PrimaryStageWindow   - FXGLLoadingScene -> GameScene
08:20:18.880 [JavaFX Application Thread] DEBUG FXGLAssetLoaderServi - Loading from file system: file:/C:/Users/admin/IdeaProjects/spaceInvaders/target/classes/assets/textures/lv1.jpeg
08:20:18.906 [JavaFX Application Thread] DEBUG FXGLAssetLoaderServi - Loading from file system: file:/C:/Users/admin/IdeaProjects/spaceInvaders/target/classes/assets/textures/ship.png
08:20:19.571 [JavaFX Application Thread] DEBUG FXGLAssetLoaderServi - Loading from file system: file:/C:/Users/admin/IdeaProjects/spaceInvaders/target/classes/assets/textures/enemy/enemy%20(1).png
08:20:19.580 [JavaFX Application Thread] DEBUG FXGLAssetLoaderServi - Loading from file system: file:/C:/Users/admin/IdeaProjects/spaceInvaders/target/classes/assets/textures/enemy/enemy%20(2).png
08:20:19.589 [JavaFX Application Thread] DEBUG FXGLAssetLoaderServi - Loading from file system: file:/C:/Users/admin/IdeaProjects/spaceInvaders/target/classes/assets/textures/enemy/enemy%20(3).png
08:20:19.599 [JavaFX Application Thread] DEBUG FXGLAssetLoaderServi - Loading from file system: file:/C:/Users/admin/IdeaProjects/spaceInvaders/target/classes/assets/textures/enemy/enemy%20(4).png
08:20:19.616 [JavaFX Application Thread] DEBUG FXGLAssetLoaderServi - Loading from file system: file:/C:/Users/admin/IdeaProjects/spaceInvaders/target/classes/assets/textures/enemy/enemy%20(5).png
08:20:19.626 [JavaFX Application Thread] DEBUG FXGLAssetLoaderServi - Loading from file system: file:/C:/Users/admin/IdeaProjects/spaceInvaders/target/classes/assets/textures/enemy/enemy%20(6).png
08:20:19.640 [JavaFX Application Thread] DEBUG FXGLAssetLoaderServi - Loading from file system: file:/C:/Users/admin/IdeaProjects/spaceInvaders/target/classes/assets/textures/enemy/enemy%20(7).png
08:20:19.654 [JavaFX Application Thread] DEBUG FXGLAssetLoaderServi - Loading from file system: file:/C:/Users/admin/IdeaProjects/spaceInvaders/target/classes/assets/textures/enemy/enemy%20(8).png
08:20:19.663 [JavaFX Application Thread] DEBUG FXGLAssetLoaderServi - Loading from file system: file:/C:/Users/admin/IdeaProjects/spaceInvaders/target/classes/assets/textures/enemy/enemy%20(9).png
08:20:19.672 [JavaFX Application Thread] DEBUG FXGLAssetLoaderServi - Loading from file system: file:/C:/Users/admin/IdeaProjects/spaceInvaders/target/classes/assets/textures/enemy/enemy%20(10).png
08:20:20.311 [JavaFX Application Thread] DEBUG FXGLAssetLoaderServi - Loading from file system: file:/C:/Users/admin/IdeaProjects/spaceInvaders/target/classes/assets/textures/missile.png
08:20:22.308 [JavaFX Application Thread] DEBUG FXGLAssetLoaderServi - Loading from file system: file:/C:/Users/admin/IdeaProjects/spaceInvaders/target/classes/assets/textures/explode/Bomb_3_Explosion_002.png
08:20:22.331 [JavaFX Application Thread] DEBUG FXGLAssetLoaderServi - Loading from file system: file:/C:/Users/admin/IdeaProjects/spaceInvaders/target/classes/assets/textures/explode/Bomb_3_Explosion_003.png
08:20:22.353 [JavaFX Application Thread] DEBUG FXGLAssetLoaderServi - Loading from file system: file:/C:/Users/admin/IdeaProjects/spaceInvaders/target/classes/assets/textures/explode/Bomb_3_Explosion_004.png
08:20:22.384 [JavaFX Application Thread] DEBUG FXGLAssetLoaderServi - Loading from file system: file:/C:/Users/admin/IdeaProjects/spaceInvaders/target/classes/assets/textures/explode/Bomb_3_Explosion_005.png
08:20:22.415 [JavaFX Application Thread] DEBUG FXGLAssetLoaderServi - Loading from file system: file:/C:/Users/admin/IdeaProjects/spaceInvaders/target/classes/assets/textures/explode/Bomb_3_Explosion_006.png
08:20:22.446 [JavaFX Application Thread] DEBUG FXGLAssetLoaderServi - Loading from file system: file:/C:/Users/admin/IdeaProjects/spaceInvaders/target/classes/assets/textures/explode/Bomb_3_Explosion_007.png
08:20:22.468 [JavaFX Application Thread] DEBUG FXGLAssetLoaderServi - Loading from file system: file:/C:/Users/admin/IdeaProjects/spaceInvaders/target/classes/assets/textures/explode/Bomb_3_Explosion_008.png
08:21:53.048 [JavaFX Application Thread] DEBUG PrimaryStageWindow   - Push state: DialogSubScene
08:21:53.048 [JavaFX Application Thread] DEBUG Input                - Clearing active input actions
08:21:53.049 [JavaFX Application Thread] DEBUG GameApplicationServi - Removing overlay from GameScene and adding to DialogSubScene
08:21:53.050 [JavaFX Application Thread] DEBUG PrimaryStageWindow   - GameScene -> DialogSubScene
08:38:54.017 [JavaFX Application Thread] DEBUG FXGLApplication      - Exiting FXGL
08:38:54.017 [JavaFX Application Thread] DEBUG LoopRunner           - Stopping loop
08:38:54.017 [JavaFX Application Thread] DEBUG SystemBundleService  - Saving FXGL system data
08:38:54.023 [JavaFX Application Thread] DEBUG FileSystemAccess     - Writing to: C:\Users\admin\IdeaProjects\spaceInvaders\system\fxgl.bundle
08:38:54.024 [JavaFX Application Thread] DEBUG Async                - Shutting down background threads
08:38:54.025 [JavaFX Application Thread] DEBUG PrimaryStageWindow   - Closing main window
08:38:54.042 [JavaFX Application Thread] DEBUG Logger               - Closing Logger
