17:51:40.433 [main                     ] DEBUG Logger               - Configured Logger
17:51:40.476 [main                     ] DEBUG GameApplication      - Logging settings
Title: Space Invaders
Version: 0.1 Alpha
Width: 1280
Height: 800
Fullscreen: false
Intro: false
Profiling: false
Single step:false
App Mode: DEVELOPER
Menu Key: ESCAPE
Stage Style: DECORATED
Scene Factory: class com.is413.spaceinvaders.SpaceInvaders$1

17:51:41.020 [JavaFX Application Thread] DEBUG FXGLApplication      - Initializing FXGL
17:51:41.031 [JavaFX Application Thread] INFO  Engine               - FXGL-17.2 (20.08.2022 16.50) on WINDOWS (J:17.0.6 FX:17.0.2-ea)
17:51:41.032 [JavaFX Application Thread] DEBUG Engine               - JRE Vendor Name: Oracle Corporation
17:51:41.033 [JavaFX Application Thread] DEBUG Engine               - Running on OS: Windows 10 version 10.0
17:51:41.033 [JavaFX Application Thread] DEBUG Engine               - Architecture: amd64
17:51:41.033 [JavaFX Application Thread] INFO  Engine               - Source code and latest versions at: https://github.com/AlmasB/FXGL
17:51:41.033 [JavaFX Application Thread] INFO  Engine               -       Ask questions and discuss at: https://github.com/AlmasB/FXGL/discussions
17:51:41.033 [JavaFX Application Thread] INFO  Engine               -              Join the FXGL chat at: https://gitter.im/AlmasB/FXGL
17:51:41.227 [JavaFX Application Thread] DEBUG PrimaryStageWindow   - Creating a JavaFX scene
17:51:41.272 [JavaFX Application Thread] DEBUG PrimaryStageWindow   - Target settings size: 1280.0 x 800.0
17:51:41.272 [JavaFX Application Thread] DEBUG PrimaryStageWindow   - Scaled scene size:    1280.0 x 800.0
17:51:41.272 [JavaFX Application Thread] DEBUG PrimaryStageWindow   - Scaled ratio: (1.0, 1.0)
17:51:41.274 [JavaFX Application Thread] DEBUG PrimaryStageWindow   - Set initial scene to SpaceInvadersScene
17:51:41.284 [JavaFX Application Thread] DEBUG PrimaryStageWindow   - Opening main window
17:51:41.464 [JavaFX Application Thread] DEBUG PrimaryStageWindow   - Window border size: (12.4444580078125, 35.111083984375)
17:51:41.465 [JavaFX Application Thread] DEBUG PrimaryStageWindow   - Scaled size: 1280.0 x 800.0
17:51:41.465 [JavaFX Application Thread] DEBUG PrimaryStageWindow   - Scaled ratio: (1.0, 1.0)
17:51:41.466 [JavaFX Application Thread] DEBUG PrimaryStageWindow   - Scene size: 1280.0 x 800.0
17:51:41.467 [JavaFX Application Thread] DEBUG PrimaryStageWindow   - Stage size: 1292.4444580078125 x 835.111083984375
17:51:41.481 [FXGL Background Thread 1 ] DEBUG Engine               - Initializing environment variables
17:51:41.543 [FXGL Background Thread 1 ] DEBUG FXGLAssetLoaderServi - User app class for loading assets: class com.is413.spaceinvaders.SpaceInvaders
17:51:41.544 [FXGL Background Thread 1 ] DEBUG GameApplicationServi - Applying CSS: fxgl_dark.css
17:51:41.545 [FXGL Background Thread 1 ] DEBUG FXGLAssetLoaderServi - Loading from file system: jar:file:///C:/Users/admin/.m2/repository/com/github/almasb/fxgl/17.2/fxgl-17.2.jar!/fxglassets/ui/css/fxgl_dark.css
17:51:41.620 [FXGL Background Thread 1 ] DEBUG GameApplicationServi - Initializing application scenes
17:51:41.638 [FXGL Background Thread 1 ] DEBUG GameWorld            - Game world initialized
17:51:41.740 [FXGL Background Thread 1 ] DEBUG PhysicsWorld         - Physics world initialized: appHeight=800, physics.ppm=50.0
17:51:41.741 [FXGL Background Thread 1 ] DEBUG PhysicsWorld         - Using strategy: BRUTE_FORCE
17:51:41.746 [FXGL Background Thread 1 ] DEBUG GameScene            - Game scene initialized: 1280x800
17:51:41.763 [FXGL Background Thread 1 ] DEBUG FXGL.DefaultMenu     - createMenuBodyMainMenu()
17:51:41.786 [FXGL Background Thread 1 ] DEBUG FXGL.DefaultMenu     - createOptionsMenu()
17:51:41.799 [FXGL Background Thread 1 ] DEBUG FXGLAssetLoaderServi - Loading from file system: jar:file:///C:/Users/admin/.m2/repository/com/github/almasb/fxgl/17.2/fxgl-17.2.jar!/fxglassets/textures/particles/smoke.png
17:51:41.926 [FXGL Background Thread 1 ] DEBUG FXGLAssetLoaderServi - Loading from file system: jar:file:///C:/Users/admin/.m2/repository/com/github/almasb/fxgl/17.2/fxgl-17.2.jar!/fxglassets/textures/particles/trace_horizontal.png
17:51:41.960 [FXGL Background Thread 1 ] DEBUG FXGL.DefaultMenu     - createMenuBodyGameMenu()
17:51:41.961 [FXGL Background Thread 1 ] DEBUG FXGL.DefaultMenu     - createOptionsMenu()
17:51:41.989 [FXGL Background Thread 1 ] DEBUG GameApplicationServi - Application scenes initialized
17:51:42.003 [FXGL Background Thread 1 ] DEBUG SystemBundleService  - Loading FXGL system data
17:51:42.011 [FXGL Background Thread 1 ] DEBUG FileSystemAccess     - Reading from: C:\Users\admin\IdeaProjects\spaceInvaders\system\fxgl.bundle
17:51:42.025 [FXGL Background Thread 1 ] DEBUG SystemBundleService  - Bundle FXGL: {}
17:51:42.025 [FXGL Background Thread 1 ] DEBUG UpdaterService       - Checking for updates
17:51:42.033 [FXGL Background Thread 1 ] DEBUG FXGLApplication      - Loading default localization
17:51:42.033 [FXGL Background Thread 1 ] DEBUG FXGLAssetLoaderServi - Loading from file system: jar:file:///C:/Users/admin/.m2/repository/com/github/almasb/fxgl/17.2/fxgl-17.2.jar!/fxglassets/languages/english.lang
17:51:42.048 [FXGL Background Thread 4 ] DEBUG FXGLApplication      - Loading fonts
17:51:42.049 [FXGL Background Thread 4 ] DEBUG FXGLAssetLoaderServi - Loading from file system: jar:file:///C:/Users/admin/.m2/repository/com/github/almasb/fxgl/17.2/fxgl-17.2.jar!/fxglassets/ui/fonts/VarelaRound-Regular.ttf
17:51:42.064 [FXGL Background Thread 1 ] INFO  FXGLApplication      - FXGL initialization took: 0.583 sec
17:51:42.080 [JavaFX Application Thread] DEBUG Input                - Registered new binding: Move Left - A
17:51:42.081 [JavaFX Application Thread] DEBUG Input                - Registered new binding: Move Right - D
17:51:42.081 [JavaFX Application Thread] DEBUG Input                - Registered new binding: Fire Missile - Space
17:51:42.082 [JavaFX Application Thread] DEBUG FXGLAssetLoaderServi - Loading from file system: jar:file:///C:/Users/admin/.m2/repository/com/github/almasb/fxgl/17.2/fxgl-17.2.jar!/fxglassets/textures/fxgl_icon.png
17:51:42.123 [JavaFX Application Thread] DEBUG FXGLAssetLoaderServi - Loading from file system: jar:file:///C:/Users/admin/.m2/repository/com/github/almasb/fxgl/17.2/fxgl-17.2.jar!/fxglassets/textures/fxgl_default_cursor.png
17:51:42.127 [JavaFX Application Thread] DEBUG Input                - Registered new binding: Screenshot - CTRL+8
17:51:42.128 [JavaFX Application Thread] DEBUG Input                - Registered new binding: System info dump - CTRL+9
17:51:42.129 [JavaFX Application Thread] DEBUG Input                - Registered new binding: Restart - CTRL+R
17:51:42.129 [JavaFX Application Thread] DEBUG Input                - Registered new binding: Toggle Debug Camera - CTRL+7
17:51:42.132 [JavaFX Application Thread] DEBUG LoopRunner           - Starting loop
17:51:42.132 [JavaFX Application Thread] DEBUG LoopRunner           - Initializing JavaFX AnimationTimerLoop
17:51:42.136 [JavaFX Application Thread] DEBUG Input                - Clearing active input actions
17:51:42.179 [JavaFX Application Thread] DEBUG GameApplicationServi - Removing overlay from SpaceInvadersScene and adding to FXGLMainMenuDummyScene
17:51:42.180 [JavaFX Application Thread] DEBUG PrimaryStageWindow   - SpaceInvadersScene -> FXGLMainMenuDummyScene
17:51:42.180 [JavaFX Application Thread] DEBUG PrimaryStageWindow   - Push state: FXGLDefaultMenu
17:51:42.187 [JavaFX Application Thread] DEBUG Input                - Clearing active input actions
17:51:42.195 [JavaFX Application Thread] DEBUG GameApplicationServi - Removing overlay from FXGLMainMenuDummyScene and adding to FXGLDefaultMenu
17:51:42.195 [JavaFX Application Thread] DEBUG PrimaryStageWindow   - FXGLMainMenuDummyScene -> FXGLDefaultMenu
17:51:42.469 [FXGL Background Thread 4 ] DEBUG FXGLAssetLoaderServi - Loading from file system: jar:file:///C:/Users/admin/.m2/repository/com/github/almasb/fxgl/17.2/fxgl-17.2.jar!/fxglassets/ui/fonts/Abel-Regular.ttf
17:51:42.472 [FXGL Background Thread 4 ] DEBUG FXGLAssetLoaderServi - Loading from file system: jar:file:///C:/Users/admin/.m2/repository/com/github/almasb/fxgl/17.2/fxgl-17.2.jar!/fxglassets/ui/fonts/TerminalLandMono-Regular.otf
17:51:42.477 [FXGL Background Thread 4 ] DEBUG FXGLAssetLoaderServi - Loading from file system: jar:file:///C:/Users/admin/.m2/repository/com/github/almasb/fxgl/17.2/fxgl-17.2.jar!/fxglassets/ui/fonts/Courier-Prime.ttf
17:51:42.507 [JavaFX Application Thread] DEBUG FXGLApplication      - Registering font factories with UI factory
17:51:42.956 [FXGL Background Thread 2 ] INFO  UpdaterService       - Your current version:  17.2
17:51:42.957 [FXGL Background Thread 2 ] INFO  UpdaterService       - Latest stable version: 17.3
17:51:45.032 [FXGL Background Thread 3 ] DEBUG Engine               - Logging environment variables
17:51:45.033 [FXGL Background Thread 3 ] DEBUG Engine               - achievements: []
17:51:45.033 [FXGL Background Thread 3 ] DEBUG Engine               - actualHeight: 800.0
17:51:45.034 [FXGL Background Thread 3 ] DEBUG Engine               - actualHeightProperty: ReadOnlyDoubleProperty [value: 800.0]
17:51:45.034 [FXGL Background Thread 3 ] DEBUG Engine               - actualWidth: 1280.0
17:51:45.034 [FXGL Background Thread 3 ] DEBUG Engine               - actualWidthProperty: ReadOnlyDoubleProperty [value: 1280.0]
17:51:45.034 [FXGL Background Thread 3 ] DEBUG Engine               - appIcon: fxgl_icon.png
17:51:45.034 [FXGL Background Thread 3 ] DEBUG Engine               - applicationMode: DEVELOPER
17:51:45.034 [FXGL Background Thread 3 ] DEBUG Engine               - cSSList: [fxgl_dark.css]
17:51:45.034 [FXGL Background Thread 3 ] DEBUG Engine               - collisionDetectionStrategy: BRUTE_FORCE
17:51:45.034 [FXGL Background Thread 3 ] DEBUG Engine               - configClass: Optional.empty
17:51:45.034 [FXGL Background Thread 3 ] DEBUG Engine               - credits: []
17:51:45.035 [FXGL Background Thread 3 ] DEBUG Engine               - defaultCursor: CursorInfo(imageName=fxgl_default_cursor.png, hotspotX=7.0, hotspotY=6.0)
17:51:45.035 [FXGL Background Thread 3 ] DEBUG Engine               - devBBoxColorProperty: ObjectProperty [value: 0xff0000ff]
17:51:45.036 [FXGL Background Thread 3 ] DEBUG Engine               - devEnableDebugCameraProperty: BooleanProperty [value: false]
17:51:45.036 [FXGL Background Thread 3 ] DEBUG Engine               - devSensorColorProperty: ObjectProperty [value: 0xffff00ff]
17:51:45.036 [FXGL Background Thread 3 ] DEBUG Engine               - devShowBBoxProperty: BooleanProperty [value: false]
17:51:45.036 [FXGL Background Thread 3 ] DEBUG Engine               - devShowPositionProperty: BooleanProperty [value: false]
17:51:45.036 [FXGL Background Thread 3 ] DEBUG Engine               - enabledMenuItems: []
17:51:45.036 [FXGL Background Thread 3 ] DEBUG Engine               - engineServices: [class com.almasb.fxgl.app.services.FXGLAssetLoaderService, class com.almasb.fxgl.app.FXGLApplication$GameApplicationService, class com.almasb.fxgl.app.services.FXGLDialogService, class com.almasb.fxgl.app.services.IOTaskExecutorService, class com.almasb.fxgl.io.FileSystemService, class com.almasb.fxgl.localization.LocalizationService, class com.almasb.fxgl.app.services.SystemBundleService, class com.almasb.fxgl.profile.SaveLoadService, class com.almasb.fxgl.ui.FXGLUIFactoryServiceProvider, class com.almasb.fxgl.ui.FXGLDialogFactoryServiceProvider, class com.almasb.fxgl.audio.AudioPlayer, class com.almasb.fxgl.notification.impl.NotificationServiceProvider, class com.almasb.fxgl.achievement.AchievementService, class com.almasb.fxgl.cutscene.CutsceneService, class com.almasb.fxgl.minigames.MiniGameService, class com.almasb.fxgl.net.NetService, class com.almasb.fxgl.app.services.UpdaterService, class com.almasb.fxgl.dev.DevService]
17:51:45.036 [FXGL Background Thread 3 ] DEBUG Engine               - fontGame: Abel-Regular.ttf
17:51:45.036 [FXGL Background Thread 3 ] DEBUG Engine               - fontMono: TerminalLandMono-Regular.otf
17:51:45.036 [FXGL Background Thread 3 ] DEBUG Engine               - fontText: Courier-Prime.ttf
17:51:45.036 [FXGL Background Thread 3 ] DEBUG Engine               - fontUI: VarelaRound-Regular.ttf
17:51:45.036 [FXGL Background Thread 3 ] DEBUG Engine               - fullScreen: BooleanProperty [value: false]
17:51:45.036 [FXGL Background Thread 3 ] DEBUG Engine               - gameDifficulty: MEDIUM
17:51:45.037 [FXGL Background Thread 3 ] DEBUG Engine               - gameDifficultyProperty: ObjectProperty [value: MEDIUM]
17:51:45.037 [FXGL Background Thread 3 ] DEBUG Engine               - globalMusicVolume: 0.5
17:51:45.037 [FXGL Background Thread 3 ] DEBUG Engine               - globalMusicVolumeProperty: DoubleProperty [value: 0.5]
17:51:45.037 [FXGL Background Thread 3 ] DEBUG Engine               - globalSoundVolume: 0.5
17:51:45.037 [FXGL Background Thread 3 ] DEBUG Engine               - globalSoundVolumeProperty: DoubleProperty [value: 0.5]
17:51:45.037 [FXGL Background Thread 3 ] DEBUG Engine               - height: 800
17:51:45.037 [FXGL Background Thread 3 ] DEBUG Engine               - is3D: false
17:51:45.037 [FXGL Background Thread 3 ] DEBUG Engine               - isAndroid: false
17:51:45.037 [FXGL Background Thread 3 ] DEBUG Engine               - isBrowser: false
17:51:45.037 [FXGL Background Thread 3 ] DEBUG Engine               - isClickFeedbackEnabled: false
17:51:45.038 [FXGL Background Thread 3 ] DEBUG Engine               - isCloseConfirmation: false
17:51:45.038 [FXGL Background Thread 3 ] DEBUG Engine               - isDesktop: true
17:51:45.038 [FXGL Background Thread 3 ] DEBUG Engine               - isDeveloperMenuEnabled: false
17:51:45.038 [FXGL Background Thread 3 ] DEBUG Engine               - isEmbedded: false
17:51:45.038 [FXGL Background Thread 3 ] DEBUG Engine               - isEntityPreloadEnabled: true
17:51:45.038 [FXGL Background Thread 3 ] DEBUG Engine               - isExperimentalTiledLargeMap: false
17:51:45.038 [FXGL Background Thread 3 ] DEBUG Engine               - isFileSystemWriteAllowed: true
17:51:45.038 [FXGL Background Thread 3 ] DEBUG Engine               - isFullScreenAllowed: false
17:51:45.038 [FXGL Background Thread 3 ] DEBUG Engine               - isFullScreenFromStart: false
17:51:45.038 [FXGL Background Thread 3 ] DEBUG Engine               - isGameMenuEnabled: true
17:51:45.038 [FXGL Background Thread 3 ] DEBUG Engine               - isIOS: false
17:51:45.038 [FXGL Background Thread 3 ] DEBUG Engine               - isIntroEnabled: false
17:51:45.038 [FXGL Background Thread 3 ] DEBUG Engine               - isLinux: false
17:51:45.038 [FXGL Background Thread 3 ] DEBUG Engine               - isMac: false
17:51:45.038 [FXGL Background Thread 3 ] DEBUG Engine               - isMainMenuEnabled: true
17:51:45.039 [FXGL Background Thread 3 ] DEBUG Engine               - isManualResizeEnabled: false
17:51:45.039 [FXGL Background Thread 3 ] DEBUG Engine               - isMobile: false
17:51:45.039 [FXGL Background Thread 3 ] DEBUG Engine               - isNative: false
17:51:45.039 [FXGL Background Thread 3 ] DEBUG Engine               - isPauseMusicWhenMinimized: true
17:51:45.039 [FXGL Background Thread 3 ] DEBUG Engine               - isPreserveResizeRatio: false
17:51:45.039 [FXGL Background Thread 3 ] DEBUG Engine               - isProfilingEnabled: false
17:51:45.039 [FXGL Background Thread 3 ] DEBUG Engine               - isScaleAffectedOnResize: true
17:51:45.039 [FXGL Background Thread 3 ] DEBUG Engine               - isSingleStep: false
17:51:45.039 [FXGL Background Thread 3 ] DEBUG Engine               - isUserProfileEnabled: false
17:51:45.039 [FXGL Background Thread 3 ] DEBUG Engine               - isWindows: true
17:51:45.039 [FXGL Background Thread 3 ] DEBUG Engine               - language: ObjectProperty [value: ENGLISH]
17:51:45.039 [FXGL Background Thread 3 ] DEBUG Engine               - menuKey: ESCAPE
17:51:45.039 [FXGL Background Thread 3 ] DEBUG Engine               - mouseSensitivity: 0.2
17:51:45.039 [FXGL Background Thread 3 ] DEBUG Engine               - notificationViewClass: class com.almasb.fxgl.notification.view.XboxNotificationView
17:51:45.039 [FXGL Background Thread 3 ] DEBUG Engine               - pixelsPerMeter: 50.0
17:51:45.040 [FXGL Background Thread 3 ] DEBUG Engine               - platform: WINDOWS
17:51:45.040 [FXGL Background Thread 3 ] DEBUG Engine               - prefHeightProperty: ReadOnlyDoubleProperty [value: 800.0]
17:51:45.040 [FXGL Background Thread 3 ] DEBUG Engine               - prefWidthProperty: ReadOnlyDoubleProperty [value: 1280.0]
17:51:45.040 [FXGL Background Thread 3 ] DEBUG Engine               - profileDir: profiles/
17:51:45.040 [FXGL Background Thread 3 ] DEBUG Engine               - profileName: StringProperty [value: DEFAULT]
17:51:45.040 [FXGL Background Thread 3 ] DEBUG Engine               - randomSeed: -1
17:51:45.040 [FXGL Background Thread 3 ] DEBUG Engine               - runtimeInfo: RuntimeInfo(platform=WINDOWS, version=17.2, build=20.08.2022 16.50)
17:51:45.040 [FXGL Background Thread 3 ] DEBUG Engine               - saveFileExt: sav
17:51:45.040 [FXGL Background Thread 3 ] DEBUG Engine               - scaledHeightProp$fxgl: DoubleProperty [bound, value: 800.0]
17:51:45.040 [FXGL Background Thread 3 ] DEBUG Engine               - scaledWidthProp$fxgl: DoubleProperty [bound, value: 1280.0]
17:51:45.041 [FXGL Background Thread 3 ] DEBUG Engine               - sceneFactory: com.is413.spaceinvaders.SpaceInvaders$1@240f2123
17:51:45.041 [FXGL Background Thread 3 ] DEBUG Engine               - secondsIn24h: 60
17:51:45.041 [FXGL Background Thread 3 ] DEBUG Engine               - soundMenuBack: menu/back.wav
17:51:45.041 [FXGL Background Thread 3 ] DEBUG Engine               - soundMenuPress: menu/press.wav
17:51:45.041 [FXGL Background Thread 3 ] DEBUG Engine               - soundMenuSelect: menu/select.wav
17:51:45.041 [FXGL Background Thread 3 ] DEBUG Engine               - soundNotification: core/notification.wav
17:51:45.041 [FXGL Background Thread 3 ] DEBUG Engine               - stageStyle: DECORATED
17:51:45.041 [FXGL Background Thread 3 ] DEBUG Engine               - supportedLanguages: [ENGLISH, FRENCH, GERMAN, HUNGARIAN, RUSSIAN]
17:51:45.041 [FXGL Background Thread 3 ] DEBUG Engine               - ticksPerSecond: -1
17:51:45.041 [FXGL Background Thread 3 ] DEBUG Engine               - title: Space Invaders
17:51:45.041 [FXGL Background Thread 3 ] DEBUG Engine               - urlGithub: https://github.com/AlmasB/FXGL
17:51:45.041 [FXGL Background Thread 3 ] DEBUG Engine               - urlLeaderboard: http://fxgl-top.herokuapp.com/
17:51:45.041 [FXGL Background Thread 3 ] DEBUG Engine               - urlPOM: https://raw.githubusercontent.com/AlmasB/FXGL/release/README.md
17:51:45.041 [FXGL Background Thread 3 ] DEBUG Engine               - userAppClass: class com.is413.spaceinvaders.SpaceInvaders
17:51:45.041 [FXGL Background Thread 3 ] DEBUG Engine               - version: 0.1 Alpha
17:51:45.041 [FXGL Background Thread 3 ] DEBUG Engine               - versionCheckDays: 7
17:51:45.042 [FXGL Background Thread 3 ] DEBUG Engine               - width: 1280
17:51:45.042 [FXGL Background Thread 3 ] DEBUG Engine               - Logging services
17:51:45.042 [FXGL Background Thread 3 ] DEBUG Engine               - class com.almasb.fxgl.app.services.FXGLAssetLoaderService
17:51:45.042 [FXGL Background Thread 3 ] DEBUG Engine               - class com.almasb.fxgl.app.FXGLApplication$GameApplicationService
17:51:45.042 [FXGL Background Thread 3 ] DEBUG Engine               - class com.almasb.fxgl.app.services.FXGLDialogService
17:51:45.042 [FXGL Background Thread 3 ] DEBUG Engine               - class com.almasb.fxgl.app.services.IOTaskExecutorService
17:51:45.042 [FXGL Background Thread 3 ] DEBUG Engine               - class com.almasb.fxgl.io.FileSystemService
17:51:45.042 [FXGL Background Thread 3 ] DEBUG Engine               - class com.almasb.fxgl.localization.LocalizationService
17:51:45.042 [FXGL Background Thread 3 ] DEBUG Engine               - class com.almasb.fxgl.app.services.SystemBundleService
17:51:45.043 [FXGL Background Thread 3 ] DEBUG Engine               - class com.almasb.fxgl.profile.SaveLoadService
17:51:45.043 [FXGL Background Thread 3 ] DEBUG Engine               - class com.almasb.fxgl.ui.FXGLUIFactoryServiceProvider
17:51:45.043 [FXGL Background Thread 3 ] DEBUG Engine               - class com.almasb.fxgl.ui.FXGLDialogFactoryServiceProvider
17:51:45.043 [FXGL Background Thread 3 ] DEBUG Engine               - class com.almasb.fxgl.audio.AudioPlayer
17:51:45.043 [FXGL Background Thread 3 ] DEBUG Engine               - class com.almasb.fxgl.notification.impl.NotificationServiceProvider
17:51:45.043 [FXGL Background Thread 3 ] DEBUG Engine               - class com.almasb.fxgl.achievement.AchievementService
17:51:45.043 [FXGL Background Thread 3 ] DEBUG Engine               - class com.almasb.fxgl.cutscene.CutsceneService
17:51:45.043 [FXGL Background Thread 3 ] DEBUG Engine               - class com.almasb.fxgl.minigames.MiniGameService
17:51:45.043 [FXGL Background Thread 3 ] DEBUG Engine               - class com.almasb.fxgl.net.NetService
17:51:45.043 [FXGL Background Thread 3 ] DEBUG Engine               - class com.almasb.fxgl.app.services.UpdaterService
17:51:45.043 [FXGL Background Thread 3 ] DEBUG Engine               - class com.almasb.fxgl.dev.DevService
17:52:00.489 [JavaFX Application Thread] DEBUG FXGLApplication      - Exiting FXGL
17:52:00.489 [JavaFX Application Thread] DEBUG LoopRunner           - Stopping loop
17:52:00.489 [JavaFX Application Thread] DEBUG SystemBundleService  - Saving FXGL system data
17:52:00.494 [JavaFX Application Thread] DEBUG FileSystemAccess     - Writing to: C:\Users\admin\IdeaProjects\spaceInvaders\system\fxgl.bundle
17:52:00.495 [JavaFX Application Thread] DEBUG Async                - Shutting down background threads
17:52:00.495 [JavaFX Application Thread] DEBUG PrimaryStageWindow   - Closing main window
17:52:00.515 [JavaFX Application Thread] DEBUG Logger               - Closing Logger
