14:17:10.946 [main                     ] DEBUG Logger               - Configured Logger
14:17:10.976 [main                     ] DEBUG GameApplication      - Logging settings
Title: Space Invaders
Version: 0.1 Alpha
Width: 1280
Height: 800
Fullscreen: false
Intro: false
Profiling: false
Single step:false
App Mode: DEVELOPER
Menu Key: ESCAPE
Stage Style: DECORATED
Scene Factory: class com.is413.spaceinvaders.SpaceInvaders$1

14:17:11.358 [JavaFX Application Thread] DEBUG FXGLApplication      - Initializing FXGL
14:17:11.367 [JavaFX Application Thread] INFO  Engine               - FXGL-17.2 (20.08.2022 16.50) on WINDOWS (J:17.0.6 FX:17.0.2-ea)
14:17:11.368 [JavaFX Application Thread] DEBUG Engine               - JRE Vendor Name: Oracle Corporation
14:17:11.368 [JavaFX Application Thread] DEBUG Engine               - Running on OS: Windows 10 version 10.0
14:17:11.369 [JavaFX Application Thread] DEBUG Engine               - Architecture: amd64
14:17:11.369 [JavaFX Application Thread] INFO  Engine               - Source code and latest versions at: https://github.com/AlmasB/FXGL
14:17:11.369 [JavaFX Application Thread] INFO  Engine               -       Ask questions and discuss at: https://github.com/AlmasB/FXGL/discussions
14:17:11.369 [JavaFX Application Thread] INFO  Engine               -              Join the FXGL chat at: https://gitter.im/AlmasB/FXGL
14:17:11.515 [JavaFX Application Thread] DEBUG PrimaryStageWindow   - Creating a JavaFX scene
14:17:11.560 [JavaFX Application Thread] DEBUG PrimaryStageWindow   - Target settings size: 1280.0 x 800.0
14:17:11.560 [JavaFX Application Thread] DEBUG PrimaryStageWindow   - Scaled scene size:    1280.0 x 800.0
14:17:11.560 [JavaFX Application Thread] DEBUG PrimaryStageWindow   - Scaled ratio: (1.0, 1.0)
14:17:11.562 [JavaFX Application Thread] DEBUG PrimaryStageWindow   - Set initial scene to SpaceInvadersScene
14:17:11.570 [JavaFX Application Thread] DEBUG PrimaryStageWindow   - Opening main window
14:17:11.704 [JavaFX Application Thread] DEBUG PrimaryStageWindow   - Window border size: (12.4444580078125, 35.111083984375)
14:17:11.706 [JavaFX Application Thread] DEBUG PrimaryStageWindow   - Scaled size: 1280.0 x 800.0
14:17:11.707 [JavaFX Application Thread] DEBUG PrimaryStageWindow   - Scaled ratio: (1.0, 1.0)
14:17:11.709 [JavaFX Application Thread] DEBUG PrimaryStageWindow   - Scene size: 1280.0 x 800.0
14:17:11.710 [JavaFX Application Thread] DEBUG PrimaryStageWindow   - Stage size: 1292.4444580078125 x 835.111083984375
14:17:11.728 [FXGL Background Thread 1 ] DEBUG Engine               - Initializing environment variables
14:17:11.808 [FXGL Background Thread 1 ] DEBUG FXGLAssetLoaderServi - User app class for loading assets: class com.is413.spaceinvaders.SpaceInvaders
14:17:11.809 [FXGL Background Thread 1 ] DEBUG GameApplicationServi - Applying CSS: fxgl_dark.css
14:17:11.812 [FXGL Background Thread 1 ] DEBUG FXGLAssetLoaderServi - Loading from file system: jar:file:///C:/Users/admin/.m2/repository/com/github/almasb/fxgl/17.2/fxgl-17.2.jar!/fxglassets/ui/css/fxgl_dark.css
14:17:11.922 [FXGL Background Thread 1 ] DEBUG GameApplicationServi - Initializing application scenes
14:17:11.946 [FXGL Background Thread 1 ] DEBUG GameWorld            - Game world initialized
14:17:12.051 [FXGL Background Thread 1 ] DEBUG PhysicsWorld         - Physics world initialized: appHeight=800, physics.ppm=50.0
14:17:12.052 [FXGL Background Thread 1 ] DEBUG PhysicsWorld         - Using strategy: BRUTE_FORCE
14:17:12.059 [FXGL Background Thread 1 ] DEBUG GameScene            - Game scene initialized: 1280x800
14:17:12.083 [FXGL Background Thread 1 ] DEBUG FXGL.DefaultMenu     - createMenuBodyMainMenu()
14:17:12.104 [FXGL Background Thread 1 ] DEBUG FXGL.DefaultMenu     - createOptionsMenu()
14:17:12.120 [FXGL Background Thread 1 ] DEBUG FXGLAssetLoaderServi - Loading from file system: jar:file:///C:/Users/admin/.m2/repository/com/github/almasb/fxgl/17.2/fxgl-17.2.jar!/fxglassets/textures/particles/smoke.png
14:17:12.214 [FXGL Background Thread 1 ] DEBUG FXGLAssetLoaderServi - Loading from file system: jar:file:///C:/Users/admin/.m2/repository/com/github/almasb/fxgl/17.2/fxgl-17.2.jar!/fxglassets/textures/particles/trace_horizontal.png
14:17:12.245 [FXGL Background Thread 1 ] DEBUG FXGL.DefaultMenu     - createMenuBodyGameMenu()
14:17:12.247 [FXGL Background Thread 1 ] DEBUG FXGL.DefaultMenu     - createOptionsMenu()
14:17:12.287 [FXGL Background Thread 1 ] DEBUG GameApplicationServi - Application scenes initialized
14:17:12.305 [FXGL Background Thread 1 ] DEBUG SystemBundleService  - Loading FXGL system data
14:17:12.312 [FXGL Background Thread 1 ] DEBUG FileSystemAccess     - Reading from: C:\Users\admin\IdeaProjects\spaceInvaders\system\fxgl.bundle
14:17:12.323 [FXGL Background Thread 1 ] DEBUG SystemBundleService  - Bundle FXGL: {}
14:17:12.323 [FXGL Background Thread 1 ] DEBUG UpdaterService       - Checking for updates
14:17:12.331 [FXGL Background Thread 1 ] DEBUG FXGLApplication      - Loading default localization
14:17:12.340 [FXGL Background Thread 1 ] DEBUG FXGLAssetLoaderServi - Loading from file system: jar:file:///C:/Users/admin/.m2/repository/com/github/almasb/fxgl/17.2/fxgl-17.2.jar!/fxglassets/languages/english.lang
14:17:12.344 [FXGL Background Thread 4 ] DEBUG FXGLApplication      - Loading fonts
14:17:12.345 [FXGL Background Thread 4 ] DEBUG FXGLAssetLoaderServi - Loading from file system: jar:file:///C:/Users/admin/.m2/repository/com/github/almasb/fxgl/17.2/fxgl-17.2.jar!/fxglassets/ui/fonts/VarelaRound-Regular.ttf
14:17:12.365 [FXGL Background Thread 1 ] INFO  FXGLApplication      - FXGL initialization took: 0.637 sec
14:17:12.381 [JavaFX Application Thread] DEBUG Input                - Registered new binding: Move Left - A
14:17:12.381 [JavaFX Application Thread] DEBUG Input                - Registered new binding: Move Right - D
14:17:12.382 [JavaFX Application Thread] DEBUG Input                - Registered new binding: Fire Missile - Space
14:17:12.382 [JavaFX Application Thread] DEBUG FXGLAssetLoaderServi - Loading from file system: jar:file:///C:/Users/admin/.m2/repository/com/github/almasb/fxgl/17.2/fxgl-17.2.jar!/fxglassets/textures/fxgl_icon.png
14:17:12.408 [JavaFX Application Thread] DEBUG FXGLAssetLoaderServi - Loading from file system: jar:file:///C:/Users/admin/.m2/repository/com/github/almasb/fxgl/17.2/fxgl-17.2.jar!/fxglassets/textures/fxgl_default_cursor.png
14:17:12.413 [JavaFX Application Thread] DEBUG Input                - Registered new binding: Screenshot - CTRL+8
14:17:12.414 [JavaFX Application Thread] DEBUG Input                - Registered new binding: System info dump - CTRL+9
14:17:12.415 [JavaFX Application Thread] DEBUG Input                - Registered new binding: Restart - CTRL+R
14:17:12.416 [JavaFX Application Thread] DEBUG Input                - Registered new binding: Toggle Debug Camera - CTRL+7
14:17:12.419 [JavaFX Application Thread] DEBUG LoopRunner           - Starting loop
14:17:12.419 [JavaFX Application Thread] DEBUG LoopRunner           - Initializing JavaFX AnimationTimerLoop
14:17:12.422 [JavaFX Application Thread] DEBUG Input                - Clearing active input actions
14:17:12.433 [JavaFX Application Thread] DEBUG GameApplicationServi - Removing overlay from SpaceInvadersScene and adding to FXGLMainMenuDummyScene
14:17:12.434 [JavaFX Application Thread] DEBUG PrimaryStageWindow   - SpaceInvadersScene -> FXGLMainMenuDummyScene
14:17:12.434 [JavaFX Application Thread] DEBUG PrimaryStageWindow   - Push state: FXGLDefaultMenu
14:17:12.441 [JavaFX Application Thread] DEBUG Input                - Clearing active input actions
14:17:12.450 [JavaFX Application Thread] DEBUG GameApplicationServi - Removing overlay from FXGLMainMenuDummyScene and adding to FXGLDefaultMenu
14:17:12.451 [JavaFX Application Thread] DEBUG PrimaryStageWindow   - FXGLMainMenuDummyScene -> FXGLDefaultMenu
14:17:12.677 [FXGL Background Thread 4 ] DEBUG FXGLAssetLoaderServi - Loading from file system: jar:file:///C:/Users/admin/.m2/repository/com/github/almasb/fxgl/17.2/fxgl-17.2.jar!/fxglassets/ui/fonts/Abel-Regular.ttf
14:17:12.699 [FXGL Background Thread 4 ] DEBUG FXGLAssetLoaderServi - Loading from file system: jar:file:///C:/Users/admin/.m2/repository/com/github/almasb/fxgl/17.2/fxgl-17.2.jar!/fxglassets/ui/fonts/TerminalLandMono-Regular.otf
14:17:12.704 [FXGL Background Thread 4 ] DEBUG FXGLAssetLoaderServi - Loading from file system: jar:file:///C:/Users/admin/.m2/repository/com/github/almasb/fxgl/17.2/fxgl-17.2.jar!/fxglassets/ui/fonts/Courier-Prime.ttf
14:17:12.753 [JavaFX Application Thread] DEBUG FXGLApplication      - Registering font factories with UI factory
14:17:13.110 [FXGL Background Thread 2 ] INFO  UpdaterService       - Your current version:  17.2
14:17:13.110 [FXGL Background Thread 2 ] INFO  UpdaterService       - Latest stable version: 17.3
14:17:13.715 [JavaFX Application Thread] DEBUG Menu                 - fireNewGame()
14:17:13.715 [JavaFX Application Thread] DEBUG GameApplicationServi - Starting new game
14:17:13.717 [JavaFX Application Thread] DEBUG PrimaryStageWindow   - Pop state: FXGLDefaultMenu
14:17:13.717 [JavaFX Application Thread] DEBUG Input                - Clearing active input actions
14:17:13.718 [JavaFX Application Thread] DEBUG GameApplicationServi - Removing overlay from FXGLDefaultMenu and adding to FXGLMainMenuDummyScene
14:17:13.719 [JavaFX Application Thread] DEBUG PrimaryStageWindow   - FXGLMainMenuDummyScene <- FXGLDefaultMenu
14:17:13.719 [JavaFX Application Thread] DEBUG Input                - Clearing active input actions
14:17:13.730 [JavaFX Application Thread] DEBUG GameApplicationServi - Removing overlay from FXGLMainMenuDummyScene and adding to FXGLLoadingScene
14:17:13.731 [JavaFX Application Thread] DEBUG PrimaryStageWindow   - FXGLMainMenuDummyScene -> FXGLLoadingScene
14:17:13.731 [JavaFX Application Thread] DEBUG GameApplicationServi - Clearing previous game
14:17:13.732 [JavaFX Application Thread] DEBUG GameScene            - Clearing game scene
14:17:13.732 [JavaFX Application Thread] DEBUG GameWorld            - Clearing game world
14:17:13.732 [JavaFX Application Thread] DEBUG PhysicsWorld         - Clearing physics world
14:17:13.734 [FXGL Background Thread 2 ] DEBUG FXGLApplication      - Initializing game
14:17:13.755 [FXGL Background Thread 2 ] INFO  FXGLApplication      - Game initialization took: 0.021 sec
14:17:13.765 [JavaFX Application Thread] DEBUG Input                - Clearing active input actions
14:17:13.775 [JavaFX Application Thread] DEBUG GameApplicationServi - Removing overlay from FXGLLoadingScene and adding to GameScene
14:17:13.775 [JavaFX Application Thread] DEBUG PrimaryStageWindow   - FXGLLoadingScene -> GameScene
14:17:15.019 [JavaFX Application Thread] DEBUG FXGLAssetLoaderServi - Loading from file system: file:/C:/Users/admin/IdeaProjects/spaceInvaders/target/classes/assets/textures/lv1.jpeg
14:17:15.041 [JavaFX Application Thread] DEBUG FXGLAssetLoaderServi - Loading from file system: file:/C:/Users/admin/IdeaProjects/spaceInvaders/target/classes/assets/textures/ship.png
14:17:15.329 [FXGL Background Thread 3 ] DEBUG Engine               - Logging environment variables
14:17:15.329 [FXGL Background Thread 3 ] DEBUG Engine               - achievements: []
14:17:15.330 [FXGL Background Thread 3 ] DEBUG Engine               - actualHeight: 800.0
14:17:15.330 [FXGL Background Thread 3 ] DEBUG Engine               - actualHeightProperty: ReadOnlyDoubleProperty [value: 800.0]
14:17:15.330 [FXGL Background Thread 3 ] DEBUG Engine               - actualWidth: 1280.0
14:17:15.330 [FXGL Background Thread 3 ] DEBUG Engine               - actualWidthProperty: ReadOnlyDoubleProperty [value: 1280.0]
14:17:15.330 [FXGL Background Thread 3 ] DEBUG Engine               - appIcon: fxgl_icon.png
14:17:15.330 [FXGL Background Thread 3 ] DEBUG Engine               - applicationMode: DEVELOPER
14:17:15.330 [FXGL Background Thread 3 ] DEBUG Engine               - cSSList: [fxgl_dark.css]
14:17:15.330 [FXGL Background Thread 3 ] DEBUG Engine               - collisionDetectionStrategy: BRUTE_FORCE
14:17:15.330 [FXGL Background Thread 3 ] DEBUG Engine               - configClass: Optional.empty
14:17:15.330 [FXGL Background Thread 3 ] DEBUG Engine               - credits: [Test]
14:17:15.331 [FXGL Background Thread 3 ] DEBUG Engine               - defaultCursor: CursorInfo(imageName=fxgl_default_cursor.png, hotspotX=7.0, hotspotY=6.0)
14:17:15.331 [FXGL Background Thread 3 ] DEBUG Engine               - devBBoxColorProperty: ObjectProperty [value: 0xff0000ff]
14:17:15.331 [FXGL Background Thread 3 ] DEBUG Engine               - devEnableDebugCameraProperty: BooleanProperty [value: false]
14:17:15.331 [FXGL Background Thread 3 ] DEBUG Engine               - devSensorColorProperty: ObjectProperty [value: 0xffff00ff]
14:17:15.331 [FXGL Background Thread 3 ] DEBUG Engine               - devShowBBoxProperty: BooleanProperty [value: false]
14:17:15.331 [FXGL Background Thread 3 ] DEBUG Engine               - devShowPositionProperty: BooleanProperty [value: false]
14:17:15.331 [FXGL Background Thread 3 ] DEBUG Engine               - enabledMenuItems: []
14:17:15.332 [FXGL Background Thread 3 ] DEBUG Engine               - engineServices: [class com.almasb.fxgl.app.services.FXGLAssetLoaderService, class com.almasb.fxgl.app.FXGLApplication$GameApplicationService, class com.almasb.fxgl.app.services.FXGLDialogService, class com.almasb.fxgl.app.services.IOTaskExecutorService, class com.almasb.fxgl.io.FileSystemService, class com.almasb.fxgl.localization.LocalizationService, class com.almasb.fxgl.app.services.SystemBundleService, class com.almasb.fxgl.profile.SaveLoadService, class com.almasb.fxgl.ui.FXGLUIFactoryServiceProvider, class com.almasb.fxgl.ui.FXGLDialogFactoryServiceProvider, class com.almasb.fxgl.audio.AudioPlayer, class com.almasb.fxgl.notification.impl.NotificationServiceProvider, class com.almasb.fxgl.achievement.AchievementService, class com.almasb.fxgl.cutscene.CutsceneService, class com.almasb.fxgl.minigames.MiniGameService, class com.almasb.fxgl.net.NetService, class com.almasb.fxgl.app.services.UpdaterService, class com.almasb.fxgl.dev.DevService]
14:17:15.332 [FXGL Background Thread 3 ] DEBUG Engine               - fontGame: Abel-Regular.ttf
14:17:15.332 [FXGL Background Thread 3 ] DEBUG Engine               - fontMono: TerminalLandMono-Regular.otf
14:17:15.332 [FXGL Background Thread 3 ] DEBUG Engine               - fontText: Courier-Prime.ttf
14:17:15.332 [FXGL Background Thread 3 ] DEBUG Engine               - fontUI: VarelaRound-Regular.ttf
14:17:15.332 [FXGL Background Thread 3 ] DEBUG Engine               - fullScreen: BooleanProperty [value: false]
14:17:15.332 [FXGL Background Thread 3 ] DEBUG Engine               - gameDifficulty: MEDIUM
14:17:15.332 [FXGL Background Thread 3 ] DEBUG Engine               - gameDifficultyProperty: ObjectProperty [value: MEDIUM]
14:17:15.332 [FXGL Background Thread 3 ] DEBUG Engine               - globalMusicVolume: 0.5
14:17:15.332 [FXGL Background Thread 3 ] DEBUG Engine               - globalMusicVolumeProperty: DoubleProperty [value: 0.5]
14:17:15.332 [FXGL Background Thread 3 ] DEBUG Engine               - globalSoundVolume: 0.5
14:17:15.332 [FXGL Background Thread 3 ] DEBUG Engine               - globalSoundVolumeProperty: DoubleProperty [value: 0.5]
14:17:15.332 [FXGL Background Thread 3 ] DEBUG Engine               - height: 800
14:17:15.333 [FXGL Background Thread 3 ] DEBUG Engine               - is3D: false
14:17:15.333 [FXGL Background Thread 3 ] DEBUG Engine               - isAndroid: false
14:17:15.333 [FXGL Background Thread 3 ] DEBUG Engine               - isBrowser: false
14:17:15.333 [FXGL Background Thread 3 ] DEBUG Engine               - isClickFeedbackEnabled: false
14:17:15.333 [FXGL Background Thread 3 ] DEBUG Engine               - isCloseConfirmation: false
14:17:15.333 [FXGL Background Thread 3 ] DEBUG Engine               - isDesktop: true
14:17:15.333 [FXGL Background Thread 3 ] DEBUG Engine               - isDeveloperMenuEnabled: false
14:17:15.333 [FXGL Background Thread 3 ] DEBUG Engine               - isEmbedded: false
14:17:15.333 [FXGL Background Thread 3 ] DEBUG Engine               - isEntityPreloadEnabled: true
14:17:15.333 [FXGL Background Thread 3 ] DEBUG Engine               - isExperimentalTiledLargeMap: false
14:17:15.333 [FXGL Background Thread 3 ] DEBUG Engine               - isFileSystemWriteAllowed: true
14:17:15.334 [FXGL Background Thread 3 ] DEBUG Engine               - isFullScreenAllowed: false
14:17:15.334 [FXGL Background Thread 3 ] DEBUG Engine               - isFullScreenFromStart: false
14:17:15.334 [FXGL Background Thread 3 ] DEBUG Engine               - isGameMenuEnabled: true
14:17:15.334 [FXGL Background Thread 3 ] DEBUG Engine               - isIOS: false
14:17:15.334 [FXGL Background Thread 3 ] DEBUG Engine               - isIntroEnabled: false
14:17:15.334 [FXGL Background Thread 3 ] DEBUG Engine               - isLinux: false
14:17:15.334 [FXGL Background Thread 3 ] DEBUG Engine               - isMac: false
14:17:15.334 [FXGL Background Thread 3 ] DEBUG Engine               - isMainMenuEnabled: true
14:17:15.334 [FXGL Background Thread 3 ] DEBUG Engine               - isManualResizeEnabled: false
14:17:15.334 [FXGL Background Thread 3 ] DEBUG Engine               - isMobile: false
14:17:15.334 [FXGL Background Thread 3 ] DEBUG Engine               - isNative: false
14:17:15.334 [FXGL Background Thread 3 ] DEBUG Engine               - isPauseMusicWhenMinimized: true
14:17:15.334 [FXGL Background Thread 3 ] DEBUG Engine               - isPreserveResizeRatio: false
14:17:15.335 [FXGL Background Thread 3 ] DEBUG Engine               - isProfilingEnabled: false
14:17:15.335 [FXGL Background Thread 3 ] DEBUG Engine               - isScaleAffectedOnResize: true
14:17:15.335 [FXGL Background Thread 3 ] DEBUG Engine               - isSingleStep: false
14:17:15.335 [FXGL Background Thread 3 ] DEBUG Engine               - isUserProfileEnabled: false
14:17:15.335 [FXGL Background Thread 3 ] DEBUG Engine               - isWindows: true
14:17:15.335 [FXGL Background Thread 3 ] DEBUG Engine               - language: ObjectProperty [value: ENGLISH]
14:17:15.335 [FXGL Background Thread 3 ] DEBUG Engine               - menuKey: ESCAPE
14:17:15.335 [FXGL Background Thread 3 ] DEBUG Engine               - mouseSensitivity: 0.2
14:17:15.335 [FXGL Background Thread 3 ] DEBUG Engine               - notificationViewClass: class com.almasb.fxgl.notification.view.XboxNotificationView
14:17:15.335 [FXGL Background Thread 3 ] DEBUG Engine               - pixelsPerMeter: 50.0
14:17:15.335 [FXGL Background Thread 3 ] DEBUG Engine               - platform: WINDOWS
14:17:15.335 [FXGL Background Thread 3 ] DEBUG Engine               - prefHeightProperty: ReadOnlyDoubleProperty [value: 800.0]
14:17:15.335 [FXGL Background Thread 3 ] DEBUG Engine               - prefWidthProperty: ReadOnlyDoubleProperty [value: 1280.0]
14:17:15.335 [FXGL Background Thread 3 ] DEBUG Engine               - profileDir: profiles/
14:17:15.336 [FXGL Background Thread 3 ] DEBUG Engine               - profileName: StringProperty [value: DEFAULT]
14:17:15.336 [FXGL Background Thread 3 ] DEBUG Engine               - randomSeed: -1
14:17:15.336 [FXGL Background Thread 3 ] DEBUG Engine               - runtimeInfo: RuntimeInfo(platform=WINDOWS, version=17.2, build=20.08.2022 16.50)
14:17:15.336 [FXGL Background Thread 3 ] DEBUG Engine               - saveFileExt: sav
14:17:15.336 [FXGL Background Thread 3 ] DEBUG Engine               - scaledHeightProp$fxgl: DoubleProperty [bound, value: 800.0]
14:17:15.336 [FXGL Background Thread 3 ] DEBUG Engine               - scaledWidthProp$fxgl: DoubleProperty [bound, value: 1280.0]
14:17:15.336 [FXGL Background Thread 3 ] DEBUG Engine               - sceneFactory: com.is413.spaceinvaders.SpaceInvaders$1@752e63b4
14:17:15.336 [FXGL Background Thread 3 ] DEBUG Engine               - secondsIn24h: 60
14:17:15.336 [FXGL Background Thread 3 ] DEBUG Engine               - soundMenuBack: menu/back.wav
14:17:15.336 [FXGL Background Thread 3 ] DEBUG Engine               - soundMenuPress: menu/press.wav
14:17:15.336 [FXGL Background Thread 3 ] DEBUG Engine               - soundMenuSelect: menu/select.wav
14:17:15.337 [FXGL Background Thread 3 ] DEBUG Engine               - soundNotification: core/notification.wav
14:17:15.337 [FXGL Background Thread 3 ] DEBUG Engine               - stageStyle: DECORATED
14:17:15.337 [FXGL Background Thread 3 ] DEBUG Engine               - supportedLanguages: [ENGLISH, FRENCH, GERMAN, HUNGARIAN, RUSSIAN]
14:17:15.337 [FXGL Background Thread 3 ] DEBUG Engine               - ticksPerSecond: -1
14:17:15.337 [FXGL Background Thread 3 ] DEBUG Engine               - title: Space Invaders
14:17:15.337 [FXGL Background Thread 3 ] DEBUG Engine               - urlGithub: https://github.com/AlmasB/FXGL
14:17:15.337 [FXGL Background Thread 3 ] DEBUG Engine               - urlLeaderboard: http://fxgl-top.herokuapp.com/
14:17:15.337 [FXGL Background Thread 3 ] DEBUG Engine               - urlPOM: https://raw.githubusercontent.com/AlmasB/FXGL/release/README.md
14:17:15.338 [FXGL Background Thread 3 ] DEBUG Engine               - userAppClass: class com.is413.spaceinvaders.SpaceInvaders
14:17:15.338 [FXGL Background Thread 3 ] DEBUG Engine               - version: 0.1 Alpha
14:17:15.338 [FXGL Background Thread 3 ] DEBUG Engine               - versionCheckDays: 7
14:17:15.338 [FXGL Background Thread 3 ] DEBUG Engine               - width: 1280
14:17:15.338 [FXGL Background Thread 3 ] DEBUG Engine               - Logging services
14:17:15.338 [FXGL Background Thread 3 ] DEBUG Engine               - class com.almasb.fxgl.app.services.FXGLAssetLoaderService
14:17:15.338 [FXGL Background Thread 3 ] DEBUG Engine               - class com.almasb.fxgl.app.FXGLApplication$GameApplicationService
14:17:15.338 [FXGL Background Thread 3 ] DEBUG Engine               - class com.almasb.fxgl.app.services.FXGLDialogService
14:17:15.339 [FXGL Background Thread 3 ] DEBUG Engine               - class com.almasb.fxgl.app.services.IOTaskExecutorService
14:17:15.339 [FXGL Background Thread 3 ] DEBUG Engine               - class com.almasb.fxgl.io.FileSystemService
14:17:15.339 [FXGL Background Thread 3 ] DEBUG Engine               - class com.almasb.fxgl.localization.LocalizationService
14:17:15.339 [FXGL Background Thread 3 ] DEBUG Engine               - class com.almasb.fxgl.app.services.SystemBundleService
14:17:15.339 [FXGL Background Thread 3 ] DEBUG Engine               - class com.almasb.fxgl.profile.SaveLoadService
14:17:15.339 [FXGL Background Thread 3 ] DEBUG Engine               - class com.almasb.fxgl.ui.FXGLUIFactoryServiceProvider
14:17:15.339 [FXGL Background Thread 3 ] DEBUG Engine               - class com.almasb.fxgl.ui.FXGLDialogFactoryServiceProvider
14:17:15.339 [FXGL Background Thread 3 ] DEBUG Engine               - class com.almasb.fxgl.audio.AudioPlayer
14:17:15.339 [FXGL Background Thread 3 ] DEBUG Engine               - class com.almasb.fxgl.notification.impl.NotificationServiceProvider
14:17:15.339 [FXGL Background Thread 3 ] DEBUG Engine               - class com.almasb.fxgl.achievement.AchievementService
14:17:15.339 [FXGL Background Thread 3 ] DEBUG Engine               - class com.almasb.fxgl.cutscene.CutsceneService
14:17:15.339 [FXGL Background Thread 3 ] DEBUG Engine               - class com.almasb.fxgl.minigames.MiniGameService
14:17:15.339 [FXGL Background Thread 3 ] DEBUG Engine               - class com.almasb.fxgl.net.NetService
14:17:15.339 [FXGL Background Thread 3 ] DEBUG Engine               - class com.almasb.fxgl.app.services.UpdaterService
14:17:15.339 [FXGL Background Thread 3 ] DEBUG Engine               - class com.almasb.fxgl.dev.DevService
14:17:15.395 [JavaFX Application Thread] DEBUG FXGLAssetLoaderServi - Loading from file system: file:/C:/Users/admin/IdeaProjects/spaceInvaders/target/classes/assets/textures/enemy/enemy%20(1).png
14:17:15.403 [JavaFX Application Thread] DEBUG FXGLAssetLoaderServi - Loading from file system: file:/C:/Users/admin/IdeaProjects/spaceInvaders/target/classes/assets/textures/enemy/enemy%20(2).png
14:17:15.411 [JavaFX Application Thread] DEBUG FXGLAssetLoaderServi - Loading from file system: file:/C:/Users/admin/IdeaProjects/spaceInvaders/target/classes/assets/textures/enemy/enemy%20(3).png
14:17:15.420 [JavaFX Application Thread] DEBUG FXGLAssetLoaderServi - Loading from file system: file:/C:/Users/admin/IdeaProjects/spaceInvaders/target/classes/assets/textures/enemy/enemy%20(4).png
14:17:15.428 [JavaFX Application Thread] DEBUG FXGLAssetLoaderServi - Loading from file system: file:/C:/Users/admin/IdeaProjects/spaceInvaders/target/classes/assets/textures/enemy/enemy%20(5).png
14:17:15.435 [JavaFX Application Thread] DEBUG FXGLAssetLoaderServi - Loading from file system: file:/C:/Users/admin/IdeaProjects/spaceInvaders/target/classes/assets/textures/enemy/enemy%20(6).png
14:17:15.443 [JavaFX Application Thread] DEBUG FXGLAssetLoaderServi - Loading from file system: file:/C:/Users/admin/IdeaProjects/spaceInvaders/target/classes/assets/textures/enemy/enemy%20(7).png
14:17:15.450 [JavaFX Application Thread] DEBUG FXGLAssetLoaderServi - Loading from file system: file:/C:/Users/admin/IdeaProjects/spaceInvaders/target/classes/assets/textures/enemy/enemy%20(8).png
14:17:15.458 [JavaFX Application Thread] DEBUG FXGLAssetLoaderServi - Loading from file system: file:/C:/Users/admin/IdeaProjects/spaceInvaders/target/classes/assets/textures/enemy/enemy%20(9).png
14:17:15.466 [JavaFX Application Thread] DEBUG FXGLAssetLoaderServi - Loading from file system: file:/C:/Users/admin/IdeaProjects/spaceInvaders/target/classes/assets/textures/enemy/enemy%20(10).png
14:17:16.388 [JavaFX Application Thread] DEBUG FXGLAssetLoaderServi - Loading from file system: file:/C:/Users/admin/IdeaProjects/spaceInvaders/target/classes/assets/textures/missile.png
14:17:18.163 [JavaFX Application Thread] DEBUG FXGLAssetLoaderServi - Loading from file system: file:/C:/Users/admin/IdeaProjects/spaceInvaders/target/classes/assets/textures/explode/Bomb_3_Explosion_002.png
14:17:18.194 [JavaFX Application Thread] DEBUG FXGLAssetLoaderServi - Loading from file system: file:/C:/Users/admin/IdeaProjects/spaceInvaders/target/classes/assets/textures/explode/Bomb_3_Explosion_003.png
14:17:18.225 [JavaFX Application Thread] DEBUG FXGLAssetLoaderServi - Loading from file system: file:/C:/Users/admin/IdeaProjects/spaceInvaders/target/classes/assets/textures/explode/Bomb_3_Explosion_004.png
14:17:18.247 [JavaFX Application Thread] DEBUG FXGLAssetLoaderServi - Loading from file system: file:/C:/Users/admin/IdeaProjects/spaceInvaders/target/classes/assets/textures/explode/Bomb_3_Explosion_005.png
14:17:18.272 [JavaFX Application Thread] DEBUG FXGLAssetLoaderServi - Loading from file system: file:/C:/Users/admin/IdeaProjects/spaceInvaders/target/classes/assets/textures/explode/Bomb_3_Explosion_006.png
14:17:18.303 [JavaFX Application Thread] DEBUG FXGLAssetLoaderServi - Loading from file system: file:/C:/Users/admin/IdeaProjects/spaceInvaders/target/classes/assets/textures/explode/Bomb_3_Explosion_007.png
14:17:18.326 [JavaFX Application Thread] DEBUG FXGLAssetLoaderServi - Loading from file system: file:/C:/Users/admin/IdeaProjects/spaceInvaders/target/classes/assets/textures/explode/Bomb_3_Explosion_008.png
14:17:22.949 [JavaFX Application Thread] DEBUG PrimaryStageWindow   - Push state: DialogSubScene
14:17:22.949 [JavaFX Application Thread] DEBUG Input                - Clearing active input actions
14:17:22.951 [JavaFX Application Thread] DEBUG GameApplicationServi - Removing overlay from GameScene and adding to DialogSubScene
14:17:22.952 [JavaFX Application Thread] DEBUG PrimaryStageWindow   - GameScene -> DialogSubScene
14:17:26.376 [JavaFX Application Thread] DEBUG FXGLApplication      - Exiting FXGL
14:17:26.376 [JavaFX Application Thread] DEBUG LoopRunner           - Stopping loop
14:17:26.376 [JavaFX Application Thread] DEBUG SystemBundleService  - Saving FXGL system data
14:17:26.378 [JavaFX Application Thread] DEBUG FileSystemAccess     - Writing to: C:\Users\admin\IdeaProjects\spaceInvaders\system\fxgl.bundle
14:17:26.380 [JavaFX Application Thread] DEBUG Async                - Shutting down background threads
14:17:26.380 [JavaFX Application Thread] DEBUG PrimaryStageWindow   - Closing main window
14:17:26.405 [JavaFX Application Thread] DEBUG Logger               - Closing Logger
