13:32:20.830 [main                     ] DEBUG Logger               - Configured Logger
13:32:20.888 [main                     ] DEBUG GameApplication      - Logging settings
Title: Space Invaders
Version: 1.0 Beta
Width: 1280
Height: 800
Fullscreen: false
Intro: false
Profiling: false
Single step:false
App Mode: DEVELOPER
Menu Key: ESCAPE
Stage Style: DECORATED
Scene Factory: class com.is413.spaceinvaders.SpaceInvaders$1

13:32:21.422 [JavaFX Application Thread] DEBUG FXGLApplication      - Initializing FXGL
13:32:21.431 [JavaFX Application Thread] INFO  Engine               - FXGL-17.2 (20.08.2022 16.50) on WINDOWS (J:17.0.6 FX:17.0.2-ea)
13:32:21.431 [JavaFX Application Thread] DEBUG Engine               - JRE Vendor Name: Oracle Corporation
13:32:21.432 [JavaFX Application Thread] DEBUG Engine               - Running on OS: Windows 10 version 10.0
13:32:21.432 [JavaFX Application Thread] DEBUG Engine               - Architecture: amd64
13:32:21.432 [JavaFX Application Thread] INFO  Engine               - Source code and latest versions at: https://github.com/AlmasB/FXGL
13:32:21.432 [JavaFX Application Thread] INFO  Engine               -       Ask questions and discuss at: https://github.com/AlmasB/FXGL/discussions
13:32:21.432 [JavaFX Application Thread] INFO  Engine               -              Join the FXGL chat at: https://gitter.im/AlmasB/FXGL
13:32:21.634 [JavaFX Application Thread] DEBUG PrimaryStageWindow   - Creating a JavaFX scene
13:32:21.698 [JavaFX Application Thread] DEBUG PrimaryStageWindow   - Target settings size: 1280.0 x 800.0
13:32:21.699 [JavaFX Application Thread] DEBUG PrimaryStageWindow   - Scaled scene size:    1280.0 x 800.0
13:32:21.699 [JavaFX Application Thread] DEBUG PrimaryStageWindow   - Scaled ratio: (1.0, 1.0)
13:32:21.700 [JavaFX Application Thread] DEBUG PrimaryStageWindow   - Set initial scene to SpaceInvadersScene
13:32:21.712 [JavaFX Application Thread] DEBUG PrimaryStageWindow   - Opening main window
13:32:21.927 [JavaFX Application Thread] DEBUG PrimaryStageWindow   - Window border size: (12.4444580078125, 35.111083984375)
13:32:21.927 [JavaFX Application Thread] DEBUG PrimaryStageWindow   - Scaled size: 1280.0 x 800.0
13:32:21.930 [JavaFX Application Thread] DEBUG PrimaryStageWindow   - Scaled ratio: (1.0, 1.0)
13:32:21.930 [JavaFX Application Thread] DEBUG PrimaryStageWindow   - Scene size: 1280.0 x 800.0
13:32:21.931 [JavaFX Application Thread] DEBUG PrimaryStageWindow   - Stage size: 1292.4444580078125 x 835.111083984375
13:32:21.967 [FXGL Background Thread 1 ] DEBUG Engine               - Initializing environment variables
13:32:22.068 [FXGL Background Thread 1 ] DEBUG FXGLAssetLoaderServi - User app class for loading assets: class com.is413.spaceinvaders.SpaceInvaders
13:32:22.068 [FXGL Background Thread 1 ] DEBUG GameApplicationServi - Applying CSS: fxgl_dark.css
13:32:22.070 [FXGL Background Thread 1 ] DEBUG FXGLAssetLoaderServi - Loading from file system: jar:file:///C:/Users/admin/.m2/repository/com/github/almasb/fxgl/17.2/fxgl-17.2.jar!/fxglassets/ui/css/fxgl_dark.css
13:32:22.267 [FXGL Background Thread 1 ] DEBUG GameApplicationServi - Initializing application scenes
13:32:22.297 [FXGL Background Thread 1 ] DEBUG GameWorld            - Game world initialized
13:32:22.470 [FXGL Background Thread 1 ] DEBUG PhysicsWorld         - Physics world initialized: appHeight=800, physics.ppm=50.0
13:32:22.471 [FXGL Background Thread 1 ] DEBUG PhysicsWorld         - Using strategy: BRUTE_FORCE
13:32:22.478 [FXGL Background Thread 1 ] DEBUG GameScene            - Game scene initialized: 1280x800
13:32:22.523 [FXGL Background Thread 1 ] DEBUG FXGL.DefaultMenu     - createMenuBodyMainMenu()
13:32:22.560 [FXGL Background Thread 1 ] DEBUG FXGL.DefaultMenu     - createOptionsMenu()
13:32:22.581 [FXGL Background Thread 1 ] DEBUG FXGLAssetLoaderServi - Loading from file system: jar:file:///C:/Users/admin/.m2/repository/com/github/almasb/fxgl/17.2/fxgl-17.2.jar!/fxglassets/textures/particles/smoke.png
13:32:22.764 [FXGL Background Thread 1 ] DEBUG FXGLAssetLoaderServi - Loading from file system: jar:file:///C:/Users/admin/.m2/repository/com/github/almasb/fxgl/17.2/fxgl-17.2.jar!/fxglassets/textures/particles/trace_horizontal.png
13:32:22.840 [FXGL Background Thread 1 ] DEBUG FXGL.DefaultMenu     - createMenuBodyGameMenu()
13:32:22.845 [FXGL Background Thread 1 ] DEBUG FXGL.DefaultMenu     - createOptionsMenu()
13:32:22.897 [FXGL Background Thread 1 ] DEBUG GameApplicationServi - Application scenes initialized
13:32:22.918 [FXGL Background Thread 1 ] DEBUG SystemBundleService  - Loading FXGL system data
13:32:22.937 [FXGL Background Thread 1 ] DEBUG FileSystemAccess     - Reading from: C:\Users\admin\IdeaProjects\spaceInvaders\system\fxgl.bundle
13:32:22.952 [FXGL Background Thread 1 ] DEBUG SystemBundleService  - Bundle FXGL: {}
13:32:22.952 [FXGL Background Thread 1 ] DEBUG UpdaterService       - Checking for updates
13:32:22.959 [FXGL Background Thread 4 ] DEBUG FXGLApplication      - Loading fonts
13:32:22.960 [FXGL Background Thread 1 ] DEBUG FXGLApplication      - Loading default localization
13:32:22.960 [FXGL Background Thread 4 ] DEBUG FXGLAssetLoaderServi - Loading from file system: jar:file:///C:/Users/admin/.m2/repository/com/github/almasb/fxgl/17.2/fxgl-17.2.jar!/fxglassets/ui/fonts/VarelaRound-Regular.ttf
13:32:22.961 [FXGL Background Thread 1 ] DEBUG FXGLAssetLoaderServi - Loading from file system: jar:file:///C:/Users/admin/.m2/repository/com/github/almasb/fxgl/17.2/fxgl-17.2.jar!/fxglassets/languages/english.lang
13:32:23.005 [FXGL Background Thread 1 ] INFO  FXGLApplication      - FXGL initialization took: 1.038 sec
13:32:23.021 [JavaFX Application Thread] DEBUG Input                - Registered new binding: Move Left - A
13:32:23.022 [JavaFX Application Thread] DEBUG Input                - Registered new binding: Move Right - D
13:32:23.023 [JavaFX Application Thread] DEBUG Input                - Registered new binding: Fire Missile - Space
13:32:23.026 [JavaFX Application Thread] DEBUG FXGLAssetLoaderServi - Loading from file system: file:/C:/Users/admin/IdeaProjects/spaceInvaders/target/classes/assets/sounds/fire.wav
13:32:23.206 [JavaFX Application Thread] DEBUG FXGLAssetLoaderServi - Loading from file system: file:/C:/Users/admin/IdeaProjects/spaceInvaders/target/classes/assets/sounds/explosion.wav
13:32:23.229 [JavaFX Application Thread] DEBUG FXGLAssetLoaderServi - Loading from file system: file:/C:/Users/admin/IdeaProjects/spaceInvaders/target/classes/assets/music/music.mp3
13:32:23.317 [FXGL Background Thread 4 ] DEBUG FXGLAssetLoaderServi - Loading from file system: jar:file:///C:/Users/admin/.m2/repository/com/github/almasb/fxgl/17.2/fxgl-17.2.jar!/fxglassets/ui/fonts/Abel-Regular.ttf
13:32:23.321 [FXGL Background Thread 4 ] DEBUG FXGLAssetLoaderServi - Loading from file system: jar:file:///C:/Users/admin/.m2/repository/com/github/almasb/fxgl/17.2/fxgl-17.2.jar!/fxglassets/ui/fonts/TerminalLandMono-Regular.otf
13:32:23.328 [FXGL Background Thread 4 ] DEBUG FXGLAssetLoaderServi - Loading from file system: jar:file:///C:/Users/admin/.m2/repository/com/github/almasb/fxgl/17.2/fxgl-17.2.jar!/fxglassets/ui/fonts/Courier-Prime.ttf
13:32:23.427 [JavaFX Application Thread] DEBUG AudioPlayer          - Playing music com.almasb.fxgl.audio.Music@f8e84a7
13:32:23.428 [JavaFX Application Thread] DEBUG FXGLAssetLoaderServi - Loading from file system: jar:file:///C:/Users/admin/.m2/repository/com/github/almasb/fxgl/17.2/fxgl-17.2.jar!/fxglassets/textures/fxgl_icon.png
13:32:23.492 [JavaFX Application Thread] DEBUG FXGLAssetLoaderServi - Loading from file system: jar:file:///C:/Users/admin/.m2/repository/com/github/almasb/fxgl/17.2/fxgl-17.2.jar!/fxglassets/textures/fxgl_default_cursor.png
13:32:23.498 [JavaFX Application Thread] DEBUG Input                - Registered new binding: Screenshot - CTRL+8
13:32:23.499 [JavaFX Application Thread] DEBUG Input                - Registered new binding: System info dump - CTRL+9
13:32:23.500 [JavaFX Application Thread] DEBUG Input                - Registered new binding: Restart - CTRL+R
13:32:23.501 [JavaFX Application Thread] DEBUG Input                - Registered new binding: Toggle Debug Camera - CTRL+7
13:32:23.505 [JavaFX Application Thread] DEBUG LoopRunner           - Starting loop
13:32:23.506 [JavaFX Application Thread] DEBUG LoopRunner           - Initializing JavaFX AnimationTimerLoop
13:32:23.509 [JavaFX Application Thread] DEBUG Input                - Clearing active input actions
13:32:23.523 [JavaFX Application Thread] DEBUG GameApplicationServi - Removing overlay from SpaceInvadersScene and adding to FXGLMainMenuDummyScene
13:32:23.524 [JavaFX Application Thread] DEBUG PrimaryStageWindow   - SpaceInvadersScene -> FXGLMainMenuDummyScene
13:32:23.524 [JavaFX Application Thread] DEBUG PrimaryStageWindow   - Push state: FXGLDefaultMenu
13:32:23.532 [JavaFX Application Thread] DEBUG Input                - Clearing active input actions
13:32:23.541 [JavaFX Application Thread] DEBUG GameApplicationServi - Removing overlay from FXGLMainMenuDummyScene and adding to FXGLDefaultMenu
13:32:23.542 [JavaFX Application Thread] DEBUG PrimaryStageWindow   - FXGLMainMenuDummyScene -> FXGLDefaultMenu
13:32:23.543 [JavaFX Application Thread] DEBUG FXGLApplication      - Registering font factories with UI factory
13:32:23.902 [FXGL Background Thread 2 ] INFO  UpdaterService       - Your current version:  17.2
13:32:23.903 [FXGL Background Thread 2 ] INFO  UpdaterService       - Latest stable version: 17.3
13:32:25.957 [FXGL Background Thread 3 ] DEBUG Engine               - Logging environment variables
13:32:25.959 [FXGL Background Thread 3 ] DEBUG Engine               - achievements: []
13:32:25.960 [FXGL Background Thread 3 ] DEBUG Engine               - actualHeight: 800.0
13:32:25.960 [FXGL Background Thread 3 ] DEBUG Engine               - actualHeightProperty: ReadOnlyDoubleProperty [value: 800.0]
13:32:25.960 [FXGL Background Thread 3 ] DEBUG Engine               - actualWidth: 1280.0
13:32:25.960 [FXGL Background Thread 3 ] DEBUG Engine               - actualWidthProperty: ReadOnlyDoubleProperty [value: 1280.0]
13:32:25.960 [FXGL Background Thread 3 ] DEBUG Engine               - appIcon: fxgl_icon.png
13:32:25.960 [FXGL Background Thread 3 ] DEBUG Engine               - applicationMode: DEVELOPER
13:32:25.961 [FXGL Background Thread 3 ] DEBUG Engine               - cSSList: [fxgl_dark.css]
13:32:25.961 [FXGL Background Thread 3 ] DEBUG Engine               - collisionDetectionStrategy: BRUTE_FORCE
13:32:25.961 [FXGL Background Thread 3 ] DEBUG Engine               - configClass: Optional.empty
13:32:25.961 [FXGL Background Thread 3 ] DEBUG Engine               - credits: []
13:32:25.962 [FXGL Background Thread 3 ] DEBUG Engine               - defaultCursor: CursorInfo(imageName=fxgl_default_cursor.png, hotspotX=7.0, hotspotY=6.0)
13:32:25.962 [FXGL Background Thread 3 ] DEBUG Engine               - devBBoxColorProperty: ObjectProperty [value: 0xff0000ff]
13:32:25.962 [FXGL Background Thread 3 ] DEBUG Engine               - devEnableDebugCameraProperty: BooleanProperty [value: false]
13:32:25.962 [FXGL Background Thread 3 ] DEBUG Engine               - devSensorColorProperty: ObjectProperty [value: 0xffff00ff]
13:32:25.962 [FXGL Background Thread 3 ] DEBUG Engine               - devShowBBoxProperty: BooleanProperty [value: false]
13:32:25.962 [FXGL Background Thread 3 ] DEBUG Engine               - devShowPositionProperty: BooleanProperty [value: false]
13:32:25.963 [FXGL Background Thread 3 ] DEBUG Engine               - enabledMenuItems: []
13:32:25.963 [FXGL Background Thread 3 ] DEBUG Engine               - engineServices: [class com.almasb.fxgl.app.services.FXGLAssetLoaderService, class com.almasb.fxgl.app.FXGLApplication$GameApplicationService, class com.almasb.fxgl.app.services.FXGLDialogService, class com.almasb.fxgl.app.services.IOTaskExecutorService, class com.almasb.fxgl.io.FileSystemService, class com.almasb.fxgl.localization.LocalizationService, class com.almasb.fxgl.app.services.SystemBundleService, class com.almasb.fxgl.profile.SaveLoadService, class com.almasb.fxgl.ui.FXGLUIFactoryServiceProvider, class com.almasb.fxgl.ui.FXGLDialogFactoryServiceProvider, class com.almasb.fxgl.audio.AudioPlayer, class com.almasb.fxgl.notification.impl.NotificationServiceProvider, class com.almasb.fxgl.achievement.AchievementService, class com.almasb.fxgl.cutscene.CutsceneService, class com.almasb.fxgl.minigames.MiniGameService, class com.almasb.fxgl.net.NetService, class com.almasb.fxgl.app.services.UpdaterService, class com.almasb.fxgl.dev.DevService]
13:32:25.963 [FXGL Background Thread 3 ] DEBUG Engine               - fontGame: Abel-Regular.ttf
13:32:25.963 [FXGL Background Thread 3 ] DEBUG Engine               - fontMono: TerminalLandMono-Regular.otf
13:32:25.963 [FXGL Background Thread 3 ] DEBUG Engine               - fontText: Courier-Prime.ttf
13:32:25.963 [FXGL Background Thread 3 ] DEBUG Engine               - fontUI: VarelaRound-Regular.ttf
13:32:25.963 [FXGL Background Thread 3 ] DEBUG Engine               - fullScreen: BooleanProperty [value: false]
13:32:25.963 [FXGL Background Thread 3 ] DEBUG Engine               - gameDifficulty: MEDIUM
13:32:25.963 [FXGL Background Thread 3 ] DEBUG Engine               - gameDifficultyProperty: ObjectProperty [value: MEDIUM]
13:32:25.963 [FXGL Background Thread 3 ] DEBUG Engine               - globalMusicVolume: 0.5
13:32:25.964 [FXGL Background Thread 3 ] DEBUG Engine               - globalMusicVolumeProperty: DoubleProperty [value: 0.5]
13:32:25.964 [FXGL Background Thread 3 ] DEBUG Engine               - globalSoundVolume: 0.5
13:32:25.964 [FXGL Background Thread 3 ] DEBUG Engine               - globalSoundVolumeProperty: DoubleProperty [value: 0.5]
13:32:25.964 [FXGL Background Thread 3 ] DEBUG Engine               - height: 800
13:32:25.964 [FXGL Background Thread 3 ] DEBUG Engine               - is3D: false
13:32:25.964 [FXGL Background Thread 3 ] DEBUG Engine               - isAndroid: false
13:32:25.964 [FXGL Background Thread 3 ] DEBUG Engine               - isBrowser: false
13:32:25.964 [FXGL Background Thread 3 ] DEBUG Engine               - isClickFeedbackEnabled: false
13:32:25.964 [FXGL Background Thread 3 ] DEBUG Engine               - isCloseConfirmation: false
13:32:25.964 [FXGL Background Thread 3 ] DEBUG Engine               - isDesktop: true
13:32:25.964 [FXGL Background Thread 3 ] DEBUG Engine               - isDeveloperMenuEnabled: false
13:32:25.964 [FXGL Background Thread 3 ] DEBUG Engine               - isEmbedded: false
13:32:25.964 [FXGL Background Thread 3 ] DEBUG Engine               - isEntityPreloadEnabled: true
13:32:25.964 [FXGL Background Thread 3 ] DEBUG Engine               - isExperimentalTiledLargeMap: false
13:32:25.965 [FXGL Background Thread 3 ] DEBUG Engine               - isFileSystemWriteAllowed: true
13:32:25.965 [FXGL Background Thread 3 ] DEBUG Engine               - isFullScreenAllowed: false
13:32:25.966 [FXGL Background Thread 3 ] DEBUG Engine               - isFullScreenFromStart: false
13:32:25.966 [FXGL Background Thread 3 ] DEBUG Engine               - isGameMenuEnabled: true
13:32:25.966 [FXGL Background Thread 3 ] DEBUG Engine               - isIOS: false
13:32:25.966 [FXGL Background Thread 3 ] DEBUG Engine               - isIntroEnabled: false
13:32:25.966 [FXGL Background Thread 3 ] DEBUG Engine               - isLinux: false
13:32:25.966 [FXGL Background Thread 3 ] DEBUG Engine               - isMac: false
13:32:25.966 [FXGL Background Thread 3 ] DEBUG Engine               - isMainMenuEnabled: true
13:32:25.966 [FXGL Background Thread 3 ] DEBUG Engine               - isManualResizeEnabled: false
13:32:25.966 [FXGL Background Thread 3 ] DEBUG Engine               - isMobile: false
13:32:25.966 [FXGL Background Thread 3 ] DEBUG Engine               - isNative: false
13:32:25.966 [FXGL Background Thread 3 ] DEBUG Engine               - isPauseMusicWhenMinimized: true
13:32:25.966 [FXGL Background Thread 3 ] DEBUG Engine               - isPreserveResizeRatio: false
13:32:25.966 [FXGL Background Thread 3 ] DEBUG Engine               - isProfilingEnabled: false
13:32:25.966 [FXGL Background Thread 3 ] DEBUG Engine               - isScaleAffectedOnResize: true
13:32:25.966 [FXGL Background Thread 3 ] DEBUG Engine               - isSingleStep: false
13:32:25.966 [FXGL Background Thread 3 ] DEBUG Engine               - isUserProfileEnabled: false
13:32:25.966 [FXGL Background Thread 3 ] DEBUG Engine               - isWindows: true
13:32:25.966 [FXGL Background Thread 3 ] DEBUG Engine               - language: ObjectProperty [value: ENGLISH]
13:32:25.966 [FXGL Background Thread 3 ] DEBUG Engine               - menuKey: ESCAPE
13:32:25.966 [FXGL Background Thread 3 ] DEBUG Engine               - mouseSensitivity: 0.2
13:32:25.966 [FXGL Background Thread 3 ] DEBUG Engine               - notificationViewClass: class com.almasb.fxgl.notification.view.XboxNotificationView
13:32:25.966 [FXGL Background Thread 3 ] DEBUG Engine               - pixelsPerMeter: 50.0
13:32:25.966 [FXGL Background Thread 3 ] DEBUG Engine               - platform: WINDOWS
13:32:25.967 [FXGL Background Thread 3 ] DEBUG Engine               - prefHeightProperty: ReadOnlyDoubleProperty [value: 800.0]
13:32:25.967 [FXGL Background Thread 3 ] DEBUG Engine               - prefWidthProperty: ReadOnlyDoubleProperty [value: 1280.0]
13:32:25.967 [FXGL Background Thread 3 ] DEBUG Engine               - profileDir: profiles/
13:32:25.967 [FXGL Background Thread 3 ] DEBUG Engine               - profileName: StringProperty [value: DEFAULT]
13:32:25.968 [FXGL Background Thread 3 ] DEBUG Engine               - randomSeed: -1
13:32:25.968 [FXGL Background Thread 3 ] DEBUG Engine               - runtimeInfo: RuntimeInfo(platform=WINDOWS, version=17.2, build=20.08.2022 16.50)
13:32:25.968 [FXGL Background Thread 3 ] DEBUG Engine               - saveFileExt: sav
13:32:25.968 [FXGL Background Thread 3 ] DEBUG Engine               - scaledHeightProp$fxgl: DoubleProperty [bound, value: 800.0]
13:32:25.969 [FXGL Background Thread 3 ] DEBUG Engine               - scaledWidthProp$fxgl: DoubleProperty [bound, value: 1280.0]
13:32:25.969 [FXGL Background Thread 3 ] DEBUG Engine               - sceneFactory: com.is413.spaceinvaders.SpaceInvaders$1@70129d8e
13:32:25.969 [FXGL Background Thread 3 ] DEBUG Engine               - secondsIn24h: 60
13:32:25.969 [FXGL Background Thread 3 ] DEBUG Engine               - soundMenuBack: menu/back.wav
13:32:25.969 [FXGL Background Thread 3 ] DEBUG Engine               - soundMenuPress: menu/press.wav
13:32:25.969 [FXGL Background Thread 3 ] DEBUG Engine               - soundMenuSelect: menu/select.wav
13:32:25.969 [FXGL Background Thread 3 ] DEBUG Engine               - soundNotification: core/notification.wav
13:32:25.969 [FXGL Background Thread 3 ] DEBUG Engine               - stageStyle: DECORATED
13:32:25.969 [FXGL Background Thread 3 ] DEBUG Engine               - supportedLanguages: [ENGLISH, FRENCH, GERMAN, HUNGARIAN, RUSSIAN]
13:32:25.969 [FXGL Background Thread 3 ] DEBUG Engine               - ticksPerSecond: -1
13:32:25.969 [FXGL Background Thread 3 ] DEBUG Engine               - title: Space Invaders
13:32:25.969 [FXGL Background Thread 3 ] DEBUG Engine               - urlGithub: https://github.com/AlmasB/FXGL
13:32:25.969 [FXGL Background Thread 3 ] DEBUG Engine               - urlLeaderboard: http://fxgl-top.herokuapp.com/
13:32:25.969 [FXGL Background Thread 3 ] DEBUG Engine               - urlPOM: https://raw.githubusercontent.com/AlmasB/FXGL/release/README.md
13:32:25.969 [FXGL Background Thread 3 ] DEBUG Engine               - userAppClass: class com.is413.spaceinvaders.SpaceInvaders
13:32:25.969 [FXGL Background Thread 3 ] DEBUG Engine               - version: 1.0 Beta
13:32:25.969 [FXGL Background Thread 3 ] DEBUG Engine               - versionCheckDays: 7
13:32:25.969 [FXGL Background Thread 3 ] DEBUG Engine               - width: 1280
13:32:25.969 [FXGL Background Thread 3 ] DEBUG Engine               - Logging services
13:32:25.970 [FXGL Background Thread 3 ] DEBUG Engine               - class com.almasb.fxgl.app.services.FXGLAssetLoaderService
13:32:25.970 [FXGL Background Thread 3 ] DEBUG Engine               - class com.almasb.fxgl.app.FXGLApplication$GameApplicationService
13:32:25.970 [FXGL Background Thread 3 ] DEBUG Engine               - class com.almasb.fxgl.app.services.FXGLDialogService
13:32:25.970 [FXGL Background Thread 3 ] DEBUG Engine               - class com.almasb.fxgl.app.services.IOTaskExecutorService
13:32:25.970 [FXGL Background Thread 3 ] DEBUG Engine               - class com.almasb.fxgl.io.FileSystemService
13:32:25.971 [FXGL Background Thread 3 ] DEBUG Engine               - class com.almasb.fxgl.localization.LocalizationService
13:32:25.971 [FXGL Background Thread 3 ] DEBUG Engine               - class com.almasb.fxgl.app.services.SystemBundleService
13:32:25.971 [FXGL Background Thread 3 ] DEBUG Engine               - class com.almasb.fxgl.profile.SaveLoadService
13:32:25.971 [FXGL Background Thread 3 ] DEBUG Engine               - class com.almasb.fxgl.ui.FXGLUIFactoryServiceProvider
13:32:25.971 [FXGL Background Thread 3 ] DEBUG Engine               - class com.almasb.fxgl.ui.FXGLDialogFactoryServiceProvider
13:32:25.971 [FXGL Background Thread 3 ] DEBUG Engine               - class com.almasb.fxgl.audio.AudioPlayer
13:32:25.972 [FXGL Background Thread 3 ] DEBUG Engine               - class com.almasb.fxgl.notification.impl.NotificationServiceProvider
13:32:25.972 [FXGL Background Thread 3 ] DEBUG Engine               - class com.almasb.fxgl.achievement.AchievementService
13:32:25.972 [FXGL Background Thread 3 ] DEBUG Engine               - class com.almasb.fxgl.cutscene.CutsceneService
13:32:25.972 [FXGL Background Thread 3 ] DEBUG Engine               - class com.almasb.fxgl.minigames.MiniGameService
13:32:25.972 [FXGL Background Thread 3 ] DEBUG Engine               - class com.almasb.fxgl.net.NetService
13:32:25.972 [FXGL Background Thread 3 ] DEBUG Engine               - class com.almasb.fxgl.app.services.UpdaterService
13:32:25.973 [FXGL Background Thread 3 ] DEBUG Engine               - class com.almasb.fxgl.dev.DevService
13:32:30.554 [JavaFX Application Thread] DEBUG Menu                 - fireNewGame()
13:32:30.555 [JavaFX Application Thread] DEBUG GameApplicationServi - Starting new game
13:32:30.564 [JavaFX Application Thread] DEBUG PrimaryStageWindow   - Pop state: FXGLDefaultMenu
13:32:30.564 [JavaFX Application Thread] DEBUG Input                - Clearing active input actions
13:32:30.566 [JavaFX Application Thread] DEBUG GameApplicationServi - Removing overlay from FXGLDefaultMenu and adding to FXGLMainMenuDummyScene
13:32:30.568 [JavaFX Application Thread] DEBUG PrimaryStageWindow   - FXGLMainMenuDummyScene <- FXGLDefaultMenu
13:32:30.569 [JavaFX Application Thread] DEBUG Input                - Clearing active input actions
13:32:30.599 [JavaFX Application Thread] DEBUG GameApplicationServi - Removing overlay from FXGLMainMenuDummyScene and adding to FXGLLoadingScene
13:32:30.600 [JavaFX Application Thread] DEBUG PrimaryStageWindow   - FXGLMainMenuDummyScene -> FXGLLoadingScene
13:32:30.601 [JavaFX Application Thread] DEBUG GameApplicationServi - Clearing previous game
13:32:30.601 [JavaFX Application Thread] DEBUG GameScene            - Clearing game scene
13:32:30.601 [JavaFX Application Thread] DEBUG GameWorld            - Clearing game world
13:32:30.601 [JavaFX Application Thread] DEBUG PhysicsWorld         - Clearing physics world
13:32:30.606 [FXGL Background Thread 2 ] DEBUG FXGLApplication      - Initializing game
13:32:30.640 [FXGL Background Thread 2 ] INFO  FXGLApplication      - Game initialization took: 0.034 sec
13:32:30.661 [JavaFX Application Thread] DEBUG Input                - Clearing active input actions
13:32:30.669 [JavaFX Application Thread] DEBUG GameApplicationServi - Removing overlay from FXGLLoadingScene and adding to GameScene
13:32:30.669 [JavaFX Application Thread] DEBUG PrimaryStageWindow   - FXGLLoadingScene -> GameScene
13:32:33.686 [JavaFX Application Thread] DEBUG FXGLAssetLoaderServi - Loading from file system: file:/C:/Users/admin/IdeaProjects/spaceInvaders/target/classes/assets/textures/lv1.jpeg
13:32:33.712 [JavaFX Application Thread] DEBUG FXGLAssetLoaderServi - Loading from file system: file:/C:/Users/admin/IdeaProjects/spaceInvaders/target/classes/assets/textures/ship.png
13:32:34.479 [JavaFX Application Thread] DEBUG FXGLAssetLoaderServi - Loading from file system: file:/C:/Users/admin/IdeaProjects/spaceInvaders/target/classes/assets/textures/enemy/enemy%20(1).png
13:32:34.490 [JavaFX Application Thread] DEBUG FXGLAssetLoaderServi - Loading from file system: file:/C:/Users/admin/IdeaProjects/spaceInvaders/target/classes/assets/textures/enemy/enemy%20(2).png
13:32:34.500 [JavaFX Application Thread] DEBUG FXGLAssetLoaderServi - Loading from file system: file:/C:/Users/admin/IdeaProjects/spaceInvaders/target/classes/assets/textures/enemy/enemy%20(3).png
13:32:34.509 [JavaFX Application Thread] DEBUG FXGLAssetLoaderServi - Loading from file system: file:/C:/Users/admin/IdeaProjects/spaceInvaders/target/classes/assets/textures/enemy/enemy%20(4).png
13:32:34.515 [JavaFX Application Thread] DEBUG FXGLAssetLoaderServi - Loading from file system: file:/C:/Users/admin/IdeaProjects/spaceInvaders/target/classes/assets/textures/enemy/enemy%20(5).png
13:32:34.519 [JavaFX Application Thread] DEBUG FXGLAssetLoaderServi - Loading from file system: file:/C:/Users/admin/IdeaProjects/spaceInvaders/target/classes/assets/textures/enemy/enemy%20(6).png
13:32:34.525 [JavaFX Application Thread] DEBUG FXGLAssetLoaderServi - Loading from file system: file:/C:/Users/admin/IdeaProjects/spaceInvaders/target/classes/assets/textures/enemy/enemy%20(7).png
13:32:34.531 [JavaFX Application Thread] DEBUG FXGLAssetLoaderServi - Loading from file system: file:/C:/Users/admin/IdeaProjects/spaceInvaders/target/classes/assets/textures/enemy/enemy%20(8).png
13:32:34.536 [JavaFX Application Thread] DEBUG FXGLAssetLoaderServi - Loading from file system: file:/C:/Users/admin/IdeaProjects/spaceInvaders/target/classes/assets/textures/enemy/enemy%20(9).png
13:32:34.548 [JavaFX Application Thread] DEBUG FXGLAssetLoaderServi - Loading from file system: file:/C:/Users/admin/IdeaProjects/spaceInvaders/target/classes/assets/textures/enemy/enemy%20(10).png
13:32:36.325 [JavaFX Application Thread] DEBUG FXGLAssetLoaderServi - Loading from file system: file:/C:/Users/admin/IdeaProjects/spaceInvaders/target/classes/assets/textures/missile.png
13:32:38.441 [JavaFX Application Thread] DEBUG FXGLApplication      - Exiting FXGL
13:32:38.441 [JavaFX Application Thread] DEBUG LoopRunner           - Stopping loop
13:32:38.442 [JavaFX Application Thread] DEBUG SystemBundleService  - Saving FXGL system data
13:32:38.446 [JavaFX Application Thread] DEBUG FileSystemAccess     - Writing to: C:\Users\admin\IdeaProjects\spaceInvaders\system\fxgl.bundle
13:32:38.447 [JavaFX Application Thread] DEBUG Async                - Shutting down background threads
13:32:38.447 [JavaFX Application Thread] DEBUG PrimaryStageWindow   - Closing main window
13:32:38.465 [JavaFX Application Thread] DEBUG Logger               - Closing Logger
