13:33:21.417 [main                     ] DEBUG Logger               - Configured Logger
13:33:21.461 [main                     ] DEBUG GameApplication      - Logging settings
Title: Space Invaders
Version: 1.0 Beta
Width: 1280
Height: 800
Fullscreen: false
Intro: false
Profiling: false
Single step:false
App Mode: DEVELOPER
Menu Key: ESCAPE
Stage Style: DECORATED
Scene Factory: class com.is413.spaceinvaders.SpaceInvaders$1

13:33:21.845 [JavaFX Application Thread] DEBUG FXGLApplication      - Initializing FXGL
13:33:21.854 [JavaFX Application Thread] INFO  Engine               - FXGL-17.2 (20.08.2022 16.50) on WINDOWS (J:17.0.6 FX:17.0.2-ea)
13:33:21.854 [JavaFX Application Thread] DEBUG Engine               - JRE Vendor Name: Oracle Corporation
13:33:21.854 [JavaFX Application Thread] DEBUG Engine               - Running on OS: Windows 10 version 10.0
13:33:21.854 [JavaFX Application Thread] DEBUG Engine               - Architecture: amd64
13:33:21.854 [JavaFX Application Thread] INFO  Engine               - Source code and latest versions at: https://github.com/AlmasB/FXGL
13:33:21.855 [JavaFX Application Thread] INFO  Engine               -       Ask questions and discuss at: https://github.com/AlmasB/FXGL/discussions
13:33:21.856 [JavaFX Application Thread] INFO  Engine               -              Join the FXGL chat at: https://gitter.im/AlmasB/FXGL
13:33:22.041 [JavaFX Application Thread] DEBUG PrimaryStageWindow   - Creating a JavaFX scene
13:33:22.093 [JavaFX Application Thread] DEBUG PrimaryStageWindow   - Target settings size: 1280.0 x 800.0
13:33:22.094 [JavaFX Application Thread] DEBUG PrimaryStageWindow   - Scaled scene size:    1280.0 x 800.0
13:33:22.094 [JavaFX Application Thread] DEBUG PrimaryStageWindow   - Scaled ratio: (1.0, 1.0)
13:33:22.096 [JavaFX Application Thread] DEBUG PrimaryStageWindow   - Set initial scene to SpaceInvadersScene
13:33:22.107 [JavaFX Application Thread] DEBUG PrimaryStageWindow   - Opening main window
13:33:22.284 [JavaFX Application Thread] DEBUG PrimaryStageWindow   - Window border size: (12.4444580078125, 35.111083984375)
13:33:22.285 [JavaFX Application Thread] DEBUG PrimaryStageWindow   - Scaled size: 1280.0 x 800.0
13:33:22.287 [JavaFX Application Thread] DEBUG PrimaryStageWindow   - Scaled ratio: (1.0, 1.0)
13:33:22.288 [JavaFX Application Thread] DEBUG PrimaryStageWindow   - Scene size: 1280.0 x 800.0
13:33:22.289 [JavaFX Application Thread] DEBUG PrimaryStageWindow   - Stage size: 1292.4444580078125 x 835.111083984375
13:33:22.313 [FXGL Background Thread 1 ] DEBUG Engine               - Initializing environment variables
13:33:22.403 [FXGL Background Thread 1 ] DEBUG FXGLAssetLoaderServi - User app class for loading assets: class com.is413.spaceinvaders.SpaceInvaders
13:33:22.404 [FXGL Background Thread 1 ] DEBUG GameApplicationServi - Applying CSS: fxgl_dark.css
13:33:22.406 [FXGL Background Thread 1 ] DEBUG FXGLAssetLoaderServi - Loading from file system: jar:file:///C:/Users/admin/.m2/repository/com/github/almasb/fxgl/17.2/fxgl-17.2.jar!/fxglassets/ui/css/fxgl_dark.css
13:33:22.527 [FXGL Background Thread 1 ] DEBUG GameApplicationServi - Initializing application scenes
13:33:22.552 [FXGL Background Thread 1 ] DEBUG GameWorld            - Game world initialized
13:33:22.701 [FXGL Background Thread 1 ] DEBUG PhysicsWorld         - Physics world initialized: appHeight=800, physics.ppm=50.0
13:33:22.702 [FXGL Background Thread 1 ] DEBUG PhysicsWorld         - Using strategy: BRUTE_FORCE
13:33:22.712 [FXGL Background Thread 1 ] DEBUG GameScene            - Game scene initialized: 1280x800
13:33:22.738 [FXGL Background Thread 1 ] DEBUG FXGL.DefaultMenu     - createMenuBodyMainMenu()
13:33:22.759 [FXGL Background Thread 1 ] DEBUG FXGL.DefaultMenu     - createOptionsMenu()
13:33:22.778 [FXGL Background Thread 1 ] DEBUG FXGLAssetLoaderServi - Loading from file system: jar:file:///C:/Users/admin/.m2/repository/com/github/almasb/fxgl/17.2/fxgl-17.2.jar!/fxglassets/textures/particles/smoke.png
13:33:22.938 [FXGL Background Thread 1 ] DEBUG FXGLAssetLoaderServi - Loading from file system: jar:file:///C:/Users/admin/.m2/repository/com/github/almasb/fxgl/17.2/fxgl-17.2.jar!/fxglassets/textures/particles/trace_horizontal.png
13:33:22.986 [FXGL Background Thread 1 ] DEBUG FXGL.DefaultMenu     - createMenuBodyGameMenu()
13:33:22.989 [FXGL Background Thread 1 ] DEBUG FXGL.DefaultMenu     - createOptionsMenu()
13:33:23.021 [FXGL Background Thread 1 ] DEBUG GameApplicationServi - Application scenes initialized
13:33:23.046 [FXGL Background Thread 1 ] DEBUG SystemBundleService  - Loading FXGL system data
13:33:23.055 [FXGL Background Thread 1 ] DEBUG FileSystemAccess     - Reading from: C:\Users\admin\IdeaProjects\spaceInvaders\system\fxgl.bundle
13:33:23.068 [FXGL Background Thread 1 ] DEBUG SystemBundleService  - Bundle FXGL: {}
13:33:23.068 [FXGL Background Thread 1 ] DEBUG UpdaterService       - Checking for updates
13:33:23.078 [FXGL Background Thread 1 ] DEBUG FXGLApplication      - Loading default localization
13:33:23.079 [FXGL Background Thread 1 ] DEBUG FXGLAssetLoaderServi - Loading from file system: jar:file:///C:/Users/admin/.m2/repository/com/github/almasb/fxgl/17.2/fxgl-17.2.jar!/fxglassets/languages/english.lang
13:33:23.082 [FXGL Background Thread 4 ] DEBUG FXGLApplication      - Loading fonts
13:33:23.083 [FXGL Background Thread 4 ] DEBUG FXGLAssetLoaderServi - Loading from file system: jar:file:///C:/Users/admin/.m2/repository/com/github/almasb/fxgl/17.2/fxgl-17.2.jar!/fxglassets/ui/fonts/VarelaRound-Regular.ttf
13:33:23.108 [FXGL Background Thread 1 ] INFO  FXGLApplication      - FXGL initialization took: 0.795 sec
13:33:23.126 [JavaFX Application Thread] DEBUG Input                - Registered new binding: Move Left - A
13:33:23.127 [JavaFX Application Thread] DEBUG Input                - Registered new binding: Move Right - D
13:33:23.127 [JavaFX Application Thread] DEBUG Input                - Registered new binding: Fire Missile - Space
13:33:23.128 [JavaFX Application Thread] DEBUG FXGLAssetLoaderServi - Loading from file system: file:/C:/Users/admin/IdeaProjects/spaceInvaders/target/classes/assets/sounds/fire.wav
13:33:23.243 [JavaFX Application Thread] DEBUG FXGLAssetLoaderServi - Loading from file system: file:/C:/Users/admin/IdeaProjects/spaceInvaders/target/classes/assets/sounds/explosion.wav
13:33:23.247 [JavaFX Application Thread] DEBUG FXGLAssetLoaderServi - Loading from file system: file:/C:/Users/admin/IdeaProjects/spaceInvaders/target/classes/assets/music/music.mp3
13:33:23.386 [FXGL Background Thread 4 ] DEBUG FXGLAssetLoaderServi - Loading from file system: jar:file:///C:/Users/admin/.m2/repository/com/github/almasb/fxgl/17.2/fxgl-17.2.jar!/fxglassets/ui/fonts/Abel-Regular.ttf
13:33:23.392 [FXGL Background Thread 4 ] DEBUG FXGLAssetLoaderServi - Loading from file system: jar:file:///C:/Users/admin/.m2/repository/com/github/almasb/fxgl/17.2/fxgl-17.2.jar!/fxglassets/ui/fonts/TerminalLandMono-Regular.otf
13:33:23.397 [FXGL Background Thread 4 ] DEBUG FXGLAssetLoaderServi - Loading from file system: jar:file:///C:/Users/admin/.m2/repository/com/github/almasb/fxgl/17.2/fxgl-17.2.jar!/fxglassets/ui/fonts/Courier-Prime.ttf
13:33:23.433 [JavaFX Application Thread] DEBUG AudioPlayer          - Playing music com.almasb.fxgl.audio.Music@d0b10ea
13:33:23.435 [JavaFX Application Thread] DEBUG FXGLAssetLoaderServi - Loading from file system: jar:file:///C:/Users/admin/.m2/repository/com/github/almasb/fxgl/17.2/fxgl-17.2.jar!/fxglassets/textures/fxgl_icon.png
13:33:23.489 [JavaFX Application Thread] DEBUG FXGLAssetLoaderServi - Loading from file system: jar:file:///C:/Users/admin/.m2/repository/com/github/almasb/fxgl/17.2/fxgl-17.2.jar!/fxglassets/textures/fxgl_default_cursor.png
13:33:23.492 [JavaFX Application Thread] DEBUG Input                - Registered new binding: Screenshot - CTRL+8
13:33:23.493 [JavaFX Application Thread] DEBUG Input                - Registered new binding: System info dump - CTRL+9
13:33:23.493 [JavaFX Application Thread] DEBUG Input                - Registered new binding: Restart - CTRL+R
13:33:23.494 [JavaFX Application Thread] DEBUG Input                - Registered new binding: Toggle Debug Camera - CTRL+7
13:33:23.497 [JavaFX Application Thread] DEBUG LoopRunner           - Starting loop
13:33:23.497 [JavaFX Application Thread] DEBUG LoopRunner           - Initializing JavaFX AnimationTimerLoop
13:33:23.501 [JavaFX Application Thread] DEBUG Input                - Clearing active input actions
13:33:23.514 [JavaFX Application Thread] DEBUG GameApplicationServi - Removing overlay from SpaceInvadersScene and adding to FXGLMainMenuDummyScene
13:33:23.515 [JavaFX Application Thread] DEBUG PrimaryStageWindow   - SpaceInvadersScene -> FXGLMainMenuDummyScene
13:33:23.515 [JavaFX Application Thread] DEBUG PrimaryStageWindow   - Push state: FXGLDefaultMenu
13:33:23.526 [JavaFX Application Thread] DEBUG Input                - Clearing active input actions
13:33:23.536 [JavaFX Application Thread] DEBUG GameApplicationServi - Removing overlay from FXGLMainMenuDummyScene and adding to FXGLDefaultMenu
13:33:23.538 [JavaFX Application Thread] DEBUG PrimaryStageWindow   - FXGLMainMenuDummyScene -> FXGLDefaultMenu
13:33:23.565 [JavaFX Application Thread] DEBUG FXGLApplication      - Registering font factories with UI factory
13:33:23.785 [FXGL Background Thread 2 ] INFO  UpdaterService       - Your current version:  17.2
13:33:23.785 [FXGL Background Thread 2 ] INFO  UpdaterService       - Latest stable version: 17.3
13:33:26.074 [FXGL Background Thread 3 ] DEBUG Engine               - Logging environment variables
13:33:26.077 [FXGL Background Thread 3 ] DEBUG Engine               - achievements: []
13:33:26.077 [FXGL Background Thread 3 ] DEBUG Engine               - actualHeight: 800.0
13:33:26.077 [FXGL Background Thread 3 ] DEBUG Engine               - actualHeightProperty: ReadOnlyDoubleProperty [value: 800.0]
13:33:26.077 [FXGL Background Thread 3 ] DEBUG Engine               - actualWidth: 1280.0
13:33:26.078 [FXGL Background Thread 3 ] DEBUG Engine               - actualWidthProperty: ReadOnlyDoubleProperty [value: 1280.0]
13:33:26.078 [FXGL Background Thread 3 ] DEBUG Engine               - appIcon: fxgl_icon.png
13:33:26.078 [FXGL Background Thread 3 ] DEBUG Engine               - applicationMode: DEVELOPER
13:33:26.078 [FXGL Background Thread 3 ] DEBUG Engine               - cSSList: [fxgl_dark.css]
13:33:26.078 [FXGL Background Thread 3 ] DEBUG Engine               - collisionDetectionStrategy: BRUTE_FORCE
13:33:26.078 [FXGL Background Thread 3 ] DEBUG Engine               - configClass: Optional.empty
13:33:26.079 [FXGL Background Thread 3 ] DEBUG Engine               - credits: []
13:33:26.080 [FXGL Background Thread 3 ] DEBUG Engine               - defaultCursor: CursorInfo(imageName=fxgl_default_cursor.png, hotspotX=7.0, hotspotY=6.0)
13:33:26.080 [FXGL Background Thread 3 ] DEBUG Engine               - devBBoxColorProperty: ObjectProperty [value: 0xff0000ff]
13:33:26.081 [FXGL Background Thread 3 ] DEBUG Engine               - devEnableDebugCameraProperty: BooleanProperty [value: false]
13:33:26.081 [FXGL Background Thread 3 ] DEBUG Engine               - devSensorColorProperty: ObjectProperty [value: 0xffff00ff]
13:33:26.082 [FXGL Background Thread 3 ] DEBUG Engine               - devShowBBoxProperty: BooleanProperty [value: false]
13:33:26.082 [FXGL Background Thread 3 ] DEBUG Engine               - devShowPositionProperty: BooleanProperty [value: false]
13:33:26.082 [FXGL Background Thread 3 ] DEBUG Engine               - enabledMenuItems: []
13:33:26.082 [FXGL Background Thread 3 ] DEBUG Engine               - engineServices: [class com.almasb.fxgl.app.services.FXGLAssetLoaderService, class com.almasb.fxgl.app.FXGLApplication$GameApplicationService, class com.almasb.fxgl.app.services.FXGLDialogService, class com.almasb.fxgl.app.services.IOTaskExecutorService, class com.almasb.fxgl.io.FileSystemService, class com.almasb.fxgl.localization.LocalizationService, class com.almasb.fxgl.app.services.SystemBundleService, class com.almasb.fxgl.profile.SaveLoadService, class com.almasb.fxgl.ui.FXGLUIFactoryServiceProvider, class com.almasb.fxgl.ui.FXGLDialogFactoryServiceProvider, class com.almasb.fxgl.audio.AudioPlayer, class com.almasb.fxgl.notification.impl.NotificationServiceProvider, class com.almasb.fxgl.achievement.AchievementService, class com.almasb.fxgl.cutscene.CutsceneService, class com.almasb.fxgl.minigames.MiniGameService, class com.almasb.fxgl.net.NetService, class com.almasb.fxgl.app.services.UpdaterService, class com.almasb.fxgl.dev.DevService]
13:33:26.082 [FXGL Background Thread 3 ] DEBUG Engine               - fontGame: Abel-Regular.ttf
13:33:26.083 [FXGL Background Thread 3 ] DEBUG Engine               - fontMono: TerminalLandMono-Regular.otf
13:33:26.083 [FXGL Background Thread 3 ] DEBUG Engine               - fontText: Courier-Prime.ttf
13:33:26.083 [FXGL Background Thread 3 ] DEBUG Engine               - fontUI: VarelaRound-Regular.ttf
13:33:26.083 [FXGL Background Thread 3 ] DEBUG Engine               - fullScreen: BooleanProperty [value: false]
13:33:26.083 [FXGL Background Thread 3 ] DEBUG Engine               - gameDifficulty: MEDIUM
13:33:26.083 [FXGL Background Thread 3 ] DEBUG Engine               - gameDifficultyProperty: ObjectProperty [value: MEDIUM]
13:33:26.083 [FXGL Background Thread 3 ] DEBUG Engine               - globalMusicVolume: 0.5
13:33:26.083 [FXGL Background Thread 3 ] DEBUG Engine               - globalMusicVolumeProperty: DoubleProperty [value: 0.5]
13:33:26.084 [FXGL Background Thread 3 ] DEBUG Engine               - globalSoundVolume: 0.5
13:33:26.084 [FXGL Background Thread 3 ] DEBUG Engine               - globalSoundVolumeProperty: DoubleProperty [value: 0.5]
13:33:26.084 [FXGL Background Thread 3 ] DEBUG Engine               - height: 800
13:33:26.085 [FXGL Background Thread 3 ] DEBUG Engine               - is3D: false
13:33:26.085 [FXGL Background Thread 3 ] DEBUG Engine               - isAndroid: false
13:33:26.085 [FXGL Background Thread 3 ] DEBUG Engine               - isBrowser: false
13:33:26.085 [FXGL Background Thread 3 ] DEBUG Engine               - isClickFeedbackEnabled: false
13:33:26.085 [FXGL Background Thread 3 ] DEBUG Engine               - isCloseConfirmation: false
13:33:26.085 [FXGL Background Thread 3 ] DEBUG Engine               - isDesktop: true
13:33:26.085 [FXGL Background Thread 3 ] DEBUG Engine               - isDeveloperMenuEnabled: false
13:33:26.085 [FXGL Background Thread 3 ] DEBUG Engine               - isEmbedded: false
13:33:26.086 [FXGL Background Thread 3 ] DEBUG Engine               - isEntityPreloadEnabled: true
13:33:26.086 [FXGL Background Thread 3 ] DEBUG Engine               - isExperimentalTiledLargeMap: false
13:33:26.086 [FXGL Background Thread 3 ] DEBUG Engine               - isFileSystemWriteAllowed: true
13:33:26.086 [FXGL Background Thread 3 ] DEBUG Engine               - isFullScreenAllowed: false
13:33:26.086 [FXGL Background Thread 3 ] DEBUG Engine               - isFullScreenFromStart: false
13:33:26.087 [FXGL Background Thread 3 ] DEBUG Engine               - isGameMenuEnabled: true
13:33:26.087 [FXGL Background Thread 3 ] DEBUG Engine               - isIOS: false
13:33:26.087 [FXGL Background Thread 3 ] DEBUG Engine               - isIntroEnabled: false
13:33:26.087 [FXGL Background Thread 3 ] DEBUG Engine               - isLinux: false
13:33:26.087 [FXGL Background Thread 3 ] DEBUG Engine               - isMac: false
13:33:26.087 [FXGL Background Thread 3 ] DEBUG Engine               - isMainMenuEnabled: true
13:33:26.087 [FXGL Background Thread 3 ] DEBUG Engine               - isManualResizeEnabled: false
13:33:26.087 [FXGL Background Thread 3 ] DEBUG Engine               - isMobile: false
13:33:26.087 [FXGL Background Thread 3 ] DEBUG Engine               - isNative: false
13:33:26.087 [FXGL Background Thread 3 ] DEBUG Engine               - isPauseMusicWhenMinimized: true
13:33:26.087 [FXGL Background Thread 3 ] DEBUG Engine               - isPreserveResizeRatio: false
13:33:26.088 [FXGL Background Thread 3 ] DEBUG Engine               - isProfilingEnabled: false
13:33:26.088 [FXGL Background Thread 3 ] DEBUG Engine               - isScaleAffectedOnResize: true
13:33:26.088 [FXGL Background Thread 3 ] DEBUG Engine               - isSingleStep: false
13:33:26.088 [FXGL Background Thread 3 ] DEBUG Engine               - isUserProfileEnabled: false
13:33:26.088 [FXGL Background Thread 3 ] DEBUG Engine               - isWindows: true
13:33:26.088 [FXGL Background Thread 3 ] DEBUG Engine               - language: ObjectProperty [value: ENGLISH]
13:33:26.088 [FXGL Background Thread 3 ] DEBUG Engine               - menuKey: ESCAPE
13:33:26.088 [FXGL Background Thread 3 ] DEBUG Engine               - mouseSensitivity: 0.2
13:33:26.088 [FXGL Background Thread 3 ] DEBUG Engine               - notificationViewClass: class com.almasb.fxgl.notification.view.XboxNotificationView
13:33:26.088 [FXGL Background Thread 3 ] DEBUG Engine               - pixelsPerMeter: 50.0
13:33:26.088 [FXGL Background Thread 3 ] DEBUG Engine               - platform: WINDOWS
13:33:26.089 [FXGL Background Thread 3 ] DEBUG Engine               - prefHeightProperty: ReadOnlyDoubleProperty [value: 800.0]
13:33:26.089 [FXGL Background Thread 3 ] DEBUG Engine               - prefWidthProperty: ReadOnlyDoubleProperty [value: 1280.0]
13:33:26.089 [FXGL Background Thread 3 ] DEBUG Engine               - profileDir: profiles/
13:33:26.089 [FXGL Background Thread 3 ] DEBUG Engine               - profileName: StringProperty [value: DEFAULT]
13:33:26.089 [FXGL Background Thread 3 ] DEBUG Engine               - randomSeed: -1
13:33:26.090 [FXGL Background Thread 3 ] DEBUG Engine               - runtimeInfo: RuntimeInfo(platform=WINDOWS, version=17.2, build=20.08.2022 16.50)
13:33:26.090 [FXGL Background Thread 3 ] DEBUG Engine               - saveFileExt: sav
13:33:26.090 [FXGL Background Thread 3 ] DEBUG Engine               - scaledHeightProp$fxgl: DoubleProperty [bound, value: 800.0]
13:33:26.090 [FXGL Background Thread 3 ] DEBUG Engine               - scaledWidthProp$fxgl: DoubleProperty [bound, value: 1280.0]
13:33:26.091 [FXGL Background Thread 3 ] DEBUG Engine               - sceneFactory: com.is413.spaceinvaders.SpaceInvaders$1@22dcaf94
13:33:26.091 [FXGL Background Thread 3 ] DEBUG Engine               - secondsIn24h: 60
13:33:26.091 [FXGL Background Thread 3 ] DEBUG Engine               - soundMenuBack: menu/back.wav
13:33:26.091 [FXGL Background Thread 3 ] DEBUG Engine               - soundMenuPress: menu/press.wav
13:33:26.091 [FXGL Background Thread 3 ] DEBUG Engine               - soundMenuSelect: menu/select.wav
13:33:26.091 [FXGL Background Thread 3 ] DEBUG Engine               - soundNotification: core/notification.wav
13:33:26.091 [FXGL Background Thread 3 ] DEBUG Engine               - stageStyle: DECORATED
13:33:26.091 [FXGL Background Thread 3 ] DEBUG Engine               - supportedLanguages: [ENGLISH, FRENCH, GERMAN, HUNGARIAN, RUSSIAN]
13:33:26.092 [FXGL Background Thread 3 ] DEBUG Engine               - ticksPerSecond: -1
13:33:26.092 [FXGL Background Thread 3 ] DEBUG Engine               - title: Space Invaders
13:33:26.092 [FXGL Background Thread 3 ] DEBUG Engine               - urlGithub: https://github.com/AlmasB/FXGL
13:33:26.092 [FXGL Background Thread 3 ] DEBUG Engine               - urlLeaderboard: http://fxgl-top.herokuapp.com/
13:33:26.092 [FXGL Background Thread 3 ] DEBUG Engine               - urlPOM: https://raw.githubusercontent.com/AlmasB/FXGL/release/README.md
13:33:26.092 [FXGL Background Thread 3 ] DEBUG Engine               - userAppClass: class com.is413.spaceinvaders.SpaceInvaders
13:33:26.092 [FXGL Background Thread 3 ] DEBUG Engine               - version: 1.0 Beta
13:33:26.092 [FXGL Background Thread 3 ] DEBUG Engine               - versionCheckDays: 7
13:33:26.092 [FXGL Background Thread 3 ] DEBUG Engine               - width: 1280
13:33:26.093 [FXGL Background Thread 3 ] DEBUG Engine               - Logging services
13:33:26.093 [FXGL Background Thread 3 ] DEBUG Engine               - class com.almasb.fxgl.app.services.FXGLAssetLoaderService
13:33:26.093 [FXGL Background Thread 3 ] DEBUG Engine               - class com.almasb.fxgl.app.FXGLApplication$GameApplicationService
13:33:26.093 [FXGL Background Thread 3 ] DEBUG Engine               - class com.almasb.fxgl.app.services.FXGLDialogService
13:33:26.093 [FXGL Background Thread 3 ] DEBUG Engine               - class com.almasb.fxgl.app.services.IOTaskExecutorService
13:33:26.093 [FXGL Background Thread 3 ] DEBUG Engine               - class com.almasb.fxgl.io.FileSystemService
13:33:26.093 [FXGL Background Thread 3 ] DEBUG Engine               - class com.almasb.fxgl.localization.LocalizationService
13:33:26.093 [FXGL Background Thread 3 ] DEBUG Engine               - class com.almasb.fxgl.app.services.SystemBundleService
13:33:26.094 [FXGL Background Thread 3 ] DEBUG Engine               - class com.almasb.fxgl.profile.SaveLoadService
13:33:26.094 [FXGL Background Thread 3 ] DEBUG Engine               - class com.almasb.fxgl.ui.FXGLUIFactoryServiceProvider
13:33:26.094 [FXGL Background Thread 3 ] DEBUG Engine               - class com.almasb.fxgl.ui.FXGLDialogFactoryServiceProvider
13:33:26.094 [FXGL Background Thread 3 ] DEBUG Engine               - class com.almasb.fxgl.audio.AudioPlayer
13:33:26.094 [FXGL Background Thread 3 ] DEBUG Engine               - class com.almasb.fxgl.notification.impl.NotificationServiceProvider
13:33:26.094 [FXGL Background Thread 3 ] DEBUG Engine               - class com.almasb.fxgl.achievement.AchievementService
13:33:26.094 [FXGL Background Thread 3 ] DEBUG Engine               - class com.almasb.fxgl.cutscene.CutsceneService
13:33:26.094 [FXGL Background Thread 3 ] DEBUG Engine               - class com.almasb.fxgl.minigames.MiniGameService
13:33:26.095 [FXGL Background Thread 3 ] DEBUG Engine               - class com.almasb.fxgl.net.NetService
13:33:26.095 [FXGL Background Thread 3 ] DEBUG Engine               - class com.almasb.fxgl.app.services.UpdaterService
13:33:26.095 [FXGL Background Thread 3 ] DEBUG Engine               - class com.almasb.fxgl.dev.DevService
13:33:29.575 [JavaFX Application Thread] DEBUG FXGL.DefaultMenu     - createContentControls()
13:33:31.711 [JavaFX Application Thread] DEBUG PrimaryStageWindow   - Push state: PressAnyKeyState
13:33:31.712 [JavaFX Application Thread] DEBUG Input                - Clearing active input actions
13:33:31.713 [JavaFX Application Thread] DEBUG GameApplicationServi - Removing overlay from FXGLDefaultMenu and adding to PressAnyKeyState
13:33:31.714 [JavaFX Application Thread] DEBUG PrimaryStageWindow   - FXGLDefaultMenu -> PressAnyKeyState
13:33:32.867 [JavaFX Application Thread] DEBUG PrimaryStageWindow   - Pop state: PressAnyKeyState
13:33:32.867 [JavaFX Application Thread] DEBUG Input                - Clearing active input actions
13:33:32.868 [JavaFX Application Thread] DEBUG GameApplicationServi - Removing overlay from PressAnyKeyState and adding to FXGLDefaultMenu
13:33:32.868 [JavaFX Application Thread] DEBUG PrimaryStageWindow   - FXGLDefaultMenu <- PressAnyKeyState
13:33:34.810 [JavaFX Application Thread] DEBUG PrimaryStageWindow   - Push state: PressAnyKeyState
13:33:34.810 [JavaFX Application Thread] DEBUG Input                - Clearing active input actions
13:33:34.812 [JavaFX Application Thread] DEBUG GameApplicationServi - Removing overlay from FXGLDefaultMenu and adding to PressAnyKeyState
13:33:34.812 [JavaFX Application Thread] DEBUG PrimaryStageWindow   - FXGLDefaultMenu -> PressAnyKeyState
13:33:35.706 [JavaFX Application Thread] DEBUG PrimaryStageWindow   - Pop state: PressAnyKeyState
13:33:35.706 [JavaFX Application Thread] DEBUG Input                - Clearing active input actions
13:33:35.706 [JavaFX Application Thread] DEBUG GameApplicationServi - Removing overlay from PressAnyKeyState and adding to FXGLDefaultMenu
13:33:35.706 [JavaFX Application Thread] DEBUG PrimaryStageWindow   - FXGLDefaultMenu <- PressAnyKeyState
13:33:38.127 [JavaFX Application Thread] DEBUG FXGL.DefaultMenu     - createContentAudio()
13:33:44.425 [JavaFX Application Thread] DEBUG Menu                 - fireNewGame()
13:33:44.426 [JavaFX Application Thread] DEBUG GameApplicationServi - Starting new game
13:33:44.427 [JavaFX Application Thread] DEBUG PrimaryStageWindow   - Pop state: FXGLDefaultMenu
13:33:44.428 [JavaFX Application Thread] DEBUG Input                - Clearing active input actions
13:33:44.429 [JavaFX Application Thread] DEBUG GameApplicationServi - Removing overlay from FXGLDefaultMenu and adding to FXGLMainMenuDummyScene
13:33:44.430 [JavaFX Application Thread] DEBUG PrimaryStageWindow   - FXGLMainMenuDummyScene <- FXGLDefaultMenu
13:33:44.431 [JavaFX Application Thread] DEBUG Input                - Clearing active input actions
13:33:44.441 [JavaFX Application Thread] DEBUG GameApplicationServi - Removing overlay from FXGLMainMenuDummyScene and adding to FXGLLoadingScene
13:33:44.441 [JavaFX Application Thread] DEBUG PrimaryStageWindow   - FXGLMainMenuDummyScene -> FXGLLoadingScene
13:33:44.441 [JavaFX Application Thread] DEBUG GameApplicationServi - Clearing previous game
13:33:44.441 [JavaFX Application Thread] DEBUG GameScene            - Clearing game scene
13:33:44.442 [JavaFX Application Thread] DEBUG GameWorld            - Clearing game world
13:33:44.442 [JavaFX Application Thread] DEBUG PhysicsWorld         - Clearing physics world
13:33:44.446 [FXGL Background Thread 2 ] DEBUG FXGLApplication      - Initializing game
13:33:44.473 [FXGL Background Thread 2 ] INFO  FXGLApplication      - Game initialization took: 0.028 sec
13:33:44.483 [JavaFX Application Thread] DEBUG Input                - Clearing active input actions
13:33:44.493 [JavaFX Application Thread] DEBUG GameApplicationServi - Removing overlay from FXGLLoadingScene and adding to GameScene
13:33:44.493 [JavaFX Application Thread] DEBUG PrimaryStageWindow   - FXGLLoadingScene -> GameScene
13:33:46.559 [JavaFX Application Thread] DEBUG FXGLAssetLoaderServi - Loading from file system: file:/C:/Users/admin/IdeaProjects/spaceInvaders/target/classes/assets/textures/lv1.jpeg
13:33:46.583 [JavaFX Application Thread] DEBUG FXGLAssetLoaderServi - Loading from file system: file:/C:/Users/admin/IdeaProjects/spaceInvaders/target/classes/assets/textures/ship.png
13:33:47.191 [JavaFX Application Thread] DEBUG FXGLAssetLoaderServi - Loading from file system: file:/C:/Users/admin/IdeaProjects/spaceInvaders/target/classes/assets/textures/enemy/enemy%20(1).png
13:33:47.199 [JavaFX Application Thread] DEBUG FXGLAssetLoaderServi - Loading from file system: file:/C:/Users/admin/IdeaProjects/spaceInvaders/target/classes/assets/textures/enemy/enemy%20(2).png
13:33:47.208 [JavaFX Application Thread] DEBUG FXGLAssetLoaderServi - Loading from file system: file:/C:/Users/admin/IdeaProjects/spaceInvaders/target/classes/assets/textures/enemy/enemy%20(3).png
13:33:47.215 [JavaFX Application Thread] DEBUG FXGLAssetLoaderServi - Loading from file system: file:/C:/Users/admin/IdeaProjects/spaceInvaders/target/classes/assets/textures/enemy/enemy%20(4).png
13:33:47.223 [JavaFX Application Thread] DEBUG FXGLAssetLoaderServi - Loading from file system: file:/C:/Users/admin/IdeaProjects/spaceInvaders/target/classes/assets/textures/enemy/enemy%20(5).png
13:33:47.228 [JavaFX Application Thread] DEBUG FXGLAssetLoaderServi - Loading from file system: file:/C:/Users/admin/IdeaProjects/spaceInvaders/target/classes/assets/textures/enemy/enemy%20(6).png
13:33:47.233 [JavaFX Application Thread] DEBUG FXGLAssetLoaderServi - Loading from file system: file:/C:/Users/admin/IdeaProjects/spaceInvaders/target/classes/assets/textures/enemy/enemy%20(7).png
13:33:47.238 [JavaFX Application Thread] DEBUG FXGLAssetLoaderServi - Loading from file system: file:/C:/Users/admin/IdeaProjects/spaceInvaders/target/classes/assets/textures/enemy/enemy%20(8).png
13:33:47.242 [JavaFX Application Thread] DEBUG FXGLAssetLoaderServi - Loading from file system: file:/C:/Users/admin/IdeaProjects/spaceInvaders/target/classes/assets/textures/enemy/enemy%20(9).png
13:33:47.247 [JavaFX Application Thread] DEBUG FXGLAssetLoaderServi - Loading from file system: file:/C:/Users/admin/IdeaProjects/spaceInvaders/target/classes/assets/textures/enemy/enemy%20(10).png
13:33:47.915 [JavaFX Application Thread] DEBUG FXGLAssetLoaderServi - Loading from file system: file:/C:/Users/admin/IdeaProjects/spaceInvaders/target/classes/assets/textures/missile.png
13:33:49.319 [JavaFX Application Thread] DEBUG FXGLAssetLoaderServi - Loading from file system: file:/C:/Users/admin/IdeaProjects/spaceInvaders/target/classes/assets/textures/explode/Bomb_3_Explosion_002.png
13:33:49.351 [JavaFX Application Thread] DEBUG FXGLAssetLoaderServi - Loading from file system: file:/C:/Users/admin/IdeaProjects/spaceInvaders/target/classes/assets/textures/explode/Bomb_3_Explosion_003.png
13:33:49.384 [JavaFX Application Thread] DEBUG FXGLAssetLoaderServi - Loading from file system: file:/C:/Users/admin/IdeaProjects/spaceInvaders/target/classes/assets/textures/explode/Bomb_3_Explosion_004.png
13:33:49.421 [JavaFX Application Thread] DEBUG FXGLAssetLoaderServi - Loading from file system: file:/C:/Users/admin/IdeaProjects/spaceInvaders/target/classes/assets/textures/explode/Bomb_3_Explosion_005.png
13:33:49.451 [JavaFX Application Thread] DEBUG FXGLAssetLoaderServi - Loading from file system: file:/C:/Users/admin/IdeaProjects/spaceInvaders/target/classes/assets/textures/explode/Bomb_3_Explosion_006.png
13:33:49.472 [JavaFX Application Thread] DEBUG FXGLAssetLoaderServi - Loading from file system: file:/C:/Users/admin/IdeaProjects/spaceInvaders/target/classes/assets/textures/explode/Bomb_3_Explosion_007.png
13:33:49.493 [JavaFX Application Thread] DEBUG FXGLAssetLoaderServi - Loading from file system: file:/C:/Users/admin/IdeaProjects/spaceInvaders/target/classes/assets/textures/explode/Bomb_3_Explosion_008.png
13:34:09.742 [JavaFX Application Thread] DEBUG PrimaryStageWindow   - Push state: DialogSubScene
13:34:09.743 [JavaFX Application Thread] DEBUG Input                - Clearing active input actions
13:34:09.746 [JavaFX Application Thread] DEBUG GameApplicationServi - Removing overlay from GameScene and adding to DialogSubScene
13:34:09.747 [JavaFX Application Thread] DEBUG PrimaryStageWindow   - GameScene -> DialogSubScene
13:34:19.886 [JavaFX Application Thread] DEBUG PrimaryStageWindow   - Pop state: DialogSubScene
13:34:19.886 [JavaFX Application Thread] DEBUG Input                - Clearing active input actions
13:34:19.887 [JavaFX Application Thread] DEBUG GameApplicationServi - Removing overlay from DialogSubScene and adding to GameScene
13:34:19.887 [JavaFX Application Thread] DEBUG PrimaryStageWindow   - GameScene <- DialogSubScene
13:34:19.887 [JavaFX Application Thread] DEBUG GameApplicationServi - Starting new game
13:34:19.887 [JavaFX Application Thread] DEBUG Input                - Clearing active input actions
13:34:19.893 [JavaFX Application Thread] DEBUG GameApplicationServi - Removing overlay from GameScene and adding to FXGLLoadingScene
13:34:19.893 [JavaFX Application Thread] DEBUG PrimaryStageWindow   - GameScene -> FXGLLoadingScene
13:34:19.893 [JavaFX Application Thread] DEBUG GameApplicationServi - Clearing previous game
13:34:19.893 [JavaFX Application Thread] DEBUG GameScene            - Clearing game scene
13:34:19.893 [JavaFX Application Thread] DEBUG GameWorld            - Clearing game world
13:34:19.894 [JavaFX Application Thread] DEBUG PhysicsWorld         - Clearing physics world
13:34:19.894 [FXGL Background Thread 2 ] DEBUG FXGLApplication      - Initializing game
13:34:19.896 [FXGL Background Thread 2 ] INFO  FXGLApplication      - Game initialization took: 0.001 sec
13:34:19.899 [JavaFX Application Thread] DEBUG Input                - Clearing active input actions
13:34:19.914 [JavaFX Application Thread] DEBUG GameApplicationServi - Removing overlay from FXGLLoadingScene and adding to GameScene
13:34:19.916 [JavaFX Application Thread] DEBUG PrimaryStageWindow   - FXGLLoadingScene -> GameScene
13:35:11.447 [JavaFX Application Thread] DEBUG PrimaryStageWindow   - Push state: DialogSubScene
13:35:11.447 [JavaFX Application Thread] DEBUG Input                - Clearing active input actions
13:35:11.449 [JavaFX Application Thread] DEBUG GameApplicationServi - Removing overlay from GameScene and adding to DialogSubScene
13:35:11.449 [JavaFX Application Thread] DEBUG PrimaryStageWindow   - GameScene -> DialogSubScene
13:35:16.461 [JavaFX Application Thread] DEBUG PrimaryStageWindow   - Pop state: DialogSubScene
13:35:16.461 [JavaFX Application Thread] DEBUG Input                - Clearing active input actions
13:35:16.461 [JavaFX Application Thread] DEBUG GameApplicationServi - Removing overlay from DialogSubScene and adding to GameScene
13:35:16.462 [JavaFX Application Thread] DEBUG PrimaryStageWindow   - GameScene <- DialogSubScene
13:35:16.463 [JavaFX Application Thread] DEBUG GameApplicationServi - Starting new game
13:35:16.463 [JavaFX Application Thread] DEBUG Input                - Clearing active input actions
13:35:16.467 [JavaFX Application Thread] DEBUG GameApplicationServi - Removing overlay from GameScene and adding to FXGLLoadingScene
13:35:16.468 [JavaFX Application Thread] DEBUG PrimaryStageWindow   - GameScene -> FXGLLoadingScene
13:35:16.468 [JavaFX Application Thread] DEBUG GameApplicationServi - Clearing previous game
13:35:16.468 [JavaFX Application Thread] DEBUG GameScene            - Clearing game scene
13:35:16.468 [JavaFX Application Thread] DEBUG GameWorld            - Clearing game world
13:35:16.468 [JavaFX Application Thread] DEBUG PhysicsWorld         - Clearing physics world
13:35:16.468 [FXGL Background Thread 2 ] DEBUG FXGLApplication      - Initializing game
13:35:16.469 [FXGL Background Thread 2 ] INFO  FXGLApplication      - Game initialization took: 0.001 sec
13:35:16.469 [JavaFX Application Thread] DEBUG Input                - Clearing active input actions
13:35:16.473 [JavaFX Application Thread] DEBUG GameApplicationServi - Removing overlay from FXGLLoadingScene and adding to GameScene
13:35:16.474 [JavaFX Application Thread] DEBUG PrimaryStageWindow   - FXGLLoadingScene -> GameScene
13:35:22.021 [JavaFX Application Thread] DEBUG PrimaryStageWindow   - Push state: FXGLDefaultMenu
13:35:22.021 [JavaFX Application Thread] DEBUG Input                - Clearing active input actions
13:35:22.022 [JavaFX Application Thread] DEBUG GameApplicationServi - Removing overlay from GameScene and adding to FXGLDefaultMenu
13:35:22.022 [JavaFX Application Thread] DEBUG PrimaryStageWindow   - GameScene -> FXGLDefaultMenu
13:35:23.702 [JavaFX Application Thread] DEBUG Menu                 - fireExitToMainMenu()
13:35:23.707 [JavaFX Application Thread] DEBUG PrimaryStageWindow   - Push state: DialogSubScene
13:35:23.707 [JavaFX Application Thread] DEBUG Input                - Clearing active input actions
13:35:23.708 [JavaFX Application Thread] DEBUG GameApplicationServi - Removing overlay from FXGLDefaultMenu and adding to DialogSubScene
13:35:23.708 [JavaFX Application Thread] DEBUG PrimaryStageWindow   - FXGLDefaultMenu -> DialogSubScene
13:35:24.945 [JavaFX Application Thread] DEBUG PrimaryStageWindow   - Pop state: DialogSubScene
13:35:24.945 [JavaFX Application Thread] DEBUG Input                - Clearing active input actions
13:35:24.945 [JavaFX Application Thread] DEBUG GameApplicationServi - Removing overlay from DialogSubScene and adding to FXGLDefaultMenu
13:35:24.946 [JavaFX Application Thread] DEBUG PrimaryStageWindow   - FXGLDefaultMenu <- DialogSubScene
13:35:24.946 [JavaFX Application Thread] DEBUG PrimaryStageWindow   - Pop state: FXGLDefaultMenu
13:35:24.947 [JavaFX Application Thread] DEBUG Input                - Clearing active input actions
13:35:24.947 [JavaFX Application Thread] DEBUG GameApplicationServi - Removing overlay from FXGLDefaultMenu and adding to GameScene
13:35:24.947 [JavaFX Application Thread] DEBUG PrimaryStageWindow   - GameScene <- FXGLDefaultMenu
13:35:24.947 [JavaFX Application Thread] DEBUG Input                - Clearing active input actions
13:35:24.950 [JavaFX Application Thread] DEBUG GameApplicationServi - Removing overlay from GameScene and adding to FXGLMainMenuDummyScene
13:35:24.950 [JavaFX Application Thread] DEBUG PrimaryStageWindow   - GameScene -> FXGLMainMenuDummyScene
13:35:24.950 [JavaFX Application Thread] DEBUG PrimaryStageWindow   - Push state: FXGLDefaultMenu
13:35:24.951 [JavaFX Application Thread] DEBUG Input                - Clearing active input actions
13:35:24.951 [JavaFX Application Thread] DEBUG GameApplicationServi - Removing overlay from FXGLMainMenuDummyScene and adding to FXGLDefaultMenu
13:35:24.952 [JavaFX Application Thread] DEBUG PrimaryStageWindow   - FXGLMainMenuDummyScene -> FXGLDefaultMenu
13:35:26.703 [JavaFX Application Thread] DEBUG Menu                 - fireExit()
13:35:26.705 [JavaFX Application Thread] DEBUG PrimaryStageWindow   - Push state: DialogSubScene
13:35:26.706 [JavaFX Application Thread] DEBUG Input                - Clearing active input actions
13:35:26.706 [JavaFX Application Thread] DEBUG GameApplicationServi - Removing overlay from FXGLDefaultMenu and adding to DialogSubScene
13:35:26.706 [JavaFX Application Thread] DEBUG PrimaryStageWindow   - FXGLDefaultMenu -> DialogSubScene
13:35:27.552 [JavaFX Application Thread] DEBUG PrimaryStageWindow   - Pop state: DialogSubScene
13:35:27.552 [JavaFX Application Thread] DEBUG Input                - Clearing active input actions
13:35:27.553 [JavaFX Application Thread] DEBUG GameApplicationServi - Removing overlay from DialogSubScene and adding to FXGLDefaultMenu
13:35:27.553 [JavaFX Application Thread] DEBUG PrimaryStageWindow   - FXGLDefaultMenu <- DialogSubScene
13:35:27.553 [JavaFX Application Thread] DEBUG FXGLApplication      - Exiting FXGL
13:35:27.553 [JavaFX Application Thread] DEBUG LoopRunner           - Stopping loop
13:35:27.553 [JavaFX Application Thread] DEBUG SystemBundleService  - Saving FXGL system data
13:35:27.554 [JavaFX Application Thread] DEBUG FileSystemAccess     - Writing to: C:\Users\admin\IdeaProjects\spaceInvaders\system\fxgl.bundle
13:35:27.557 [JavaFX Application Thread] DEBUG Async                - Shutting down background threads
13:35:27.557 [JavaFX Application Thread] DEBUG PrimaryStageWindow   - Closing main window
13:35:27.573 [JavaFX Application Thread] DEBUG Logger               - Closing Logger
